[7.478s] Invoking command in '/home/asgard/farmbot/build/farmbot_autonomous_pkg': PYTHONPATH=/home/asgard/farmbot/build/farmbot_autonomous_pkg/prefix_override:/usr/lib/python3/dist-packages/colcon_core/task/python/colcon_distutils_commands:/home/asgard/farmbot/install/farmbot_autonomous_pkg/lib/python3.10/site-packages:${PYTHONPATH} /usr/bin/python3 -W ignore:setup.py install is deprecated -W ignore:easy_install command is deprecated setup.py develop --editable --build-directory /home/asgard/farmbot/build/farmbot_autonomous_pkg/build --no-deps symlink_data
[7.864s] running develop
[8.264s] running egg_info
[8.265s] writing farmbot_autonomous_pkg.egg-info/PKG-INFO
[8.265s] writing dependency_links to farmbot_autonomous_pkg.egg-info/dependency_links.txt
[8.265s] writing entry points to farmbot_autonomous_pkg.egg-info/entry_points.txt
[8.265s] writing requirements to farmbot_autonomous_pkg.egg-info/requires.txt
[8.265s] writing top-level names to farmbot_autonomous_pkg.egg-info/top_level.txt
[8.269s] reading manifest file 'farmbot_autonomous_pkg.egg-info/SOURCES.txt'
[8.545s] writing manifest file 'farmbot_autonomous_pkg.egg-info/SOURCES.txt'
[8.964s] running build_ext
[8.964s] Creating /home/asgard/farmbot/install/farmbot_autonomous_pkg/lib/python3.10/site-packages/farmbot-autonomous-pkg.egg-link (link to .)
[9.092s] Installing gps_pose_bridge script to /home/asgard/farmbot/install/farmbot_autonomous_pkg/lib/farmbot_autonomous_pkg
[9.093s] Installing gps_publisher script to /home/asgard/farmbot/install/farmbot_autonomous_pkg/lib/farmbot_autonomous_pkg
[9.094s] Installing vis_odem_node script to /home/asgard/farmbot/install/farmbot_autonomous_pkg/lib/farmbot_autonomous_pkg
[9.094s] Installing vision_node script to /home/asgard/farmbot/install/farmbot_autonomous_pkg/lib/farmbot_autonomous_pkg
[9.095s] Installing visual_imu script to /home/asgard/farmbot/install/farmbot_autonomous_pkg/lib/farmbot_autonomous_pkg
[9.096s] Installing yolo_node script to /home/asgard/farmbot/install/farmbot_autonomous_pkg/lib/farmbot_autonomous_pkg
[9.097s] 
[9.097s] Installed /home/asgard/farmbot/build/farmbot_autonomous_pkg
[9.097s] running symlink_data
[9.271s] Invoked command in '/home/asgard/farmbot/build/farmbot_autonomous_pkg' returned '0': PYTHONPATH=/home/asgard/farmbot/build/farmbot_autonomous_pkg/prefix_override:/usr/lib/python3/dist-packages/colcon_core/task/python/colcon_distutils_commands:/home/asgard/farmbot/install/farmbot_autonomous_pkg/lib/python3.10/site-packages:${PYTHONPATH} /usr/bin/python3 -W ignore:setup.py install is deprecated -W ignore:easy_install command is deprecated setup.py develop --editable --build-directory /home/asgard/farmbot/build/farmbot_autonomous_pkg/build --no-deps symlink_data
