[3.873s] Invoking command in '/home/asgard/farmbot/build/farmbot_autonomous_pkg': PYTHONPATH=/home/asgard/farmbot/build/farmbot_autonomous_pkg/prefix_override:/usr/lib/python3/dist-packages/colcon_core/task/python/colcon_distutils_commands:/home/asgard/farmbot/install/farmbot_autonomous_pkg/lib/python3.10/site-packages:${PYTHONPATH} /usr/bin/python3 -W ignore:setup.py install is deprecated -W ignore:easy_install command is deprecated setup.py develop --editable --build-directory /home/asgard/farmbot/build/farmbot_autonomous_pkg/build --no-deps symlink_data
[4.176s] running develop
[4.518s] running egg_info
[4.518s] writing farmbot_autonomous_pkg.egg-info/PKG-INFO
[4.518s] writing dependency_links to farmbot_autonomous_pkg.egg-info/dependency_links.txt
[4.518s] writing entry points to farmbot_autonomous_pkg.egg-info/entry_points.txt
[4.518s] writing requirements to farmbot_autonomous_pkg.egg-info/requires.txt
[4.518s] writing top-level names to farmbot_autonomous_pkg.egg-info/top_level.txt
[4.520s] reading manifest file 'farmbot_autonomous_pkg.egg-info/SOURCES.txt'
[4.593s] writing manifest file 'farmbot_autonomous_pkg.egg-info/SOURCES.txt'
[4.666s] running build_ext
[4.666s] Creating /home/asgard/farmbot/install/farmbot_autonomous_pkg/lib/python3.10/site-packages/farmbot-autonomous-pkg.egg-link (link to .)
[4.667s] Installing gps_pose_bridge script to /home/asgard/farmbot/install/farmbot_autonomous_pkg/lib/farmbot_autonomous_pkg
[4.667s] Installing gps_publisher script to /home/asgard/farmbot/install/farmbot_autonomous_pkg/lib/farmbot_autonomous_pkg
[4.667s] Installing vis_odem_node script to /home/asgard/farmbot/install/farmbot_autonomous_pkg/lib/farmbot_autonomous_pkg
[4.667s] Installing vision_node script to /home/asgard/farmbot/install/farmbot_autonomous_pkg/lib/farmbot_autonomous_pkg
[4.667s] Installing visual_imu script to /home/asgard/farmbot/install/farmbot_autonomous_pkg/lib/farmbot_autonomous_pkg
[4.667s] Installing yolo_node script to /home/asgard/farmbot/install/farmbot_autonomous_pkg/lib/farmbot_autonomous_pkg
[4.667s] 
[4.667s] Installed /home/asgard/farmbot/build/farmbot_autonomous_pkg
[4.667s] running symlink_data
[4.715s] symbolically linking /home/asgard/farmbot/build/farmbot_autonomous_pkg/launch/vio.launch.py -> /home/asgard/farmbot/install/farmbot_autonomous_pkg/share/farmbot_autonomous_pkg/launch
[4.761s] Invoked command in '/home/asgard/farmbot/build/farmbot_autonomous_pkg' returned '0': PYTHONPATH=/home/asgard/farmbot/build/farmbot_autonomous_pkg/prefix_override:/usr/lib/python3/dist-packages/colcon_core/task/python/colcon_distutils_commands:/home/asgard/farmbot/install/farmbot_autonomous_pkg/lib/python3.10/site-packages:${PYTHONPATH} /usr/bin/python3 -W ignore:setup.py install is deprecated -W ignore:easy_install command is deprecated setup.py develop --editable --build-directory /home/asgard/farmbot/build/farmbot_autonomous_pkg/build --no-deps symlink_data
