running develop
Removing /home/asgard/farmbot/install/farmbot_autonomous_pkg/lib/python3.10/site-packages/farmbot-autonomous-pkg.egg-link (link to .)
running egg_info
writing ../../build/farmbot_autonomous_pkg/farmbot_autonomous_pkg.egg-info/PKG-INFO
writing dependency_links to ../../build/farmbot_autonomous_pkg/farmbot_autonomous_pkg.egg-info/dependency_links.txt
writing entry points to ../../build/farmbot_autonomous_pkg/farmbot_autonomous_pkg.egg-info/entry_points.txt
writing requirements to ../../build/farmbot_autonomous_pkg/farmbot_autonomous_pkg.egg-info/requires.txt
writing top-level names to ../../build/farmbot_autonomous_pkg/farmbot_autonomous_pkg.egg-info/top_level.txt
reading manifest file '../../build/farmbot_autonomous_pkg/farmbot_autonomous_pkg.egg-info/SOURCES.txt'
writing manifest file '../../build/farmbot_autonomous_pkg/farmbot_autonomous_pkg.egg-info/SOURCES.txt'
running build
running build_py
copying farmbot_autonomous_pkg/vis_odem_node.py -> /home/asgard/farmbot/build/farmbot_autonomous_pkg/build/lib/farmbot_autonomous_pkg
running install
running install_lib
creating /home/asgard/farmbot/install/farmbot_autonomous_pkg/lib/python3.10/site-packages/farmbot_autonomous_pkg
copying /home/asgard/farmbot/build/farmbot_autonomous_pkg/build/lib/farmbot_autonomous_pkg/__init__.py -> /home/asgard/farmbot/install/farmbot_autonomous_pkg/lib/python3.10/site-packages/farmbot_autonomous_pkg
copying /home/asgard/farmbot/build/farmbot_autonomous_pkg/build/lib/farmbot_autonomous_pkg/vis_odem_node.py -> /home/asgard/farmbot/install/farmbot_autonomous_pkg/lib/python3.10/site-packages/farmbot_autonomous_pkg
copying /home/asgard/farmbot/build/farmbot_autonomous_pkg/build/lib/farmbot_autonomous_pkg/vision_node.py -> /home/asgard/farmbot/install/farmbot_autonomous_pkg/lib/python3.10/site-packages/farmbot_autonomous_pkg
byte-compiling /home/asgard/farmbot/install/farmbot_autonomous_pkg/lib/python3.10/site-packages/farmbot_autonomous_pkg/__init__.py to __init__.cpython-310.pyc
byte-compiling /home/asgard/farmbot/install/farmbot_autonomous_pkg/lib/python3.10/site-packages/farmbot_autonomous_pkg/vis_odem_node.py to vis_odem_node.cpython-310.pyc
byte-compiling /home/asgard/farmbot/install/farmbot_autonomous_pkg/lib/python3.10/site-packages/farmbot_autonomous_pkg/vision_node.py to vision_node.cpython-310.pyc
running install_data
copying resource/farmbot_autonomous_pkg -> /home/asgard/farmbot/install/farmbot_autonomous_pkg/share/ament_index/resource_index/packages
copying package.xml -> /home/asgard/farmbot/install/farmbot_autonomous_pkg/share/farmbot_autonomous_pkg
copying launch/world_gazebo.launch.py -> /home/asgard/farmbot/install/farmbot_autonomous_pkg/share/farmbot_autonomous_pkg/launch
copying launch/vision_odometry.launch.py -> /home/asgard/farmbot/install/farmbot_autonomous_pkg/share/farmbot_autonomous_pkg/launch
copying worlds/farmland.world -> /home/asgard/farmbot/install/farmbot_autonomous_pkg/share/farmbot_autonomous_pkg/worlds
running install_egg_info
Copying ../../build/farmbot_autonomous_pkg/farmbot_autonomous_pkg.egg-info to /home/asgard/farmbot/install/farmbot_autonomous_pkg/lib/python3.10/site-packages/farmbot_autonomous_pkg-0.0.0-py3.10.egg-info
running install_scripts
Installing vis_odem_node script to /home/asgard/farmbot/install/farmbot_autonomous_pkg/lib/farmbot_autonomous_pkg
Installing vision_node script to /home/asgard/farmbot/install/farmbot_autonomous_pkg/lib/farmbot_autonomous_pkg
writing list of installed files to '/home/asgard/farmbot/build/farmbot_autonomous_pkg/install.log'
