[0.009s] Invoking command in '/home/asgard/farmbot/build/rtabmap_conversions': AMENT_PREFIX_PATH=/home/asgard/farmbot/install/rtabmap_msgs:${AMENT_PREFIX_PATH} CMAKE_PREFIX_PATH=/home/asgard/farmbot/install/rtabmap_msgs:/home/asgard/husky_ws/install/husky_desktop:/home/asgard/husky_ws/install/husky_viz:/home/asgard/husky_ws/install/husky_simulator:/home/asgard/husky_ws/install/husky_robot:/home/asgard/husky_ws/install/husky_bringup:/home/asgard/husky_ws/install/husky_base:/home/asgard/husky_ws/install/husky_msgs:/home/asgard/husky_ws/install/husky_gazebo:/home/asgard/husky_ws/install/husky_control:/home/asgard/husky_ws/install/husky_description:/home/asgard/farmbot/install/rtabmap_ros:/home/asgard/farmbot/install/farmbot_autonomous_pkg:/home/asgard/placement/install/self_driving_car_pkg:/opt/ros/humble LD_LIBRARY_PATH=/home/asgard/farmbot/install/rtabmap_msgs/lib:/home/asgard/husky_ws/install/husky_base/lib:/home/asgard/husky_ws/install/husky_msgs/lib:/usr/lib/x86_64-linux-gnu/gazebo-11/plugins:/opt/ros/humble/opt/rviz_ogre_vendor/lib:/opt/ros/humble/lib/x86_64-linux-gnu:/opt/ros/humble/lib:/usr/share/gazebo/../../lib/x86_64-linux-gnu/gazebo-11/plugins:/usr/lib/x86_64-linux-gnu/gazebo-11/plugins:/usr/share/gazebo/../../lib/x86_64-linux-gnu/gazebo-11/plugins PYTHONPATH=/home/asgard/farmbot/install/rtabmap_msgs/local/lib/python3.10/dist-packages:${PYTHONPATH} /usr/bin/cmake /home/asgard/farmbot/src/rtabmap_ros/rtabmap_conversions -DAMENT_CMAKE_SYMLINK_INSTALL=1 -DCMAKE_INSTALL_PREFIX=/home/asgard/farmbot/install/rtabmap_conversions
[0.061s] -- The C compiler identification is GNU 11.4.0
[0.110s] -- The CXX compiler identification is GNU 11.4.0
[0.117s] -- Detecting C compiler ABI info
[0.181s] -- Detecting C compiler ABI info - done
[0.188s] -- Check for working C compiler: /usr/bin/cc - skipped
[0.188s] -- Detecting C compile features
[0.189s] -- Detecting C compile features - done
[0.191s] -- Detecting CXX compiler ABI info
[0.279s] -- Detecting CXX compiler ABI info - done
[0.288s] -- Check for working CXX compiler: /usr/bin/c++ - skipped
[0.288s] -- Detecting CXX compile features
[0.288s] -- Detecting CXX compile features - done
[0.293s] -- Found ament_cmake: 1.3.11 (/opt/ros/humble/share/ament_cmake/cmake)
[0.436s] -- Found Python3: /usr/bin/python3 (found version "3.10.12") found components: Interpreter 
[0.496s] -- Override CMake install command with custom implementation using symlinks instead of copying resources
[0.740s] -- Found cv_bridge: 3.2.1 (/opt/ros/humble/share/cv_bridge/cmake)
[1.016s] -- Found rosidl_generator_c: 3.1.6 (/opt/ros/humble/share/rosidl_generator_c/cmake)
[1.023s] -- Found rosidl_adapter: 3.1.6 (/opt/ros/humble/share/rosidl_adapter/cmake)
[1.034s] -- Found rosidl_generator_cpp: 3.1.6 (/opt/ros/humble/share/rosidl_generator_cpp/cmake)
[1.048s] -- Using all available rosidl_typesupport_c: rosidl_typesupport_fastrtps_c;rosidl_typesupport_introspection_c
[1.067s] -- Using all available rosidl_typesupport_cpp: rosidl_typesupport_fastrtps_cpp;rosidl_typesupport_introspection_cpp
[1.187s] -- Found image_geometry: 3.2.1 (/opt/ros/humble/share/image_geometry/cmake)
[1.274s] -- Found laser_geometry: 2.4.0 (/opt/ros/humble/share/laser_geometry/cmake)
[1.876s] -- Found rmw_implementation_cmake: 6.1.2 (/opt/ros/humble/share/rmw_implementation_cmake/cmake)
[1.921s] -- Found rmw_fastrtps_cpp: 6.2.7 (/opt/ros/humble/share/rmw_fastrtps_cpp/cmake)
[2.498s] -- Found OpenSSL: /usr/lib/x86_64-linux-gnu/libcrypto.so (found version "3.0.2")  
[2.627s] -- Found FastRTPS: /opt/ros/humble/include  
[2.687s] -- Using RMW implementation 'rmw_fastrtps_cpp' as default
[2.809s] -- Looking for pthread.h
[2.907s] -- Looking for pthread.h - found
[2.908s] -- Performing Test CMAKE_HAVE_LIBC_PTHREAD
[2.981s] -- Performing Test CMAKE_HAVE_LIBC_PTHREAD - Success
[2.983s] -- Found Threads: TRUE  
[3.358s] -- Found pcl_conversions: 2.4.5 (/opt/ros/humble/share/pcl_conversions/cmake)
[3.653s] -- Checking for module 'eigen3'
[3.695s] --   Found eigen3, version 3.4.0
[3.789s] -- Found Eigen: /usr/include/eigen3 (Required is at least version "3.1") 
[3.789s] -- Eigen found (include: /usr/include/eigen3, version: 3.4.0)
[4.034s] -- Checking for module 'flann'
[4.067s] --   Found flann, version 1.9.1
[4.113s] -- Found FLANN: /usr/lib/x86_64-linux-gnu/libflann_cpp.so  
[4.113s] -- FLANN found (include: /usr/include, lib: /usr/lib/x86_64-linux-gnu/libflann_cpp.so)
[6.788s] -- Checking for module 'libusb-1.0'
[6.818s] --   Found libusb-1.0, version 1.0.25
[6.848s] -- Found libusb: /usr/lib/x86_64-linux-gnu/libusb-1.0.so  
[6.857s] -- OpenNI found (version: 1.5.4.0, include: /usr/include/ni, lib: /usr/lib/libOpenNI.so;libusb::libusb)
[6.915s] -- OpenNI2 found (version: 2.2.0.33, include: /usr/include/openni2, lib: /usr/lib/x86_64-linux-gnu/libOpenNI2.so;libusb::libusb)
[7.096s] -- Eigen found (include: /usr/include/eigen3, version: 3.4.0)
[7.102s] -- OpenNI found (version: 1.5.4.0, include: /usr/include/ni, lib: /usr/lib/libOpenNI.so;libusb::libusb)
[7.108s] -- OpenNI2 found (version: 2.2.0.33, include: /usr/include/openni2, lib: /usr/lib/x86_64-linux-gnu/libOpenNI2.so;libusb::libusb)
[7.545s] -- Found Qhull version 8.0.2
[7.730s] -- OpenNI found (version: 1.5.4.0, include: /usr/include/ni, lib: /usr/lib/libOpenNI.so;libusb::libusb)
[7.886s] -- Found PCL_COMMON: /usr/lib/x86_64-linux-gnu/libpcl_common.so  
[7.887s] -- Found PCL_KDTREE: /usr/lib/x86_64-linux-gnu/libpcl_kdtree.so  
[8.067s] -- Found PCL_OCTREE: /usr/lib/x86_64-linux-gnu/libpcl_octree.so  
[8.067s] -- Found PCL_SEARCH: /usr/lib/x86_64-linux-gnu/libpcl_search.so  
[8.074s] -- Found PCL_SAMPLE_CONSENSUS: /usr/lib/x86_64-linux-gnu/libpcl_sample_consensus.so  
[8.075s] -- Found PCL_FILTERS: /usr/lib/x86_64-linux-gnu/libpcl_filters.so  
[8.075s] -- Found PCL_2D: /usr/include/pcl-1.12  
[8.075s] -- Found PCL_GEOMETRY: /usr/include/pcl-1.12  
[8.077s] -- Found PCL_IO: /usr/lib/x86_64-linux-gnu/libpcl_io.so  
[8.078s] -- Found PCL_FEATURES: /usr/lib/x86_64-linux-gnu/libpcl_features.so  
[8.079s] -- Found PCL_ML: /usr/lib/x86_64-linux-gnu/libpcl_ml.so  
[8.080s] -- Found PCL_SEGMENTATION: /usr/lib/x86_64-linux-gnu/libpcl_segmentation.so  
[8.081s] -- Found PCL_VISUALIZATION: /usr/lib/x86_64-linux-gnu/libpcl_visualization.so  
[8.082s] -- Found PCL_SURFACE: /usr/lib/x86_64-linux-gnu/libpcl_surface.so  
[8.083s] -- Found PCL_REGISTRATION: /usr/lib/x86_64-linux-gnu/libpcl_registration.so  
[8.085s] -- Found PCL_KEYPOINTS: /usr/lib/x86_64-linux-gnu/libpcl_keypoints.so  
[8.086s] -- Found PCL_TRACKING: /usr/lib/x86_64-linux-gnu/libpcl_tracking.so  
[8.087s] -- Found PCL_RECOGNITION: /usr/lib/x86_64-linux-gnu/libpcl_recognition.so  
[8.088s] -- Found PCL_STEREO: /usr/lib/x86_64-linux-gnu/libpcl_stereo.so  
[8.089s] -- Found PCL_APPS: /usr/lib/x86_64-linux-gnu/libpcl_apps.so  
[8.090s] -- Found PCL_IN_HAND_SCANNER: /usr/include/pcl-1.12  
[8.091s] -- Found PCL_MODELER: /usr/include/pcl-1.12  
[8.120s] -- Found PCL_POINT_CLOUD_EDITOR: /usr/include/pcl-1.12  
[8.122s] -- Found PCL_OUTOFCORE: /usr/lib/x86_64-linux-gnu/libpcl_outofcore.so  
[8.123s] -- Found PCL_PEOPLE: /usr/lib/x86_64-linux-gnu/libpcl_people.so  
[8.127s] -- Found rtabmap_msgs: 0.21.10 (/home/asgard/farmbot/install/rtabmap_msgs/share/rtabmap_msgs/cmake)
[8.304s] -- Found tf2_eigen: 0.25.12 (/opt/ros/humble/share/tf2_eigen/cmake)
[9.308s] -- Found tf2_geometry_msgs: 0.25.12 (/opt/ros/humble/share/tf2_geometry_msgs/cmake)
[9.565s] -- Found Eigen3: TRUE (found version "3.4.0") 
[9.566s] -- Ensuring Eigen3 include directory is part of orocos-kdl CMake target
[9.615s] -- Found OpenCV: /usr (found version "4.5.4") found components: core calib3d imgproc highgui stitching photo video aruco objdetect missing components: xfeatures2d nonfree gpu cudafeatures2d
[9.616s] [33mCMake Warning (dev) at /usr/share/cmake-3.22/Modules/CMakeFindDependencyMacro.cmake:47 (find_package):
[9.616s]   Policy CMP0074 is not set: find_package uses <PackageName>_ROOT variables.
[9.617s]   Run "cmake --help-policy CMP0074" for policy details.  Use the cmake_policy
[9.617s]   command to set the policy and suppress this warning.
[9.617s] 
[9.617s]   CMake variable PCL_ROOT is set to:
[9.617s] 
[9.618s]     /usr
[9.618s] 
[9.618s]   For compatibility, CMake is ignoring the variable.
[9.618s] Call Stack (most recent call first):
[9.618s]   /opt/ros/humble/lib/x86_64-linux-gnu/rtabmap-0.21/RTABMapConfig.cmake:7 (find_dependency)
[9.619s]   CMakeLists.txt:22 (find_package)
[9.619s] This warning is for project developers.  Use -Wno-dev to suppress it.
[9.619s] [0m
[9.760s] -- Configuring done
[10.526s] -- Generating done
[10.544s] -- Build files have been written to: /home/asgard/farmbot/build/rtabmap_conversions
[10.561s] Invoked command in '/home/asgard/farmbot/build/rtabmap_conversions' returned '0': AMENT_PREFIX_PATH=/home/asgard/farmbot/install/rtabmap_msgs:${AMENT_PREFIX_PATH} CMAKE_PREFIX_PATH=/home/asgard/farmbot/install/rtabmap_msgs:/home/asgard/husky_ws/install/husky_desktop:/home/asgard/husky_ws/install/husky_viz:/home/asgard/husky_ws/install/husky_simulator:/home/asgard/husky_ws/install/husky_robot:/home/asgard/husky_ws/install/husky_bringup:/home/asgard/husky_ws/install/husky_base:/home/asgard/husky_ws/install/husky_msgs:/home/asgard/husky_ws/install/husky_gazebo:/home/asgard/husky_ws/install/husky_control:/home/asgard/husky_ws/install/husky_description:/home/asgard/farmbot/install/rtabmap_ros:/home/asgard/farmbot/install/farmbot_autonomous_pkg:/home/asgard/placement/install/self_driving_car_pkg:/opt/ros/humble LD_LIBRARY_PATH=/home/asgard/farmbot/install/rtabmap_msgs/lib:/home/asgard/husky_ws/install/husky_base/lib:/home/asgard/husky_ws/install/husky_msgs/lib:/usr/lib/x86_64-linux-gnu/gazebo-11/plugins:/opt/ros/humble/opt/rviz_ogre_vendor/lib:/opt/ros/humble/lib/x86_64-linux-gnu:/opt/ros/humble/lib:/usr/share/gazebo/../../lib/x86_64-linux-gnu/gazebo-11/plugins:/usr/lib/x86_64-linux-gnu/gazebo-11/plugins:/usr/share/gazebo/../../lib/x86_64-linux-gnu/gazebo-11/plugins PYTHONPATH=/home/asgard/farmbot/install/rtabmap_msgs/local/lib/python3.10/dist-packages:${PYTHONPATH} /usr/bin/cmake /home/asgard/farmbot/src/rtabmap_ros/rtabmap_conversions -DAMENT_CMAKE_SYMLINK_INSTALL=1 -DCMAKE_INSTALL_PREFIX=/home/asgard/farmbot/install/rtabmap_conversions
[10.563s] Invoking command in '/home/asgard/farmbot/build/rtabmap_conversions': AMENT_PREFIX_PATH=/home/asgard/farmbot/install/rtabmap_msgs:${AMENT_PREFIX_PATH} CMAKE_PREFIX_PATH=/home/asgard/farmbot/install/rtabmap_msgs:/home/asgard/husky_ws/install/husky_desktop:/home/asgard/husky_ws/install/husky_viz:/home/asgard/husky_ws/install/husky_simulator:/home/asgard/husky_ws/install/husky_robot:/home/asgard/husky_ws/install/husky_bringup:/home/asgard/husky_ws/install/husky_base:/home/asgard/husky_ws/install/husky_msgs:/home/asgard/husky_ws/install/husky_gazebo:/home/asgard/husky_ws/install/husky_control:/home/asgard/husky_ws/install/husky_description:/home/asgard/farmbot/install/rtabmap_ros:/home/asgard/farmbot/install/farmbot_autonomous_pkg:/home/asgard/placement/install/self_driving_car_pkg:/opt/ros/humble LD_LIBRARY_PATH=/home/asgard/farmbot/install/rtabmap_msgs/lib:/home/asgard/husky_ws/install/husky_base/lib:/home/asgard/husky_ws/install/husky_msgs/lib:/usr/lib/x86_64-linux-gnu/gazebo-11/plugins:/opt/ros/humble/opt/rviz_ogre_vendor/lib:/opt/ros/humble/lib/x86_64-linux-gnu:/opt/ros/humble/lib:/usr/share/gazebo/../../lib/x86_64-linux-gnu/gazebo-11/plugins:/usr/lib/x86_64-linux-gnu/gazebo-11/plugins:/usr/share/gazebo/../../lib/x86_64-linux-gnu/gazebo-11/plugins PYTHONPATH=/home/asgard/farmbot/install/rtabmap_msgs/local/lib/python3.10/dist-packages:${PYTHONPATH} /usr/bin/cmake --build /home/asgard/farmbot/build/rtabmap_conversions -- -j12 -l12
[10.612s] [ 50%] [32mBuilding CXX object CMakeFiles/rtabmap_conversions.dir/src/MsgConversion.cpp.o[0m
[31.928s] [100%] [32m[1mLinking CXX shared library librtabmap_conversions.so[0m
[35.608s] [100%] Built target rtabmap_conversions
[35.618s] Invoked command in '/home/asgard/farmbot/build/rtabmap_conversions' returned '0': AMENT_PREFIX_PATH=/home/asgard/farmbot/install/rtabmap_msgs:${AMENT_PREFIX_PATH} CMAKE_PREFIX_PATH=/home/asgard/farmbot/install/rtabmap_msgs:/home/asgard/husky_ws/install/husky_desktop:/home/asgard/husky_ws/install/husky_viz:/home/asgard/husky_ws/install/husky_simulator:/home/asgard/husky_ws/install/husky_robot:/home/asgard/husky_ws/install/husky_bringup:/home/asgard/husky_ws/install/husky_base:/home/asgard/husky_ws/install/husky_msgs:/home/asgard/husky_ws/install/husky_gazebo:/home/asgard/husky_ws/install/husky_control:/home/asgard/husky_ws/install/husky_description:/home/asgard/farmbot/install/rtabmap_ros:/home/asgard/farmbot/install/farmbot_autonomous_pkg:/home/asgard/placement/install/self_driving_car_pkg:/opt/ros/humble LD_LIBRARY_PATH=/home/asgard/farmbot/install/rtabmap_msgs/lib:/home/asgard/husky_ws/install/husky_base/lib:/home/asgard/husky_ws/install/husky_msgs/lib:/usr/lib/x86_64-linux-gnu/gazebo-11/plugins:/opt/ros/humble/opt/rviz_ogre_vendor/lib:/opt/ros/humble/lib/x86_64-linux-gnu:/opt/ros/humble/lib:/usr/share/gazebo/../../lib/x86_64-linux-gnu/gazebo-11/plugins:/usr/lib/x86_64-linux-gnu/gazebo-11/plugins:/usr/share/gazebo/../../lib/x86_64-linux-gnu/gazebo-11/plugins PYTHONPATH=/home/asgard/farmbot/install/rtabmap_msgs/local/lib/python3.10/dist-packages:${PYTHONPATH} /usr/bin/cmake --build /home/asgard/farmbot/build/rtabmap_conversions -- -j12 -l12
[35.619s] Invoking command in '/home/asgard/farmbot/build/rtabmap_conversions': AMENT_PREFIX_PATH=/home/asgard/farmbot/install/rtabmap_msgs:${AMENT_PREFIX_PATH} CMAKE_PREFIX_PATH=/home/asgard/farmbot/install/rtabmap_msgs:/home/asgard/husky_ws/install/husky_desktop:/home/asgard/husky_ws/install/husky_viz:/home/asgard/husky_ws/install/husky_simulator:/home/asgard/husky_ws/install/husky_robot:/home/asgard/husky_ws/install/husky_bringup:/home/asgard/husky_ws/install/husky_base:/home/asgard/husky_ws/install/husky_msgs:/home/asgard/husky_ws/install/husky_gazebo:/home/asgard/husky_ws/install/husky_control:/home/asgard/husky_ws/install/husky_description:/home/asgard/farmbot/install/rtabmap_ros:/home/asgard/farmbot/install/farmbot_autonomous_pkg:/home/asgard/placement/install/self_driving_car_pkg:/opt/ros/humble LD_LIBRARY_PATH=/home/asgard/farmbot/install/rtabmap_msgs/lib:/home/asgard/husky_ws/install/husky_base/lib:/home/asgard/husky_ws/install/husky_msgs/lib:/usr/lib/x86_64-linux-gnu/gazebo-11/plugins:/opt/ros/humble/opt/rviz_ogre_vendor/lib:/opt/ros/humble/lib/x86_64-linux-gnu:/opt/ros/humble/lib:/usr/share/gazebo/../../lib/x86_64-linux-gnu/gazebo-11/plugins:/usr/lib/x86_64-linux-gnu/gazebo-11/plugins:/usr/share/gazebo/../../lib/x86_64-linux-gnu/gazebo-11/plugins PYTHONPATH=/home/asgard/farmbot/install/rtabmap_msgs/local/lib/python3.10/dist-packages:${PYTHONPATH} /usr/bin/cmake --install /home/asgard/farmbot/build/rtabmap_conversions
[35.626s] -- Install configuration: ""
[35.626s] -- Execute custom install script
[35.626s] -- Symlinking: /home/asgard/farmbot/install/rtabmap_conversions/share/rtabmap_conversions/environment/library_path.sh
[35.634s] -- Symlinking: /home/asgard/farmbot/install/rtabmap_conversions/share/rtabmap_conversions/environment/library_path.dsv
[35.641s] -- Symlinking: /home/asgard/farmbot/install/rtabmap_conversions/share/ament_index/resource_index/package_run_dependencies/rtabmap_conversions
[35.648s] -- Symlinking: /home/asgard/farmbot/install/rtabmap_conversions/share/ament_index/resource_index/parent_prefix_path/rtabmap_conversions
[35.656s] -- Symlinking: /home/asgard/farmbot/install/rtabmap_conversions/share/rtabmap_conversions/environment/ament_prefix_path.sh
[35.663s] -- Symlinking: /home/asgard/farmbot/install/rtabmap_conversions/share/rtabmap_conversions/environment/ament_prefix_path.dsv
[35.673s] -- Symlinking: /home/asgard/farmbot/install/rtabmap_conversions/share/rtabmap_conversions/environment/path.sh
[35.682s] -- Symlinking: /home/asgard/farmbot/install/rtabmap_conversions/share/rtabmap_conversions/environment/path.dsv
[35.690s] -- Symlinking: /home/asgard/farmbot/install/rtabmap_conversions/share/rtabmap_conversions/local_setup.bash
[35.697s] -- Symlinking: /home/asgard/farmbot/install/rtabmap_conversions/share/rtabmap_conversions/local_setup.sh
[35.704s] -- Symlinking: /home/asgard/farmbot/install/rtabmap_conversions/share/rtabmap_conversions/local_setup.zsh
[35.711s] -- Symlinking: /home/asgard/farmbot/install/rtabmap_conversions/share/rtabmap_conversions/local_setup.dsv
[35.718s] -- Symlinking: /home/asgard/farmbot/install/rtabmap_conversions/share/rtabmap_conversions/package.dsv
[35.725s] -- Symlinking: /home/asgard/farmbot/install/rtabmap_conversions/share/ament_index/resource_index/packages/rtabmap_conversions
[35.732s] -- Symlinking: /home/asgard/farmbot/install/rtabmap_conversions/share/rtabmap_conversions/cmake/ament_cmake_export_dependencies-extras.cmake
[35.740s] -- Symlinking: /home/asgard/farmbot/install/rtabmap_conversions/share/rtabmap_conversions/cmake/ament_cmake_export_include_directories-extras.cmake
[35.747s] -- Symlinking: /home/asgard/farmbot/install/rtabmap_conversions/share/rtabmap_conversions/cmake/ament_cmake_export_targets-extras.cmake
[35.754s] -- Symlinking: /home/asgard/farmbot/install/rtabmap_conversions/share/rtabmap_conversions/cmake/ament_cmake_export_libraries-extras.cmake
[35.762s] -- Symlinking: /home/asgard/farmbot/install/rtabmap_conversions/share/rtabmap_conversions/cmake/rtabmap_conversionsConfig.cmake
[35.769s] -- Symlinking: /home/asgard/farmbot/install/rtabmap_conversions/share/rtabmap_conversions/cmake/rtabmap_conversionsConfig-version.cmake
[35.778s] -- Symlinking: /home/asgard/farmbot/install/rtabmap_conversions/share/rtabmap_conversions/package.xml
[35.786s] -- Installing: /home/asgard/farmbot/install/rtabmap_conversions/lib/librtabmap_conversions.so
[35.788s] -- Set runtime path of "/home/asgard/farmbot/install/rtabmap_conversions/lib/librtabmap_conversions.so" to ""
[35.788s] -- Installing: /home/asgard/farmbot/install/rtabmap_conversions/include
[35.788s] -- Installing: /home/asgard/farmbot/install/rtabmap_conversions/include/rtabmap_conversions
[35.788s] -- Installing: /home/asgard/farmbot/install/rtabmap_conversions/include/rtabmap_conversions/MsgConversion.h
[35.788s] -- Installing: /home/asgard/farmbot/install/rtabmap_conversions/share/rtabmap_conversions/cmake/rtabmap_conversionsExport.cmake
[35.788s] -- Installing: /home/asgard/farmbot/install/rtabmap_conversions/share/rtabmap_conversions/cmake/rtabmap_conversionsExport-noconfig.cmake
[35.790s] Invoked command in '/home/asgard/farmbot/build/rtabmap_conversions' returned '0': AMENT_PREFIX_PATH=/home/asgard/farmbot/install/rtabmap_msgs:${AMENT_PREFIX_PATH} CMAKE_PREFIX_PATH=/home/asgard/farmbot/install/rtabmap_msgs:/home/asgard/husky_ws/install/husky_desktop:/home/asgard/husky_ws/install/husky_viz:/home/asgard/husky_ws/install/husky_simulator:/home/asgard/husky_ws/install/husky_robot:/home/asgard/husky_ws/install/husky_bringup:/home/asgard/husky_ws/install/husky_base:/home/asgard/husky_ws/install/husky_msgs:/home/asgard/husky_ws/install/husky_gazebo:/home/asgard/husky_ws/install/husky_control:/home/asgard/husky_ws/install/husky_description:/home/asgard/farmbot/install/rtabmap_ros:/home/asgard/farmbot/install/farmbot_autonomous_pkg:/home/asgard/placement/install/self_driving_car_pkg:/opt/ros/humble LD_LIBRARY_PATH=/home/asgard/farmbot/install/rtabmap_msgs/lib:/home/asgard/husky_ws/install/husky_base/lib:/home/asgard/husky_ws/install/husky_msgs/lib:/usr/lib/x86_64-linux-gnu/gazebo-11/plugins:/opt/ros/humble/opt/rviz_ogre_vendor/lib:/opt/ros/humble/lib/x86_64-linux-gnu:/opt/ros/humble/lib:/usr/share/gazebo/../../lib/x86_64-linux-gnu/gazebo-11/plugins:/usr/lib/x86_64-linux-gnu/gazebo-11/plugins:/usr/share/gazebo/../../lib/x86_64-linux-gnu/gazebo-11/plugins PYTHONPATH=/home/asgard/farmbot/install/rtabmap_msgs/local/lib/python3.10/dist-packages:${PYTHONPATH} /usr/bin/cmake --install /home/asgard/farmbot/build/rtabmap_conversions
