[0.844s] DEBUG:colcon:Command line arguments: ['/usr/bin/colcon', 'build']
[0.844s] DEBUG:colcon:Parsed command line arguments: Namespace(log_base=None, log_level=None, verb_name='build', build_base='build', install_base='install', merge_install=False, symlink_install=False, test_result_base=None, continue_on_error=False, executor='parallel', parallel_workers=12, event_handlers=None, ignore_user_meta=False, metas=['./colcon.meta'], base_paths=['.'], packages_ignore=None, packages_ignore_regex=None, paths=None, packages_up_to=None, packages_up_to_regex=None, packages_above=None, packages_above_and_dependencies=None, packages_above_depth=None, packages_select_by_dep=None, packages_skip_by_dep=None, packages_skip_up_to=None, packages_select_build_failed=False, packages_skip_build_finished=False, packages_select_test_failures=False, packages_skip_test_passed=False, packages_select=None, packages_skip=None, packages_select_regex=None, packages_skip_regex=None, packages_start=None, packages_end=None, allow_overriding=[], cmake_args=None, cmake_target=None, cmake_target_skip_unavailable=False, cmake_clean_cache=False, cmake_clean_first=False, cmake_force_configure=False, ament_cmake_args=None, catkin_cmake_args=None, catkin_skip_building_tests=False, mixin_files=None, mixin=None, verb_parser=<colcon_mixin.mixin.mixin_argument.MixinArgumentDecorator object at 0x78672dc9c6d0>, verb_extension=<colcon_core.verb.build.BuildVerb object at 0x78672dc9c220>, main=<bound method BuildVerb.main of <colcon_core.verb.build.BuildVerb object at 0x78672dc9c220>>, mixin_verb=('build',))
[6.030s] Level 1:colcon.colcon_core.package_discovery:discover_packages(colcon_meta) check parameters
[6.031s] Level 1:colcon.colcon_core.package_discovery:discover_packages(recursive) check parameters
[6.031s] Level 1:colcon.colcon_core.package_discovery:discover_packages(ignore) check parameters
[6.031s] Level 1:colcon.colcon_core.package_discovery:discover_packages(path) check parameters
[6.031s] Level 1:colcon.colcon_core.package_discovery:discover_packages(colcon_meta) discover
[6.031s] Level 1:colcon.colcon_core.package_discovery:discover_packages(recursive) discover
[6.032s] INFO:colcon.colcon_core.package_discovery:Crawling recursively for packages in '/home/asgard/farmbot'
[6.032s] Level 1:colcon.colcon_core.package_identification:_identify(.) by extensions ['ignore', 'ignore_ament_install']
[6.032s] Level 1:colcon.colcon_core.package_identification:_identify(.) by extension 'ignore'
[6.033s] Level 1:colcon.colcon_core.package_identification:_identify(.) by extension 'ignore_ament_install'
[6.033s] Level 1:colcon.colcon_core.package_identification:_identify(.) by extensions ['colcon_pkg']
[6.033s] Level 1:colcon.colcon_core.package_identification:_identify(.) by extension 'colcon_pkg'
[6.033s] Level 1:colcon.colcon_core.package_identification:_identify(.) by extensions ['colcon_meta']
[6.033s] Level 1:colcon.colcon_core.package_identification:_identify(.) by extension 'colcon_meta'
[6.034s] Level 1:colcon.colcon_core.package_identification:_identify(.) by extensions ['ros']
[6.034s] Level 1:colcon.colcon_core.package_identification:_identify(.) by extension 'ros'
[6.073s] Level 1:colcon.colcon_core.package_identification:_identify(.) by extensions ['cmake', 'python']
[6.073s] Level 1:colcon.colcon_core.package_identification:_identify(.) by extension 'cmake'
[6.073s] Level 1:colcon.colcon_core.package_identification:_identify(.) by extension 'python'
[6.073s] Level 1:colcon.colcon_core.package_identification:_identify(.) by extensions ['python_setup_py']
[6.073s] Level 1:colcon.colcon_core.package_identification:_identify(.) by extension 'python_setup_py'
[6.073s] Level 1:colcon.colcon_core.package_identification:_identify(build) by extensions ['ignore', 'ignore_ament_install']
[6.074s] Level 1:colcon.colcon_core.package_identification:_identify(build) by extension 'ignore'
[6.074s] Level 1:colcon.colcon_core.package_identification:_identify(build) ignored
[6.074s] Level 1:colcon.colcon_core.package_identification:_identify(install) by extensions ['ignore', 'ignore_ament_install']
[6.074s] Level 1:colcon.colcon_core.package_identification:_identify(install) by extension 'ignore'
[6.074s] Level 1:colcon.colcon_core.package_identification:_identify(install) ignored
[6.074s] Level 1:colcon.colcon_core.package_identification:_identify(log) by extensions ['ignore', 'ignore_ament_install']
[6.074s] Level 1:colcon.colcon_core.package_identification:_identify(log) by extension 'ignore'
[6.074s] Level 1:colcon.colcon_core.package_identification:_identify(log) ignored
[6.074s] Level 1:colcon.colcon_core.package_identification:_identify(src) by extensions ['ignore', 'ignore_ament_install']
[6.075s] Level 1:colcon.colcon_core.package_identification:_identify(src) by extension 'ignore'
[6.075s] Level 1:colcon.colcon_core.package_identification:_identify(src) by extension 'ignore_ament_install'
[6.075s] Level 1:colcon.colcon_core.package_identification:_identify(src) by extensions ['colcon_pkg']
[6.075s] Level 1:colcon.colcon_core.package_identification:_identify(src) by extension 'colcon_pkg'
[6.075s] Level 1:colcon.colcon_core.package_identification:_identify(src) by extensions ['colcon_meta']
[6.075s] Level 1:colcon.colcon_core.package_identification:_identify(src) by extension 'colcon_meta'
[6.075s] Level 1:colcon.colcon_core.package_identification:_identify(src) by extensions ['ros']
[6.075s] Level 1:colcon.colcon_core.package_identification:_identify(src) by extension 'ros'
[6.075s] Level 1:colcon.colcon_core.package_identification:_identify(src) by extensions ['cmake', 'python']
[6.075s] Level 1:colcon.colcon_core.package_identification:_identify(src) by extension 'cmake'
[6.075s] Level 1:colcon.colcon_core.package_identification:_identify(src) by extension 'python'
[6.075s] Level 1:colcon.colcon_core.package_identification:_identify(src) by extensions ['python_setup_py']
[6.075s] Level 1:colcon.colcon_core.package_identification:_identify(src) by extension 'python_setup_py'
[6.075s] Level 1:colcon.colcon_core.package_identification:_identify(src/build) by extensions ['ignore', 'ignore_ament_install']
[6.075s] Level 1:colcon.colcon_core.package_identification:_identify(src/build) by extension 'ignore'
[6.076s] Level 1:colcon.colcon_core.package_identification:_identify(src/build) ignored
[6.076s] Level 1:colcon.colcon_core.package_identification:_identify(src/computer_vision) by extensions ['ignore', 'ignore_ament_install']
[6.076s] Level 1:colcon.colcon_core.package_identification:_identify(src/computer_vision) by extension 'ignore'
[6.076s] Level 1:colcon.colcon_core.package_identification:_identify(src/computer_vision) by extension 'ignore_ament_install'
[6.076s] Level 1:colcon.colcon_core.package_identification:_identify(src/computer_vision) by extensions ['colcon_pkg']
[6.076s] Level 1:colcon.colcon_core.package_identification:_identify(src/computer_vision) by extension 'colcon_pkg'
[6.076s] Level 1:colcon.colcon_core.package_identification:_identify(src/computer_vision) by extensions ['colcon_meta']
[6.076s] Level 1:colcon.colcon_core.package_identification:_identify(src/computer_vision) by extension 'colcon_meta'
[6.076s] Level 1:colcon.colcon_core.package_identification:_identify(src/computer_vision) by extensions ['ros']
[6.076s] Level 1:colcon.colcon_core.package_identification:_identify(src/computer_vision) by extension 'ros'
[6.076s] Level 1:colcon.colcon_core.package_identification:_identify(src/computer_vision) by extensions ['cmake', 'python']
[6.076s] Level 1:colcon.colcon_core.package_identification:_identify(src/computer_vision) by extension 'cmake'
[6.076s] Level 1:colcon.colcon_core.package_identification:_identify(src/computer_vision) by extension 'python'
[6.076s] Level 1:colcon.colcon_core.package_identification:_identify(src/computer_vision) by extensions ['python_setup_py']
[6.076s] Level 1:colcon.colcon_core.package_identification:_identify(src/computer_vision) by extension 'python_setup_py'
[6.077s] Level 1:colcon.colcon_core.package_identification:_identify(src/farmbot_autonomous_pkg) by extensions ['ignore', 'ignore_ament_install']
[6.077s] Level 1:colcon.colcon_core.package_identification:_identify(src/farmbot_autonomous_pkg) by extension 'ignore'
[6.077s] Level 1:colcon.colcon_core.package_identification:_identify(src/farmbot_autonomous_pkg) by extension 'ignore_ament_install'
[6.077s] Level 1:colcon.colcon_core.package_identification:_identify(src/farmbot_autonomous_pkg) by extensions ['colcon_pkg']
[6.077s] Level 1:colcon.colcon_core.package_identification:_identify(src/farmbot_autonomous_pkg) by extension 'colcon_pkg'
[6.077s] Level 1:colcon.colcon_core.package_identification:_identify(src/farmbot_autonomous_pkg) by extensions ['colcon_meta']
[6.077s] Level 1:colcon.colcon_core.package_identification:_identify(src/farmbot_autonomous_pkg) by extension 'colcon_meta'
[6.077s] Level 1:colcon.colcon_core.package_identification:_identify(src/farmbot_autonomous_pkg) by extensions ['ros']
[6.077s] Level 1:colcon.colcon_core.package_identification:_identify(src/farmbot_autonomous_pkg) by extension 'ros'
[6.096s] DEBUG:colcon.colcon_core.package_identification:Package 'src/farmbot_autonomous_pkg' with type 'ros.ament_python' and name 'farmbot_autonomous_pkg'
[6.096s] Level 1:colcon.colcon_core.package_identification:_identify(src/gps_publisher_ros2humble) by extensions ['ignore', 'ignore_ament_install']
[6.096s] Level 1:colcon.colcon_core.package_identification:_identify(src/gps_publisher_ros2humble) by extension 'ignore'
[6.096s] Level 1:colcon.colcon_core.package_identification:_identify(src/gps_publisher_ros2humble) by extension 'ignore_ament_install'
[6.096s] Level 1:colcon.colcon_core.package_identification:_identify(src/gps_publisher_ros2humble) by extensions ['colcon_pkg']
[6.097s] Level 1:colcon.colcon_core.package_identification:_identify(src/gps_publisher_ros2humble) by extension 'colcon_pkg'
[6.097s] Level 1:colcon.colcon_core.package_identification:_identify(src/gps_publisher_ros2humble) by extensions ['colcon_meta']
[6.097s] Level 1:colcon.colcon_core.package_identification:_identify(src/gps_publisher_ros2humble) by extension 'colcon_meta'
[6.097s] Level 1:colcon.colcon_core.package_identification:_identify(src/gps_publisher_ros2humble) by extensions ['ros']
[6.097s] Level 1:colcon.colcon_core.package_identification:_identify(src/gps_publisher_ros2humble) by extension 'ros'
[6.103s] DEBUG:colcon.colcon_core.package_identification:Package 'src/gps_publisher_ros2humble' with type 'ros.ament_cmake' and name 'ros_pospac_bridge'
[6.104s] Level 1:colcon.colcon_core.package_identification:_identify(src/install) by extensions ['ignore', 'ignore_ament_install']
[6.104s] Level 1:colcon.colcon_core.package_identification:_identify(src/install) by extension 'ignore'
[6.104s] Level 1:colcon.colcon_core.package_identification:_identify(src/install) ignored
[6.104s] Level 1:colcon.colcon_core.package_identification:_identify(src/log) by extensions ['ignore', 'ignore_ament_install']
[6.104s] Level 1:colcon.colcon_core.package_identification:_identify(src/log) by extension 'ignore'
[6.104s] Level 1:colcon.colcon_core.package_identification:_identify(src/log) ignored
[6.104s] Level 1:colcon.colcon_core.package_identification:_identify(videos) by extensions ['ignore', 'ignore_ament_install']
[6.104s] Level 1:colcon.colcon_core.package_identification:_identify(videos) by extension 'ignore'
[6.104s] Level 1:colcon.colcon_core.package_identification:_identify(videos) by extension 'ignore_ament_install'
[6.104s] Level 1:colcon.colcon_core.package_identification:_identify(videos) by extensions ['colcon_pkg']
[6.105s] Level 1:colcon.colcon_core.package_identification:_identify(videos) by extension 'colcon_pkg'
[6.105s] Level 1:colcon.colcon_core.package_identification:_identify(videos) by extensions ['colcon_meta']
[6.105s] Level 1:colcon.colcon_core.package_identification:_identify(videos) by extension 'colcon_meta'
[6.105s] Level 1:colcon.colcon_core.package_identification:_identify(videos) by extensions ['ros']
[6.105s] Level 1:colcon.colcon_core.package_identification:_identify(videos) by extension 'ros'
[6.105s] Level 1:colcon.colcon_core.package_identification:_identify(videos) by extensions ['cmake', 'python']
[6.105s] Level 1:colcon.colcon_core.package_identification:_identify(videos) by extension 'cmake'
[6.105s] Level 1:colcon.colcon_core.package_identification:_identify(videos) by extension 'python'
[6.105s] Level 1:colcon.colcon_core.package_identification:_identify(videos) by extensions ['python_setup_py']
[6.105s] Level 1:colcon.colcon_core.package_identification:_identify(videos) by extension 'python_setup_py'
[6.105s] Level 1:colcon.colcon_core.package_discovery:discover_packages(recursive) using defaults
[6.105s] Level 1:colcon.colcon_core.package_discovery:discover_packages(ignore) discover
[6.105s] Level 1:colcon.colcon_core.package_discovery:discover_packages(ignore) using defaults
[6.105s] Level 1:colcon.colcon_core.package_discovery:discover_packages(path) discover
[6.105s] Level 1:colcon.colcon_core.package_discovery:discover_packages(path) using defaults
[6.343s] Level 1:colcon.colcon_core.package_discovery:discover_packages(prefix_path) check parameters
[6.343s] Level 1:colcon.colcon_core.package_discovery:discover_packages(prefix_path) discover
[6.389s] DEBUG:colcon.colcon_installed_package_information.package_discovery:Found 4 installed packages in /home/asgard/farmbot/install
[6.390s] DEBUG:colcon.colcon_installed_package_information.package_discovery:Found 1 installed packages in /home/asgard/placement/install
[6.392s] DEBUG:colcon.colcon_installed_package_information.package_discovery:Found 10 installed packages in /home/asgard/husky_ws/install
[6.399s] DEBUG:colcon.colcon_installed_package_information.package_discovery:Found 440 installed packages in /opt/ros/humble
[6.406s] Level 1:colcon.colcon_core.package_discovery:discover_packages(prefix_path) using defaults
[6.818s] Level 5:colcon.colcon_core.verb:set package 'farmbot_autonomous_pkg' build argument 'cmake_args' from command line to 'None'
[6.818s] Level 5:colcon.colcon_core.verb:set package 'farmbot_autonomous_pkg' build argument 'cmake_target' from command line to 'None'
[6.818s] Level 5:colcon.colcon_core.verb:set package 'farmbot_autonomous_pkg' build argument 'cmake_target_skip_unavailable' from command line to 'False'
[6.818s] Level 5:colcon.colcon_core.verb:set package 'farmbot_autonomous_pkg' build argument 'cmake_clean_cache' from command line to 'False'
[6.818s] Level 5:colcon.colcon_core.verb:set package 'farmbot_autonomous_pkg' build argument 'cmake_clean_first' from command line to 'False'
[6.818s] Level 5:colcon.colcon_core.verb:set package 'farmbot_autonomous_pkg' build argument 'cmake_force_configure' from command line to 'False'
[6.818s] Level 5:colcon.colcon_core.verb:set package 'farmbot_autonomous_pkg' build argument 'ament_cmake_args' from command line to 'None'
[6.818s] Level 5:colcon.colcon_core.verb:set package 'farmbot_autonomous_pkg' build argument 'catkin_cmake_args' from command line to 'None'
[6.818s] Level 5:colcon.colcon_core.verb:set package 'farmbot_autonomous_pkg' build argument 'catkin_skip_building_tests' from command line to 'False'
[6.818s] DEBUG:colcon.colcon_core.verb:Building package 'farmbot_autonomous_pkg' with the following arguments: {'ament_cmake_args': None, 'build_base': '/home/asgard/farmbot/build/farmbot_autonomous_pkg', 'catkin_cmake_args': None, 'catkin_skip_building_tests': False, 'cmake_args': None, 'cmake_clean_cache': False, 'cmake_clean_first': False, 'cmake_force_configure': False, 'cmake_target': None, 'cmake_target_skip_unavailable': False, 'install_base': '/home/asgard/farmbot/install/farmbot_autonomous_pkg', 'merge_install': False, 'path': '/home/asgard/farmbot/src/farmbot_autonomous_pkg', 'symlink_install': False, 'test_result_base': None}
[6.819s] Level 5:colcon.colcon_core.verb:set package 'ros_pospac_bridge' build argument 'cmake_args' from command line to 'None'
[6.819s] Level 5:colcon.colcon_core.verb:set package 'ros_pospac_bridge' build argument 'cmake_target' from command line to 'None'
[6.819s] Level 5:colcon.colcon_core.verb:set package 'ros_pospac_bridge' build argument 'cmake_target_skip_unavailable' from command line to 'False'
[6.819s] Level 5:colcon.colcon_core.verb:set package 'ros_pospac_bridge' build argument 'cmake_clean_cache' from command line to 'False'
[6.819s] Level 5:colcon.colcon_core.verb:set package 'ros_pospac_bridge' build argument 'cmake_clean_first' from command line to 'False'
[6.819s] Level 5:colcon.colcon_core.verb:set package 'ros_pospac_bridge' build argument 'cmake_force_configure' from command line to 'False'
[6.819s] Level 5:colcon.colcon_core.verb:set package 'ros_pospac_bridge' build argument 'ament_cmake_args' from command line to 'None'
[6.819s] Level 5:colcon.colcon_core.verb:set package 'ros_pospac_bridge' build argument 'catkin_cmake_args' from command line to 'None'
[6.819s] Level 5:colcon.colcon_core.verb:set package 'ros_pospac_bridge' build argument 'catkin_skip_building_tests' from command line to 'False'
[6.819s] DEBUG:colcon.colcon_core.verb:Building package 'ros_pospac_bridge' with the following arguments: {'ament_cmake_args': None, 'build_base': '/home/asgard/farmbot/build/ros_pospac_bridge', 'catkin_cmake_args': None, 'catkin_skip_building_tests': False, 'cmake_args': None, 'cmake_clean_cache': False, 'cmake_clean_first': False, 'cmake_force_configure': False, 'cmake_target': None, 'cmake_target_skip_unavailable': False, 'install_base': '/home/asgard/farmbot/install/ros_pospac_bridge', 'merge_install': False, 'path': '/home/asgard/farmbot/src/gps_publisher_ros2humble', 'symlink_install': False, 'test_result_base': None}
[6.819s] INFO:colcon.colcon_core.executor:Executing jobs using 'parallel' executor
[6.820s] DEBUG:colcon.colcon_parallel_executor.executor.parallel:run_until_complete
[6.820s] INFO:colcon.colcon_ros.task.ament_python.build:Building ROS package in '/home/asgard/farmbot/src/farmbot_autonomous_pkg' with build type 'ament_python'
[6.820s] Level 1:colcon.colcon_core.shell:create_environment_hook('farmbot_autonomous_pkg', 'ament_prefix_path')
[6.848s] INFO:colcon.colcon_core.plugin_system:Skipping extension 'colcon_core.shell.bat': Not used on non-Windows systems
[6.848s] INFO:colcon.colcon_core.shell:Creating environment hook '/home/asgard/farmbot/install/farmbot_autonomous_pkg/share/farmbot_autonomous_pkg/hook/ament_prefix_path.ps1'
[6.854s] INFO:colcon.colcon_core.shell:Creating environment descriptor '/home/asgard/farmbot/install/farmbot_autonomous_pkg/share/farmbot_autonomous_pkg/hook/ament_prefix_path.dsv'
[6.871s] INFO:colcon.colcon_core.shell:Creating environment hook '/home/asgard/farmbot/install/farmbot_autonomous_pkg/share/farmbot_autonomous_pkg/hook/ament_prefix_path.sh'
[6.873s] INFO:colcon.colcon_core.shell:Skip shell extension 'powershell' for command environment: Not usable outside of PowerShell
[6.873s] DEBUG:colcon.colcon_core.shell:Skip shell extension 'dsv' for command environment
[6.889s] INFO:colcon.colcon_ros.task.ament_cmake.build:Building ROS package in '/home/asgard/farmbot/src/gps_publisher_ros2humble' with build type 'ament_cmake'
[6.889s] INFO:colcon.colcon_cmake.task.cmake.build:Building CMake package in '/home/asgard/farmbot/src/gps_publisher_ros2humble'
[6.889s] INFO:colcon.colcon_core.shell:Skip shell extension 'powershell' for command environment: Not usable outside of PowerShell
[6.889s] DEBUG:colcon.colcon_core.shell:Skip shell extension 'dsv' for command environment
[7.227s] INFO:colcon.colcon_core.task.python.build:Building Python package in '/home/asgard/farmbot/src/farmbot_autonomous_pkg'
[7.227s] INFO:colcon.colcon_core.shell:Skip shell extension 'powershell' for command environment: Not usable outside of PowerShell
[7.227s] DEBUG:colcon.colcon_core.shell:Skip shell extension 'dsv' for command environment
[7.274s] DEBUG:colcon.colcon_core.event_handler.log_command:Invoking command in '/home/asgard/farmbot/build/ros_pospac_bridge': CMAKE_PREFIX_PATH=${CMAKE_PREFIX_PATH}:/home/asgard/farmbot/install/farmbot_autonomous_pkg:/home/asgard/placement/install/self_driving_car_pkg:/opt/ros/humble /usr/bin/cmake --build /home/asgard/farmbot/build/ros_pospac_bridge -- -j12 -l12
[9.140s] DEBUG:colcon.colcon_core.event_handler.log_command:Invoked command in '/home/asgard/farmbot/build/ros_pospac_bridge' returned '0': CMAKE_PREFIX_PATH=${CMAKE_PREFIX_PATH}:/home/asgard/farmbot/install/farmbot_autonomous_pkg:/home/asgard/placement/install/self_driving_car_pkg:/opt/ros/humble /usr/bin/cmake --build /home/asgard/farmbot/build/ros_pospac_bridge -- -j12 -l12
[9.151s] DEBUG:colcon.colcon_core.event_handler.log_command:Invoking command in '/home/asgard/farmbot/build/ros_pospac_bridge': CMAKE_PREFIX_PATH=${CMAKE_PREFIX_PATH}:/home/asgard/farmbot/install/farmbot_autonomous_pkg:/home/asgard/placement/install/self_driving_car_pkg:/opt/ros/humble /usr/bin/cmake --install /home/asgard/farmbot/build/ros_pospac_bridge
[9.306s] Level 1:colcon.colcon_core.environment:create_environment_scripts_only(ros_pospac_bridge)
[9.306s] DEBUG:colcon.colcon_core.event_handler.log_command:Invoked command in '/home/asgard/farmbot/build/ros_pospac_bridge' returned '0': CMAKE_PREFIX_PATH=${CMAKE_PREFIX_PATH}:/home/asgard/farmbot/install/farmbot_autonomous_pkg:/home/asgard/placement/install/self_driving_car_pkg:/opt/ros/humble /usr/bin/cmake --install /home/asgard/farmbot/build/ros_pospac_bridge
[9.413s] Level 1:colcon.colcon_core.environment:checking '/home/asgard/farmbot/install/ros_pospac_bridge' for CMake module files
[9.415s] Level 1:colcon.colcon_core.environment:checking '/home/asgard/farmbot/install/ros_pospac_bridge' for CMake config files
[9.416s] Level 1:colcon.colcon_core.shell:create_environment_hook('ros_pospac_bridge', 'cmake_prefix_path')
[9.417s] INFO:colcon.colcon_core.shell:Creating environment hook '/home/asgard/farmbot/install/ros_pospac_bridge/share/ros_pospac_bridge/hook/cmake_prefix_path.ps1'
[9.419s] INFO:colcon.colcon_core.shell:Creating environment descriptor '/home/asgard/farmbot/install/ros_pospac_bridge/share/ros_pospac_bridge/hook/cmake_prefix_path.dsv'
[9.421s] INFO:colcon.colcon_core.shell:Creating environment hook '/home/asgard/farmbot/install/ros_pospac_bridge/share/ros_pospac_bridge/hook/cmake_prefix_path.sh'
[9.423s] Level 1:colcon.colcon_core.environment:checking '/home/asgard/farmbot/install/ros_pospac_bridge/lib'
[9.424s] Level 1:colcon.colcon_core.environment:checking '/home/asgard/farmbot/install/ros_pospac_bridge/bin'
[9.424s] Level 1:colcon.colcon_core.environment:checking '/home/asgard/farmbot/install/ros_pospac_bridge/lib/pkgconfig/ros_pospac_bridge.pc'
[9.425s] Level 1:colcon.colcon_core.environment:checking '/home/asgard/farmbot/install/ros_pospac_bridge/lib/python3.10/site-packages'
[9.426s] Level 1:colcon.colcon_core.environment:checking '/home/asgard/farmbot/install/ros_pospac_bridge/bin'
[9.427s] INFO:colcon.colcon_core.shell:Creating package script '/home/asgard/farmbot/install/ros_pospac_bridge/share/ros_pospac_bridge/package.ps1'
[9.431s] INFO:colcon.colcon_core.shell:Creating package descriptor '/home/asgard/farmbot/install/ros_pospac_bridge/share/ros_pospac_bridge/package.dsv'
[9.463s] INFO:colcon.colcon_core.shell:Creating package script '/home/asgard/farmbot/install/ros_pospac_bridge/share/ros_pospac_bridge/package.sh'
[9.466s] INFO:colcon.colcon_core.shell:Creating package script '/home/asgard/farmbot/install/ros_pospac_bridge/share/ros_pospac_bridge/package.bash'
[9.489s] INFO:colcon.colcon_core.shell:Creating package script '/home/asgard/farmbot/install/ros_pospac_bridge/share/ros_pospac_bridge/package.zsh'
[9.502s] Level 1:colcon.colcon_core.environment:create_file_with_runtime_dependencies(/home/asgard/farmbot/install/ros_pospac_bridge/share/colcon-core/packages/ros_pospac_bridge)
[9.504s] Level 1:colcon.colcon_core.environment:create_environment_scripts_only(ros_pospac_bridge)
[9.505s] Level 1:colcon.colcon_core.environment:checking '/home/asgard/farmbot/install/ros_pospac_bridge' for CMake module files
[9.507s] Level 1:colcon.colcon_core.environment:checking '/home/asgard/farmbot/install/ros_pospac_bridge' for CMake config files
[9.508s] Level 1:colcon.colcon_core.shell:create_environment_hook('ros_pospac_bridge', 'cmake_prefix_path')
[9.509s] INFO:colcon.colcon_core.shell:Creating environment hook '/home/asgard/farmbot/install/ros_pospac_bridge/share/ros_pospac_bridge/hook/cmake_prefix_path.ps1'
[9.510s] INFO:colcon.colcon_core.shell:Creating environment descriptor '/home/asgard/farmbot/install/ros_pospac_bridge/share/ros_pospac_bridge/hook/cmake_prefix_path.dsv'
[9.512s] INFO:colcon.colcon_core.shell:Creating environment hook '/home/asgard/farmbot/install/ros_pospac_bridge/share/ros_pospac_bridge/hook/cmake_prefix_path.sh'
[9.514s] Level 1:colcon.colcon_core.environment:checking '/home/asgard/farmbot/install/ros_pospac_bridge/lib'
[9.514s] Level 1:colcon.colcon_core.environment:checking '/home/asgard/farmbot/install/ros_pospac_bridge/bin'
[9.514s] Level 1:colcon.colcon_core.environment:checking '/home/asgard/farmbot/install/ros_pospac_bridge/lib/pkgconfig/ros_pospac_bridge.pc'
[9.515s] Level 1:colcon.colcon_core.environment:checking '/home/asgard/farmbot/install/ros_pospac_bridge/lib/python3.10/site-packages'
[9.516s] Level 1:colcon.colcon_core.environment:checking '/home/asgard/farmbot/install/ros_pospac_bridge/bin'
[9.517s] INFO:colcon.colcon_core.shell:Creating package script '/home/asgard/farmbot/install/ros_pospac_bridge/share/ros_pospac_bridge/package.ps1'
[9.519s] INFO:colcon.colcon_core.shell:Creating package descriptor '/home/asgard/farmbot/install/ros_pospac_bridge/share/ros_pospac_bridge/package.dsv'
[9.521s] INFO:colcon.colcon_core.shell:Creating package script '/home/asgard/farmbot/install/ros_pospac_bridge/share/ros_pospac_bridge/package.sh'
[9.522s] INFO:colcon.colcon_core.shell:Creating package script '/home/asgard/farmbot/install/ros_pospac_bridge/share/ros_pospac_bridge/package.bash'
[9.524s] INFO:colcon.colcon_core.shell:Creating package script '/home/asgard/farmbot/install/ros_pospac_bridge/share/ros_pospac_bridge/package.zsh'
[9.525s] Level 1:colcon.colcon_core.environment:create_file_with_runtime_dependencies(/home/asgard/farmbot/install/ros_pospac_bridge/share/colcon-core/packages/ros_pospac_bridge)
[9.857s] DEBUG:colcon.colcon_core.event_handler.log_command:Invoking command in '/home/asgard/farmbot/src/farmbot_autonomous_pkg': PYTHONPATH=/home/asgard/farmbot/build/farmbot_autonomous_pkg/prefix_override:/usr/lib/python3/dist-packages/colcon_core/task/python/colcon_distutils_commands:/home/asgard/farmbot/install/farmbot_autonomous_pkg/lib/python3.10/site-packages:${PYTHONPATH} /usr/bin/python3 -W ignore:setup.py install is deprecated -W ignore:easy_install command is deprecated setup.py egg_info --egg-base ../../build/farmbot_autonomous_pkg build --build-base /home/asgard/farmbot/build/farmbot_autonomous_pkg/build install --record /home/asgard/farmbot/build/farmbot_autonomous_pkg/install.log --single-version-externally-managed install_data
[10.281s] Level 1:colcon.colcon_core.environment:checking '/home/asgard/farmbot/install/farmbot_autonomous_pkg' for CMake module files
[10.281s] DEBUG:colcon.colcon_core.event_handler.log_command:Invoked command in '/home/asgard/farmbot/src/farmbot_autonomous_pkg' returned '0': PYTHONPATH=/home/asgard/farmbot/build/farmbot_autonomous_pkg/prefix_override:/usr/lib/python3/dist-packages/colcon_core/task/python/colcon_distutils_commands:/home/asgard/farmbot/install/farmbot_autonomous_pkg/lib/python3.10/site-packages:${PYTHONPATH} /usr/bin/python3 -W ignore:setup.py install is deprecated -W ignore:easy_install command is deprecated setup.py egg_info --egg-base ../../build/farmbot_autonomous_pkg build --build-base /home/asgard/farmbot/build/farmbot_autonomous_pkg/build install --record /home/asgard/farmbot/build/farmbot_autonomous_pkg/install.log --single-version-externally-managed install_data
[10.281s] Level 1:colcon.colcon_core.environment:checking '/home/asgard/farmbot/install/farmbot_autonomous_pkg' for CMake config files
[10.282s] Level 1:colcon.colcon_core.environment:checking '/home/asgard/farmbot/install/farmbot_autonomous_pkg/lib'
[10.282s] Level 1:colcon.colcon_core.environment:checking '/home/asgard/farmbot/install/farmbot_autonomous_pkg/bin'
[10.282s] Level 1:colcon.colcon_core.environment:checking '/home/asgard/farmbot/install/farmbot_autonomous_pkg/lib/pkgconfig/farmbot_autonomous_pkg.pc'
[10.282s] Level 1:colcon.colcon_core.environment:checking '/home/asgard/farmbot/install/farmbot_autonomous_pkg/lib/python3.10/site-packages'
[10.282s] Level 1:colcon.colcon_core.shell:create_environment_hook('farmbot_autonomous_pkg', 'pythonpath')
[10.282s] INFO:colcon.colcon_core.shell:Creating environment hook '/home/asgard/farmbot/install/farmbot_autonomous_pkg/share/farmbot_autonomous_pkg/hook/pythonpath.ps1'
[10.283s] INFO:colcon.colcon_core.shell:Creating environment descriptor '/home/asgard/farmbot/install/farmbot_autonomous_pkg/share/farmbot_autonomous_pkg/hook/pythonpath.dsv'
[10.283s] INFO:colcon.colcon_core.shell:Creating environment hook '/home/asgard/farmbot/install/farmbot_autonomous_pkg/share/farmbot_autonomous_pkg/hook/pythonpath.sh'
[10.284s] Level 1:colcon.colcon_core.environment:checking '/home/asgard/farmbot/install/farmbot_autonomous_pkg/bin'
[10.284s] Level 1:colcon.colcon_core.environment:create_environment_scripts_only(farmbot_autonomous_pkg)
[10.284s] INFO:colcon.colcon_core.shell:Creating package script '/home/asgard/farmbot/install/farmbot_autonomous_pkg/share/farmbot_autonomous_pkg/package.ps1'
[10.284s] INFO:colcon.colcon_core.shell:Creating package descriptor '/home/asgard/farmbot/install/farmbot_autonomous_pkg/share/farmbot_autonomous_pkg/package.dsv'
[10.285s] INFO:colcon.colcon_core.shell:Creating package script '/home/asgard/farmbot/install/farmbot_autonomous_pkg/share/farmbot_autonomous_pkg/package.sh'
[10.285s] INFO:colcon.colcon_core.shell:Creating package script '/home/asgard/farmbot/install/farmbot_autonomous_pkg/share/farmbot_autonomous_pkg/package.bash'
[10.285s] INFO:colcon.colcon_core.shell:Creating package script '/home/asgard/farmbot/install/farmbot_autonomous_pkg/share/farmbot_autonomous_pkg/package.zsh'
[10.285s] Level 1:colcon.colcon_core.environment:create_file_with_runtime_dependencies(/home/asgard/farmbot/install/farmbot_autonomous_pkg/share/colcon-core/packages/farmbot_autonomous_pkg)
[10.286s] DEBUG:colcon.colcon_parallel_executor.executor.parallel:closing loop
[10.286s] DEBUG:colcon.colcon_parallel_executor.executor.parallel:loop closed
[10.286s] DEBUG:colcon.colcon_parallel_executor.executor.parallel:run_until_complete finished with '0'
[10.286s] DEBUG:colcon.colcon_core.event_reactor:joining thread
[10.292s] INFO:colcon.colcon_core.plugin_system:Skipping extension 'colcon_notification.desktop_notification.terminal_notifier': Not used on non-Darwin systems
[10.292s] INFO:colcon.colcon_core.plugin_system:Skipping extension 'colcon_notification.desktop_notification.win32': Not used on non-Windows systems
[10.292s] INFO:colcon.colcon_notification.desktop_notification:Sending desktop notification using 'notify2'
[10.302s] DEBUG:colcon.colcon_core.event_reactor:joined thread
[10.302s] INFO:colcon.colcon_core.shell:Creating prefix script '/home/asgard/farmbot/install/local_setup.ps1'
[10.303s] INFO:colcon.colcon_core.shell:Creating prefix util module '/home/asgard/farmbot/install/_local_setup_util_ps1.py'
[10.346s] INFO:colcon.colcon_core.shell:Creating prefix chain script '/home/asgard/farmbot/install/setup.ps1'
[10.350s] INFO:colcon.colcon_core.shell:Creating prefix script '/home/asgard/farmbot/install/local_setup.sh'
[10.361s] INFO:colcon.colcon_core.shell:Creating prefix util module '/home/asgard/farmbot/install/_local_setup_util_sh.py'
[10.363s] INFO:colcon.colcon_core.shell:Creating prefix chain script '/home/asgard/farmbot/install/setup.sh'
[10.367s] INFO:colcon.colcon_core.shell:Creating prefix script '/home/asgard/farmbot/install/local_setup.bash'
[10.369s] INFO:colcon.colcon_core.shell:Creating prefix chain script '/home/asgard/farmbot/install/setup.bash'
[10.376s] INFO:colcon.colcon_core.shell:Creating prefix script '/home/asgard/farmbot/install/local_setup.zsh'
[10.378s] INFO:colcon.colcon_core.shell:Creating prefix chain script '/home/asgard/farmbot/install/setup.zsh'
