[0.980s] DEBUG:colcon:Command line arguments: ['/usr/bin/colcon', 'build']
[0.980s] DEBUG:colcon:Parsed command line arguments: Namespace(log_base=None, log_level=None, verb_name='build', build_base='build', install_base='install', merge_install=False, symlink_install=False, test_result_base=None, continue_on_error=False, executor='parallel', parallel_workers=12, event_handlers=None, ignore_user_meta=False, metas=['./colcon.meta'], base_paths=['.'], packages_ignore=None, packages_ignore_regex=None, paths=None, packages_up_to=None, packages_up_to_regex=None, packages_above=None, packages_above_and_dependencies=None, packages_above_depth=None, packages_select_by_dep=None, packages_skip_by_dep=None, packages_skip_up_to=None, packages_select_build_failed=False, packages_skip_build_finished=False, packages_select_test_failures=False, packages_skip_test_passed=False, packages_select=None, packages_skip=None, packages_select_regex=None, packages_skip_regex=None, packages_start=None, packages_end=None, allow_overriding=[], cmake_args=None, cmake_target=None, cmake_target_skip_unavailable=False, cmake_clean_cache=False, cmake_clean_first=False, cmake_force_configure=False, ament_cmake_args=None, catkin_cmake_args=None, catkin_skip_building_tests=False, mixin_files=None, mixin=None, verb_parser=<colcon_mixin.mixin.mixin_argument.MixinArgumentDecorator object at 0x7d7d2a5586d0>, verb_extension=<colcon_core.verb.build.BuildVerb object at 0x7d7d2a558220>, main=<bound method BuildVerb.main of <colcon_core.verb.build.BuildVerb object at 0x7d7d2a558220>>, mixin_verb=('build',))
[6.370s] Level 1:colcon.colcon_core.package_discovery:discover_packages(colcon_meta) check parameters
[6.371s] Level 1:colcon.colcon_core.package_discovery:discover_packages(recursive) check parameters
[6.371s] Level 1:colcon.colcon_core.package_discovery:discover_packages(ignore) check parameters
[6.371s] Level 1:colcon.colcon_core.package_discovery:discover_packages(path) check parameters
[6.371s] Level 1:colcon.colcon_core.package_discovery:discover_packages(colcon_meta) discover
[6.371s] Level 1:colcon.colcon_core.package_discovery:discover_packages(recursive) discover
[6.371s] INFO:colcon.colcon_core.package_discovery:Crawling recursively for packages in '/home/asgard/farmbot'
[6.372s] Level 1:colcon.colcon_core.package_identification:_identify(.) by extensions ['ignore', 'ignore_ament_install']
[6.372s] Level 1:colcon.colcon_core.package_identification:_identify(.) by extension 'ignore'
[6.373s] Level 1:colcon.colcon_core.package_identification:_identify(.) by extension 'ignore_ament_install'
[6.373s] Level 1:colcon.colcon_core.package_identification:_identify(.) by extensions ['colcon_pkg']
[6.373s] Level 1:colcon.colcon_core.package_identification:_identify(.) by extension 'colcon_pkg'
[6.373s] Level 1:colcon.colcon_core.package_identification:_identify(.) by extensions ['colcon_meta']
[6.373s] Level 1:colcon.colcon_core.package_identification:_identify(.) by extension 'colcon_meta'
[6.373s] Level 1:colcon.colcon_core.package_identification:_identify(.) by extensions ['ros']
[6.374s] Level 1:colcon.colcon_core.package_identification:_identify(.) by extension 'ros'
[6.466s] Level 1:colcon.colcon_core.package_identification:_identify(.) by extensions ['cmake', 'python']
[6.466s] Level 1:colcon.colcon_core.package_identification:_identify(.) by extension 'cmake'
[6.466s] Level 1:colcon.colcon_core.package_identification:_identify(.) by extension 'python'
[6.466s] Level 1:colcon.colcon_core.package_identification:_identify(.) by extensions ['python_setup_py']
[6.466s] Level 1:colcon.colcon_core.package_identification:_identify(.) by extension 'python_setup_py'
[6.466s] Level 1:colcon.colcon_core.package_identification:_identify(build) by extensions ['ignore', 'ignore_ament_install']
[6.466s] Level 1:colcon.colcon_core.package_identification:_identify(build) by extension 'ignore'
[6.466s] Level 1:colcon.colcon_core.package_identification:_identify(build) ignored
[6.467s] Level 1:colcon.colcon_core.package_identification:_identify(install) by extensions ['ignore', 'ignore_ament_install']
[6.467s] Level 1:colcon.colcon_core.package_identification:_identify(install) by extension 'ignore'
[6.467s] Level 1:colcon.colcon_core.package_identification:_identify(install) ignored
[6.467s] Level 1:colcon.colcon_core.package_identification:_identify(log) by extensions ['ignore', 'ignore_ament_install']
[6.467s] Level 1:colcon.colcon_core.package_identification:_identify(log) by extension 'ignore'
[6.467s] Level 1:colcon.colcon_core.package_identification:_identify(log) ignored
[6.468s] Level 1:colcon.colcon_core.package_identification:_identify(src) by extensions ['ignore', 'ignore_ament_install']
[6.468s] Level 1:colcon.colcon_core.package_identification:_identify(src) by extension 'ignore'
[6.468s] Level 1:colcon.colcon_core.package_identification:_identify(src) by extension 'ignore_ament_install'
[6.468s] Level 1:colcon.colcon_core.package_identification:_identify(src) by extensions ['colcon_pkg']
[6.468s] Level 1:colcon.colcon_core.package_identification:_identify(src) by extension 'colcon_pkg'
[6.468s] Level 1:colcon.colcon_core.package_identification:_identify(src) by extensions ['colcon_meta']
[6.468s] Level 1:colcon.colcon_core.package_identification:_identify(src) by extension 'colcon_meta'
[6.468s] Level 1:colcon.colcon_core.package_identification:_identify(src) by extensions ['ros']
[6.468s] Level 1:colcon.colcon_core.package_identification:_identify(src) by extension 'ros'
[6.468s] Level 1:colcon.colcon_core.package_identification:_identify(src) by extensions ['cmake', 'python']
[6.468s] Level 1:colcon.colcon_core.package_identification:_identify(src) by extension 'cmake'
[6.468s] Level 1:colcon.colcon_core.package_identification:_identify(src) by extension 'python'
[6.469s] Level 1:colcon.colcon_core.package_identification:_identify(src) by extensions ['python_setup_py']
[6.469s] Level 1:colcon.colcon_core.package_identification:_identify(src) by extension 'python_setup_py'
[6.469s] Level 1:colcon.colcon_core.package_identification:_identify(src/computer_vision) by extensions ['ignore', 'ignore_ament_install']
[6.469s] Level 1:colcon.colcon_core.package_identification:_identify(src/computer_vision) by extension 'ignore'
[6.469s] Level 1:colcon.colcon_core.package_identification:_identify(src/computer_vision) by extension 'ignore_ament_install'
[6.469s] Level 1:colcon.colcon_core.package_identification:_identify(src/computer_vision) by extensions ['colcon_pkg']
[6.469s] Level 1:colcon.colcon_core.package_identification:_identify(src/computer_vision) by extension 'colcon_pkg'
[6.469s] Level 1:colcon.colcon_core.package_identification:_identify(src/computer_vision) by extensions ['colcon_meta']
[6.469s] Level 1:colcon.colcon_core.package_identification:_identify(src/computer_vision) by extension 'colcon_meta'
[6.469s] Level 1:colcon.colcon_core.package_identification:_identify(src/computer_vision) by extensions ['ros']
[6.469s] Level 1:colcon.colcon_core.package_identification:_identify(src/computer_vision) by extension 'ros'
[6.470s] Level 1:colcon.colcon_core.package_identification:_identify(src/computer_vision) by extensions ['cmake', 'python']
[6.470s] Level 1:colcon.colcon_core.package_identification:_identify(src/computer_vision) by extension 'cmake'
[6.470s] Level 1:colcon.colcon_core.package_identification:_identify(src/computer_vision) by extension 'python'
[6.470s] Level 1:colcon.colcon_core.package_identification:_identify(src/computer_vision) by extensions ['python_setup_py']
[6.470s] Level 1:colcon.colcon_core.package_identification:_identify(src/computer_vision) by extension 'python_setup_py'
[6.470s] Level 1:colcon.colcon_core.package_identification:_identify(src/farmbot_autonomous_pkg) by extensions ['ignore', 'ignore_ament_install']
[6.470s] Level 1:colcon.colcon_core.package_identification:_identify(src/farmbot_autonomous_pkg) by extension 'ignore'
[6.470s] Level 1:colcon.colcon_core.package_identification:_identify(src/farmbot_autonomous_pkg) by extension 'ignore_ament_install'
[6.470s] Level 1:colcon.colcon_core.package_identification:_identify(src/farmbot_autonomous_pkg) by extensions ['colcon_pkg']
[6.470s] Level 1:colcon.colcon_core.package_identification:_identify(src/farmbot_autonomous_pkg) by extension 'colcon_pkg'
[6.470s] Level 1:colcon.colcon_core.package_identification:_identify(src/farmbot_autonomous_pkg) by extensions ['colcon_meta']
[6.470s] Level 1:colcon.colcon_core.package_identification:_identify(src/farmbot_autonomous_pkg) by extension 'colcon_meta'
[6.471s] Level 1:colcon.colcon_core.package_identification:_identify(src/farmbot_autonomous_pkg) by extensions ['ros']
[6.471s] Level 1:colcon.colcon_core.package_identification:_identify(src/farmbot_autonomous_pkg) by extension 'ros'
[6.495s] DEBUG:colcon.colcon_core.package_identification:Package 'src/farmbot_autonomous_pkg' with type 'ros.ament_python' and name 'farmbot_autonomous_pkg'
[6.495s] Level 1:colcon.colcon_core.package_identification:_identify(src/gps_publisher_ros2humble) by extensions ['ignore', 'ignore_ament_install']
[6.495s] Level 1:colcon.colcon_core.package_identification:_identify(src/gps_publisher_ros2humble) by extension 'ignore'
[6.495s] Level 1:colcon.colcon_core.package_identification:_identify(src/gps_publisher_ros2humble) by extension 'ignore_ament_install'
[6.495s] Level 1:colcon.colcon_core.package_identification:_identify(src/gps_publisher_ros2humble) by extensions ['colcon_pkg']
[6.496s] Level 1:colcon.colcon_core.package_identification:_identify(src/gps_publisher_ros2humble) by extension 'colcon_pkg'
[6.496s] Level 1:colcon.colcon_core.package_identification:_identify(src/gps_publisher_ros2humble) by extensions ['colcon_meta']
[6.496s] Level 1:colcon.colcon_core.package_identification:_identify(src/gps_publisher_ros2humble) by extension 'colcon_meta'
[6.496s] Level 1:colcon.colcon_core.package_identification:_identify(src/gps_publisher_ros2humble) by extensions ['ros']
[6.496s] Level 1:colcon.colcon_core.package_identification:_identify(src/gps_publisher_ros2humble) by extension 'ros'
[6.527s] DEBUG:colcon.colcon_core.package_identification:Package 'src/gps_publisher_ros2humble' with type 'ros.ament_cmake' and name 'ros_pospac_bridge'
[6.527s] Level 1:colcon.colcon_core.package_identification:_identify(videos) by extensions ['ignore', 'ignore_ament_install']
[6.527s] Level 1:colcon.colcon_core.package_identification:_identify(videos) by extension 'ignore'
[6.527s] Level 1:colcon.colcon_core.package_identification:_identify(videos) by extension 'ignore_ament_install'
[6.527s] Level 1:colcon.colcon_core.package_identification:_identify(videos) by extensions ['colcon_pkg']
[6.528s] Level 1:colcon.colcon_core.package_identification:_identify(videos) by extension 'colcon_pkg'
[6.528s] Level 1:colcon.colcon_core.package_identification:_identify(videos) by extensions ['colcon_meta']
[6.528s] Level 1:colcon.colcon_core.package_identification:_identify(videos) by extension 'colcon_meta'
[6.528s] Level 1:colcon.colcon_core.package_identification:_identify(videos) by extensions ['ros']
[6.528s] Level 1:colcon.colcon_core.package_identification:_identify(videos) by extension 'ros'
[6.528s] Level 1:colcon.colcon_core.package_identification:_identify(videos) by extensions ['cmake', 'python']
[6.528s] Level 1:colcon.colcon_core.package_identification:_identify(videos) by extension 'cmake'
[6.528s] Level 1:colcon.colcon_core.package_identification:_identify(videos) by extension 'python'
[6.528s] Level 1:colcon.colcon_core.package_identification:_identify(videos) by extensions ['python_setup_py']
[6.528s] Level 1:colcon.colcon_core.package_identification:_identify(videos) by extension 'python_setup_py'
[6.528s] Level 1:colcon.colcon_core.package_discovery:discover_packages(recursive) using defaults
[6.528s] Level 1:colcon.colcon_core.package_discovery:discover_packages(ignore) discover
[6.529s] Level 1:colcon.colcon_core.package_discovery:discover_packages(ignore) using defaults
[6.529s] Level 1:colcon.colcon_core.package_discovery:discover_packages(path) discover
[6.529s] Level 1:colcon.colcon_core.package_discovery:discover_packages(path) using defaults
[6.780s] Level 1:colcon.colcon_core.package_discovery:discover_packages(prefix_path) check parameters
[6.780s] Level 1:colcon.colcon_core.package_discovery:discover_packages(prefix_path) discover
[6.827s] DEBUG:colcon.colcon_installed_package_information.package_discovery:Found 4 installed packages in /home/asgard/farmbot/install
[6.829s] DEBUG:colcon.colcon_installed_package_information.package_discovery:Found 1 installed packages in /home/asgard/placement/install
[6.832s] DEBUG:colcon.colcon_installed_package_information.package_discovery:Found 10 installed packages in /home/asgard/husky_ws/install
[6.840s] DEBUG:colcon.colcon_installed_package_information.package_discovery:Found 440 installed packages in /opt/ros/humble
[6.850s] Level 1:colcon.colcon_core.package_discovery:discover_packages(prefix_path) using defaults
[7.283s] Level 5:colcon.colcon_core.verb:set package 'farmbot_autonomous_pkg' build argument 'cmake_args' from command line to 'None'
[7.283s] Level 5:colcon.colcon_core.verb:set package 'farmbot_autonomous_pkg' build argument 'cmake_target' from command line to 'None'
[7.283s] Level 5:colcon.colcon_core.verb:set package 'farmbot_autonomous_pkg' build argument 'cmake_target_skip_unavailable' from command line to 'False'
[7.283s] Level 5:colcon.colcon_core.verb:set package 'farmbot_autonomous_pkg' build argument 'cmake_clean_cache' from command line to 'False'
[7.283s] Level 5:colcon.colcon_core.verb:set package 'farmbot_autonomous_pkg' build argument 'cmake_clean_first' from command line to 'False'
[7.283s] Level 5:colcon.colcon_core.verb:set package 'farmbot_autonomous_pkg' build argument 'cmake_force_configure' from command line to 'False'
[7.283s] Level 5:colcon.colcon_core.verb:set package 'farmbot_autonomous_pkg' build argument 'ament_cmake_args' from command line to 'None'
[7.283s] Level 5:colcon.colcon_core.verb:set package 'farmbot_autonomous_pkg' build argument 'catkin_cmake_args' from command line to 'None'
[7.283s] Level 5:colcon.colcon_core.verb:set package 'farmbot_autonomous_pkg' build argument 'catkin_skip_building_tests' from command line to 'False'
[7.283s] DEBUG:colcon.colcon_core.verb:Building package 'farmbot_autonomous_pkg' with the following arguments: {'ament_cmake_args': None, 'build_base': '/home/asgard/farmbot/build/farmbot_autonomous_pkg', 'catkin_cmake_args': None, 'catkin_skip_building_tests': False, 'cmake_args': None, 'cmake_clean_cache': False, 'cmake_clean_first': False, 'cmake_force_configure': False, 'cmake_target': None, 'cmake_target_skip_unavailable': False, 'install_base': '/home/asgard/farmbot/install/farmbot_autonomous_pkg', 'merge_install': False, 'path': '/home/asgard/farmbot/src/farmbot_autonomous_pkg', 'symlink_install': False, 'test_result_base': None}
[7.283s] Level 5:colcon.colcon_core.verb:set package 'ros_pospac_bridge' build argument 'cmake_args' from command line to 'None'
[7.283s] Level 5:colcon.colcon_core.verb:set package 'ros_pospac_bridge' build argument 'cmake_target' from command line to 'None'
[7.283s] Level 5:colcon.colcon_core.verb:set package 'ros_pospac_bridge' build argument 'cmake_target_skip_unavailable' from command line to 'False'
[7.283s] Level 5:colcon.colcon_core.verb:set package 'ros_pospac_bridge' build argument 'cmake_clean_cache' from command line to 'False'
[7.283s] Level 5:colcon.colcon_core.verb:set package 'ros_pospac_bridge' build argument 'cmake_clean_first' from command line to 'False'
[7.283s] Level 5:colcon.colcon_core.verb:set package 'ros_pospac_bridge' build argument 'cmake_force_configure' from command line to 'False'
[7.283s] Level 5:colcon.colcon_core.verb:set package 'ros_pospac_bridge' build argument 'ament_cmake_args' from command line to 'None'
[7.284s] Level 5:colcon.colcon_core.verb:set package 'ros_pospac_bridge' build argument 'catkin_cmake_args' from command line to 'None'
[7.284s] Level 5:colcon.colcon_core.verb:set package 'ros_pospac_bridge' build argument 'catkin_skip_building_tests' from command line to 'False'
[7.284s] DEBUG:colcon.colcon_core.verb:Building package 'ros_pospac_bridge' with the following arguments: {'ament_cmake_args': None, 'build_base': '/home/asgard/farmbot/build/ros_pospac_bridge', 'catkin_cmake_args': None, 'catkin_skip_building_tests': False, 'cmake_args': None, 'cmake_clean_cache': False, 'cmake_clean_first': False, 'cmake_force_configure': False, 'cmake_target': None, 'cmake_target_skip_unavailable': False, 'install_base': '/home/asgard/farmbot/install/ros_pospac_bridge', 'merge_install': False, 'path': '/home/asgard/farmbot/src/gps_publisher_ros2humble', 'symlink_install': False, 'test_result_base': None}
[7.284s] INFO:colcon.colcon_core.executor:Executing jobs using 'parallel' executor
[7.285s] DEBUG:colcon.colcon_parallel_executor.executor.parallel:run_until_complete
[7.285s] INFO:colcon.colcon_ros.task.ament_python.build:Building ROS package in '/home/asgard/farmbot/src/farmbot_autonomous_pkg' with build type 'ament_python'
[7.285s] Level 1:colcon.colcon_core.shell:create_environment_hook('farmbot_autonomous_pkg', 'ament_prefix_path')
[7.319s] INFO:colcon.colcon_core.plugin_system:Skipping extension 'colcon_core.shell.bat': Not used on non-Windows systems
[7.319s] INFO:colcon.colcon_core.shell:Creating environment hook '/home/asgard/farmbot/install/farmbot_autonomous_pkg/share/farmbot_autonomous_pkg/hook/ament_prefix_path.ps1'
[7.324s] INFO:colcon.colcon_core.shell:Creating environment descriptor '/home/asgard/farmbot/install/farmbot_autonomous_pkg/share/farmbot_autonomous_pkg/hook/ament_prefix_path.dsv'
[7.341s] INFO:colcon.colcon_core.shell:Creating environment hook '/home/asgard/farmbot/install/farmbot_autonomous_pkg/share/farmbot_autonomous_pkg/hook/ament_prefix_path.sh'
[7.343s] INFO:colcon.colcon_core.shell:Skip shell extension 'powershell' for command environment: Not usable outside of PowerShell
[7.343s] DEBUG:colcon.colcon_core.shell:Skip shell extension 'dsv' for command environment
[7.359s] INFO:colcon.colcon_ros.task.ament_cmake.build:Building ROS package in '/home/asgard/farmbot/src/gps_publisher_ros2humble' with build type 'ament_cmake'
[7.359s] INFO:colcon.colcon_cmake.task.cmake.build:Building CMake package in '/home/asgard/farmbot/src/gps_publisher_ros2humble'
[7.359s] INFO:colcon.colcon_core.shell:Skip shell extension 'powershell' for command environment: Not usable outside of PowerShell
[7.359s] DEBUG:colcon.colcon_core.shell:Skip shell extension 'dsv' for command environment
[7.663s] INFO:colcon.colcon_core.task.python.build:Building Python package in '/home/asgard/farmbot/src/farmbot_autonomous_pkg'
[7.663s] INFO:colcon.colcon_core.shell:Skip shell extension 'powershell' for command environment: Not usable outside of PowerShell
[7.663s] DEBUG:colcon.colcon_core.shell:Skip shell extension 'dsv' for command environment
[7.684s] DEBUG:colcon.colcon_core.event_handler.log_command:Invoking command in '/home/asgard/farmbot/build/ros_pospac_bridge': CMAKE_PREFIX_PATH=${CMAKE_PREFIX_PATH}:/home/asgard/farmbot/install/farmbot_autonomous_pkg:/home/asgard/placement/install/self_driving_car_pkg:/opt/ros/humble /usr/bin/cmake --build /home/asgard/farmbot/build/ros_pospac_bridge -- -j12 -l12
[10.195s] DEBUG:colcon.colcon_core.event_handler.log_command:Invoking command in '/home/asgard/farmbot/src/farmbot_autonomous_pkg': PYTHONPATH=/home/asgard/farmbot/build/farmbot_autonomous_pkg/prefix_override:/usr/lib/python3/dist-packages/colcon_core/task/python/colcon_distutils_commands:/home/asgard/farmbot/install/farmbot_autonomous_pkg/lib/python3.10/site-packages:${PYTHONPATH} /usr/bin/python3 -W ignore:setup.py install is deprecated -W ignore:easy_install command is deprecated setup.py egg_info --egg-base ../../build/farmbot_autonomous_pkg build --build-base /home/asgard/farmbot/build/farmbot_autonomous_pkg/build install --record /home/asgard/farmbot/build/farmbot_autonomous_pkg/install.log --single-version-externally-managed install_data
[10.567s] DEBUG:colcon.colcon_core.event_handler.log_command:Invoked command in '/home/asgard/farmbot/src/farmbot_autonomous_pkg' returned '0': PYTHONPATH=/home/asgard/farmbot/build/farmbot_autonomous_pkg/prefix_override:/usr/lib/python3/dist-packages/colcon_core/task/python/colcon_distutils_commands:/home/asgard/farmbot/install/farmbot_autonomous_pkg/lib/python3.10/site-packages:${PYTHONPATH} /usr/bin/python3 -W ignore:setup.py install is deprecated -W ignore:easy_install command is deprecated setup.py egg_info --egg-base ../../build/farmbot_autonomous_pkg build --build-base /home/asgard/farmbot/build/farmbot_autonomous_pkg/build install --record /home/asgard/farmbot/build/farmbot_autonomous_pkg/install.log --single-version-externally-managed install_data
[10.703s] Level 1:colcon.colcon_core.environment:checking '/home/asgard/farmbot/install/farmbot_autonomous_pkg' for CMake module files
[10.728s] Level 1:colcon.colcon_core.environment:checking '/home/asgard/farmbot/install/farmbot_autonomous_pkg' for CMake config files
[10.764s] Level 1:colcon.colcon_core.environment:checking '/home/asgard/farmbot/install/farmbot_autonomous_pkg/lib'
[10.765s] Level 1:colcon.colcon_core.environment:checking '/home/asgard/farmbot/install/farmbot_autonomous_pkg/bin'
[10.765s] Level 1:colcon.colcon_core.environment:checking '/home/asgard/farmbot/install/farmbot_autonomous_pkg/lib/pkgconfig/farmbot_autonomous_pkg.pc'
[10.766s] Level 1:colcon.colcon_core.environment:checking '/home/asgard/farmbot/install/farmbot_autonomous_pkg/lib/python3.10/site-packages'
[10.766s] Level 1:colcon.colcon_core.shell:create_environment_hook('farmbot_autonomous_pkg', 'pythonpath')
[10.767s] INFO:colcon.colcon_core.shell:Creating environment hook '/home/asgard/farmbot/install/farmbot_autonomous_pkg/share/farmbot_autonomous_pkg/hook/pythonpath.ps1'
[10.768s] INFO:colcon.colcon_core.shell:Creating environment descriptor '/home/asgard/farmbot/install/farmbot_autonomous_pkg/share/farmbot_autonomous_pkg/hook/pythonpath.dsv'
[10.768s] INFO:colcon.colcon_core.shell:Creating environment hook '/home/asgard/farmbot/install/farmbot_autonomous_pkg/share/farmbot_autonomous_pkg/hook/pythonpath.sh'
[10.769s] Level 1:colcon.colcon_core.environment:checking '/home/asgard/farmbot/install/farmbot_autonomous_pkg/bin'
[10.769s] Level 1:colcon.colcon_core.environment:create_environment_scripts_only(farmbot_autonomous_pkg)
[10.769s] INFO:colcon.colcon_core.shell:Creating package script '/home/asgard/farmbot/install/farmbot_autonomous_pkg/share/farmbot_autonomous_pkg/package.ps1'
[10.799s] INFO:colcon.colcon_core.shell:Creating package descriptor '/home/asgard/farmbot/install/farmbot_autonomous_pkg/share/farmbot_autonomous_pkg/package.dsv'
[10.813s] INFO:colcon.colcon_core.shell:Creating package script '/home/asgard/farmbot/install/farmbot_autonomous_pkg/share/farmbot_autonomous_pkg/package.sh'
[10.815s] INFO:colcon.colcon_core.shell:Creating package script '/home/asgard/farmbot/install/farmbot_autonomous_pkg/share/farmbot_autonomous_pkg/package.bash'
[10.842s] INFO:colcon.colcon_core.shell:Creating package script '/home/asgard/farmbot/install/farmbot_autonomous_pkg/share/farmbot_autonomous_pkg/package.zsh'
[10.861s] Level 1:colcon.colcon_core.environment:create_file_with_runtime_dependencies(/home/asgard/farmbot/install/farmbot_autonomous_pkg/share/colcon-core/packages/farmbot_autonomous_pkg)
[22.866s] DEBUG:colcon.colcon_core.event_handler.log_command:Invoked command in '/home/asgard/farmbot/build/ros_pospac_bridge' returned '0': CMAKE_PREFIX_PATH=${CMAKE_PREFIX_PATH}:/home/asgard/farmbot/install/farmbot_autonomous_pkg:/home/asgard/placement/install/self_driving_car_pkg:/opt/ros/humble /usr/bin/cmake --build /home/asgard/farmbot/build/ros_pospac_bridge -- -j12 -l12
[22.913s] DEBUG:colcon.colcon_core.event_handler.log_command:Invoking command in '/home/asgard/farmbot/build/ros_pospac_bridge': CMAKE_PREFIX_PATH=${CMAKE_PREFIX_PATH}:/home/asgard/farmbot/install/farmbot_autonomous_pkg:/home/asgard/placement/install/self_driving_car_pkg:/opt/ros/humble /usr/bin/cmake --install /home/asgard/farmbot/build/ros_pospac_bridge
[23.105s] Level 1:colcon.colcon_core.environment:create_environment_scripts_only(ros_pospac_bridge)
[23.105s] Level 1:colcon.colcon_core.environment:checking '/home/asgard/farmbot/install/ros_pospac_bridge' for CMake module files
[23.106s] DEBUG:colcon.colcon_core.event_handler.log_command:Invoked command in '/home/asgard/farmbot/build/ros_pospac_bridge' returned '0': CMAKE_PREFIX_PATH=${CMAKE_PREFIX_PATH}:/home/asgard/farmbot/install/farmbot_autonomous_pkg:/home/asgard/placement/install/self_driving_car_pkg:/opt/ros/humble /usr/bin/cmake --install /home/asgard/farmbot/build/ros_pospac_bridge
[23.106s] Level 1:colcon.colcon_core.environment:checking '/home/asgard/farmbot/install/ros_pospac_bridge' for CMake config files
[23.107s] Level 1:colcon.colcon_core.shell:create_environment_hook('ros_pospac_bridge', 'cmake_prefix_path')
[23.107s] INFO:colcon.colcon_core.shell:Creating environment hook '/home/asgard/farmbot/install/ros_pospac_bridge/share/ros_pospac_bridge/hook/cmake_prefix_path.ps1'
[23.108s] INFO:colcon.colcon_core.shell:Creating environment descriptor '/home/asgard/farmbot/install/ros_pospac_bridge/share/ros_pospac_bridge/hook/cmake_prefix_path.dsv'
[23.108s] INFO:colcon.colcon_core.shell:Creating environment hook '/home/asgard/farmbot/install/ros_pospac_bridge/share/ros_pospac_bridge/hook/cmake_prefix_path.sh'
[23.109s] Level 1:colcon.colcon_core.environment:checking '/home/asgard/farmbot/install/ros_pospac_bridge/lib'
[23.109s] Level 1:colcon.colcon_core.environment:checking '/home/asgard/farmbot/install/ros_pospac_bridge/bin'
[23.109s] Level 1:colcon.colcon_core.environment:checking '/home/asgard/farmbot/install/ros_pospac_bridge/lib/pkgconfig/ros_pospac_bridge.pc'
[23.109s] Level 1:colcon.colcon_core.environment:checking '/home/asgard/farmbot/install/ros_pospac_bridge/lib/python3.10/site-packages'
[23.109s] Level 1:colcon.colcon_core.environment:checking '/home/asgard/farmbot/install/ros_pospac_bridge/bin'
[23.110s] INFO:colcon.colcon_core.shell:Creating package script '/home/asgard/farmbot/install/ros_pospac_bridge/share/ros_pospac_bridge/package.ps1'
[23.110s] INFO:colcon.colcon_core.shell:Creating package descriptor '/home/asgard/farmbot/install/ros_pospac_bridge/share/ros_pospac_bridge/package.dsv'
[23.111s] INFO:colcon.colcon_core.shell:Creating package script '/home/asgard/farmbot/install/ros_pospac_bridge/share/ros_pospac_bridge/package.sh'
[23.112s] INFO:colcon.colcon_core.shell:Creating package script '/home/asgard/farmbot/install/ros_pospac_bridge/share/ros_pospac_bridge/package.bash'
[23.112s] INFO:colcon.colcon_core.shell:Creating package script '/home/asgard/farmbot/install/ros_pospac_bridge/share/ros_pospac_bridge/package.zsh'
[23.113s] Level 1:colcon.colcon_core.environment:create_file_with_runtime_dependencies(/home/asgard/farmbot/install/ros_pospac_bridge/share/colcon-core/packages/ros_pospac_bridge)
[23.113s] Level 1:colcon.colcon_core.environment:create_environment_scripts_only(ros_pospac_bridge)
[23.114s] Level 1:colcon.colcon_core.environment:checking '/home/asgard/farmbot/install/ros_pospac_bridge' for CMake module files
[23.114s] Level 1:colcon.colcon_core.environment:checking '/home/asgard/farmbot/install/ros_pospac_bridge' for CMake config files
[23.115s] Level 1:colcon.colcon_core.shell:create_environment_hook('ros_pospac_bridge', 'cmake_prefix_path')
[23.115s] INFO:colcon.colcon_core.shell:Creating environment hook '/home/asgard/farmbot/install/ros_pospac_bridge/share/ros_pospac_bridge/hook/cmake_prefix_path.ps1'
[23.116s] INFO:colcon.colcon_core.shell:Creating environment descriptor '/home/asgard/farmbot/install/ros_pospac_bridge/share/ros_pospac_bridge/hook/cmake_prefix_path.dsv'
[23.116s] INFO:colcon.colcon_core.shell:Creating environment hook '/home/asgard/farmbot/install/ros_pospac_bridge/share/ros_pospac_bridge/hook/cmake_prefix_path.sh'
[23.117s] Level 1:colcon.colcon_core.environment:checking '/home/asgard/farmbot/install/ros_pospac_bridge/lib'
[23.117s] Level 1:colcon.colcon_core.environment:checking '/home/asgard/farmbot/install/ros_pospac_bridge/bin'
[23.117s] Level 1:colcon.colcon_core.environment:checking '/home/asgard/farmbot/install/ros_pospac_bridge/lib/pkgconfig/ros_pospac_bridge.pc'
[23.118s] Level 1:colcon.colcon_core.environment:checking '/home/asgard/farmbot/install/ros_pospac_bridge/lib/python3.10/site-packages'
[23.118s] Level 1:colcon.colcon_core.environment:checking '/home/asgard/farmbot/install/ros_pospac_bridge/bin'
[23.119s] INFO:colcon.colcon_core.shell:Creating package script '/home/asgard/farmbot/install/ros_pospac_bridge/share/ros_pospac_bridge/package.ps1'
[23.120s] INFO:colcon.colcon_core.shell:Creating package descriptor '/home/asgard/farmbot/install/ros_pospac_bridge/share/ros_pospac_bridge/package.dsv'
[23.120s] INFO:colcon.colcon_core.shell:Creating package script '/home/asgard/farmbot/install/ros_pospac_bridge/share/ros_pospac_bridge/package.sh'
[23.121s] INFO:colcon.colcon_core.shell:Creating package script '/home/asgard/farmbot/install/ros_pospac_bridge/share/ros_pospac_bridge/package.bash'
[23.122s] INFO:colcon.colcon_core.shell:Creating package script '/home/asgard/farmbot/install/ros_pospac_bridge/share/ros_pospac_bridge/package.zsh'
[23.122s] Level 1:colcon.colcon_core.environment:create_file_with_runtime_dependencies(/home/asgard/farmbot/install/ros_pospac_bridge/share/colcon-core/packages/ros_pospac_bridge)
[23.123s] DEBUG:colcon.colcon_parallel_executor.executor.parallel:closing loop
[23.123s] DEBUG:colcon.colcon_parallel_executor.executor.parallel:loop closed
[23.123s] DEBUG:colcon.colcon_parallel_executor.executor.parallel:run_until_complete finished with '0'
[23.123s] DEBUG:colcon.colcon_core.event_reactor:joining thread
[23.174s] INFO:colcon.colcon_core.plugin_system:Skipping extension 'colcon_notification.desktop_notification.terminal_notifier': Not used on non-Darwin systems
[23.174s] INFO:colcon.colcon_core.plugin_system:Skipping extension 'colcon_notification.desktop_notification.win32': Not used on non-Windows systems
[23.175s] INFO:colcon.colcon_notification.desktop_notification:Sending desktop notification using 'notify2'
[23.198s] DEBUG:colcon.colcon_core.event_reactor:joined thread
[23.198s] INFO:colcon.colcon_core.shell:Creating prefix script '/home/asgard/farmbot/install/local_setup.ps1'
[23.211s] INFO:colcon.colcon_core.shell:Creating prefix util module '/home/asgard/farmbot/install/_local_setup_util_ps1.py'
[23.243s] INFO:colcon.colcon_core.shell:Creating prefix chain script '/home/asgard/farmbot/install/setup.ps1'
[23.248s] INFO:colcon.colcon_core.shell:Creating prefix script '/home/asgard/farmbot/install/local_setup.sh'
[23.259s] INFO:colcon.colcon_core.shell:Creating prefix util module '/home/asgard/farmbot/install/_local_setup_util_sh.py'
[23.262s] INFO:colcon.colcon_core.shell:Creating prefix chain script '/home/asgard/farmbot/install/setup.sh'
[23.269s] INFO:colcon.colcon_core.shell:Creating prefix script '/home/asgard/farmbot/install/local_setup.bash'
[23.285s] INFO:colcon.colcon_core.shell:Creating prefix chain script '/home/asgard/farmbot/install/setup.bash'
[23.292s] INFO:colcon.colcon_core.shell:Creating prefix script '/home/asgard/farmbot/install/local_setup.zsh'
[23.295s] INFO:colcon.colcon_core.shell:Creating prefix chain script '/home/asgard/farmbot/install/setup.zsh'
