[1.175s] DEBUG:colcon:Command line arguments: ['/usr/bin/colcon', 'build', '--symlink-install']
[1.175s] DEBUG:colcon:Parsed command line arguments: Namespace(log_base=None, log_level=None, verb_name='build', build_base='build', install_base='install', merge_install=False, symlink_install=True, test_result_base=None, continue_on_error=False, executor='parallel', parallel_workers=12, event_handlers=None, ignore_user_meta=False, metas=['./colcon.meta'], base_paths=['.'], packages_ignore=None, packages_ignore_regex=None, paths=None, packages_up_to=None, packages_up_to_regex=None, packages_above=None, packages_above_and_dependencies=None, packages_above_depth=None, packages_select_by_dep=None, packages_skip_by_dep=None, packages_skip_up_to=None, packages_select_build_failed=False, packages_skip_build_finished=False, packages_select_test_failures=False, packages_skip_test_passed=False, packages_select=None, packages_skip=None, packages_select_regex=None, packages_skip_regex=None, packages_start=None, packages_end=None, allow_overriding=[], cmake_args=None, cmake_target=None, cmake_target_skip_unavailable=False, cmake_clean_cache=False, cmake_clean_first=False, cmake_force_configure=False, ament_cmake_args=None, catkin_cmake_args=None, catkin_skip_building_tests=False, mixin_files=None, mixin=None, verb_parser=<colcon_mixin.mixin.mixin_argument.MixinArgumentDecorator object at 0x72bc24c942e0>, verb_extension=<colcon_core.verb.build.BuildVerb object at 0x72bc24c6fdf0>, main=<bound method BuildVerb.main of <colcon_core.verb.build.BuildVerb object at 0x72bc24c6fdf0>>, mixin_verb=('build',))
[1.417s] Level 1:colcon.colcon_core.package_discovery:discover_packages(colcon_meta) check parameters
[1.417s] Level 1:colcon.colcon_core.package_discovery:discover_packages(recursive) check parameters
[1.417s] Level 1:colcon.colcon_core.package_discovery:discover_packages(ignore) check parameters
[1.417s] Level 1:colcon.colcon_core.package_discovery:discover_packages(path) check parameters
[1.417s] Level 1:colcon.colcon_core.package_discovery:discover_packages(colcon_meta) discover
[1.417s] Level 1:colcon.colcon_core.package_discovery:discover_packages(recursive) discover
[1.417s] INFO:colcon.colcon_core.package_discovery:Crawling recursively for packages in '/home/asgard/farmbot'
[1.417s] Level 1:colcon.colcon_core.package_identification:_identify(.) by extensions ['ignore', 'ignore_ament_install']
[1.418s] Level 1:colcon.colcon_core.package_identification:_identify(.) by extension 'ignore'
[1.418s] Level 1:colcon.colcon_core.package_identification:_identify(.) by extension 'ignore_ament_install'
[1.418s] Level 1:colcon.colcon_core.package_identification:_identify(.) by extensions ['colcon_pkg']
[1.418s] Level 1:colcon.colcon_core.package_identification:_identify(.) by extension 'colcon_pkg'
[1.418s] Level 1:colcon.colcon_core.package_identification:_identify(.) by extensions ['colcon_meta']
[1.418s] Level 1:colcon.colcon_core.package_identification:_identify(.) by extension 'colcon_meta'
[1.418s] Level 1:colcon.colcon_core.package_identification:_identify(.) by extensions ['ros']
[1.418s] Level 1:colcon.colcon_core.package_identification:_identify(.) by extension 'ros'
[1.435s] Level 1:colcon.colcon_core.package_identification:_identify(.) by extensions ['cmake', 'python']
[1.435s] Level 1:colcon.colcon_core.package_identification:_identify(.) by extension 'cmake'
[1.435s] Level 1:colcon.colcon_core.package_identification:_identify(.) by extension 'python'
[1.435s] Level 1:colcon.colcon_core.package_identification:_identify(.) by extensions ['python_setup_py']
[1.435s] Level 1:colcon.colcon_core.package_identification:_identify(.) by extension 'python_setup_py'
[1.436s] Level 1:colcon.colcon_core.package_identification:_identify(build) by extensions ['ignore', 'ignore_ament_install']
[1.436s] Level 1:colcon.colcon_core.package_identification:_identify(build) by extension 'ignore'
[1.436s] Level 1:colcon.colcon_core.package_identification:_identify(build) ignored
[1.436s] Level 1:colcon.colcon_core.package_identification:_identify(install) by extensions ['ignore', 'ignore_ament_install']
[1.436s] Level 1:colcon.colcon_core.package_identification:_identify(install) by extension 'ignore'
[1.436s] Level 1:colcon.colcon_core.package_identification:_identify(install) ignored
[1.436s] Level 1:colcon.colcon_core.package_identification:_identify(log) by extensions ['ignore', 'ignore_ament_install']
[1.436s] Level 1:colcon.colcon_core.package_identification:_identify(log) by extension 'ignore'
[1.436s] Level 1:colcon.colcon_core.package_identification:_identify(log) ignored
[1.436s] Level 1:colcon.colcon_core.package_identification:_identify(src) by extensions ['ignore', 'ignore_ament_install']
[1.436s] Level 1:colcon.colcon_core.package_identification:_identify(src) by extension 'ignore'
[1.436s] Level 1:colcon.colcon_core.package_identification:_identify(src) by extension 'ignore_ament_install'
[1.436s] Level 1:colcon.colcon_core.package_identification:_identify(src) by extensions ['colcon_pkg']
[1.436s] Level 1:colcon.colcon_core.package_identification:_identify(src) by extension 'colcon_pkg'
[1.436s] Level 1:colcon.colcon_core.package_identification:_identify(src) by extensions ['colcon_meta']
[1.437s] Level 1:colcon.colcon_core.package_identification:_identify(src) by extension 'colcon_meta'
[1.437s] Level 1:colcon.colcon_core.package_identification:_identify(src) by extensions ['ros']
[1.437s] Level 1:colcon.colcon_core.package_identification:_identify(src) by extension 'ros'
[1.437s] Level 1:colcon.colcon_core.package_identification:_identify(src) by extensions ['cmake', 'python']
[1.437s] Level 1:colcon.colcon_core.package_identification:_identify(src) by extension 'cmake'
[1.437s] Level 1:colcon.colcon_core.package_identification:_identify(src) by extension 'python'
[1.437s] Level 1:colcon.colcon_core.package_identification:_identify(src) by extensions ['python_setup_py']
[1.437s] Level 1:colcon.colcon_core.package_identification:_identify(src) by extension 'python_setup_py'
[1.437s] Level 1:colcon.colcon_core.package_identification:_identify(src/computer_vision) by extensions ['ignore', 'ignore_ament_install']
[1.437s] Level 1:colcon.colcon_core.package_identification:_identify(src/computer_vision) by extension 'ignore'
[1.437s] Level 1:colcon.colcon_core.package_identification:_identify(src/computer_vision) by extension 'ignore_ament_install'
[1.437s] Level 1:colcon.colcon_core.package_identification:_identify(src/computer_vision) by extensions ['colcon_pkg']
[1.437s] Level 1:colcon.colcon_core.package_identification:_identify(src/computer_vision) by extension 'colcon_pkg'
[1.437s] Level 1:colcon.colcon_core.package_identification:_identify(src/computer_vision) by extensions ['colcon_meta']
[1.437s] Level 1:colcon.colcon_core.package_identification:_identify(src/computer_vision) by extension 'colcon_meta'
[1.437s] Level 1:colcon.colcon_core.package_identification:_identify(src/computer_vision) by extensions ['ros']
[1.437s] Level 1:colcon.colcon_core.package_identification:_identify(src/computer_vision) by extension 'ros'
[1.437s] Level 1:colcon.colcon_core.package_identification:_identify(src/computer_vision) by extensions ['cmake', 'python']
[1.437s] Level 1:colcon.colcon_core.package_identification:_identify(src/computer_vision) by extension 'cmake'
[1.437s] Level 1:colcon.colcon_core.package_identification:_identify(src/computer_vision) by extension 'python'
[1.437s] Level 1:colcon.colcon_core.package_identification:_identify(src/computer_vision) by extensions ['python_setup_py']
[1.437s] Level 1:colcon.colcon_core.package_identification:_identify(src/computer_vision) by extension 'python_setup_py'
[1.438s] Level 1:colcon.colcon_core.package_identification:_identify(src/farmbot_autonomous_pkg) by extensions ['ignore', 'ignore_ament_install']
[1.438s] Level 1:colcon.colcon_core.package_identification:_identify(src/farmbot_autonomous_pkg) by extension 'ignore'
[1.438s] Level 1:colcon.colcon_core.package_identification:_identify(src/farmbot_autonomous_pkg) by extension 'ignore_ament_install'
[1.438s] Level 1:colcon.colcon_core.package_identification:_identify(src/farmbot_autonomous_pkg) by extensions ['colcon_pkg']
[1.438s] Level 1:colcon.colcon_core.package_identification:_identify(src/farmbot_autonomous_pkg) by extension 'colcon_pkg'
[1.438s] Level 1:colcon.colcon_core.package_identification:_identify(src/farmbot_autonomous_pkg) by extensions ['colcon_meta']
[1.438s] Level 1:colcon.colcon_core.package_identification:_identify(src/farmbot_autonomous_pkg) by extension 'colcon_meta'
[1.438s] Level 1:colcon.colcon_core.package_identification:_identify(src/farmbot_autonomous_pkg) by extensions ['ros']
[1.438s] Level 1:colcon.colcon_core.package_identification:_identify(src/farmbot_autonomous_pkg) by extension 'ros'
[1.440s] DEBUG:colcon.colcon_core.package_identification:Package 'src/farmbot_autonomous_pkg' with type 'ros.ament_python' and name 'farmbot_autonomous_pkg'
[1.440s] Level 1:colcon.colcon_core.package_discovery:discover_packages(recursive) using defaults
[1.440s] Level 1:colcon.colcon_core.package_discovery:discover_packages(ignore) discover
[1.440s] Level 1:colcon.colcon_core.package_discovery:discover_packages(ignore) using defaults
[1.440s] Level 1:colcon.colcon_core.package_discovery:discover_packages(path) discover
[1.440s] Level 1:colcon.colcon_core.package_discovery:discover_packages(path) using defaults
[1.722s] Level 1:colcon.colcon_core.package_discovery:discover_packages(prefix_path) check parameters
[1.723s] Level 1:colcon.colcon_core.package_discovery:discover_packages(prefix_path) discover
[1.735s] DEBUG:colcon.colcon_installed_package_information.package_discovery:Found 3 installed packages in /home/asgard/farmbot/install
[1.738s] DEBUG:colcon.colcon_installed_package_information.package_discovery:Found 10 installed packages in /home/asgard/husky_ws/install
[1.739s] DEBUG:colcon.colcon_installed_package_information.package_discovery:Found 1 installed packages in /home/asgard/placement/install
[1.747s] DEBUG:colcon.colcon_installed_package_information.package_discovery:Found 453 installed packages in /opt/ros/humble
[1.758s] Level 1:colcon.colcon_core.package_discovery:discover_packages(prefix_path) using defaults
[2.722s] Level 5:colcon.colcon_core.verb:set package 'farmbot_autonomous_pkg' build argument 'cmake_args' from command line to 'None'
[2.722s] Level 5:colcon.colcon_core.verb:set package 'farmbot_autonomous_pkg' build argument 'cmake_target' from command line to 'None'
[2.722s] Level 5:colcon.colcon_core.verb:set package 'farmbot_autonomous_pkg' build argument 'cmake_target_skip_unavailable' from command line to 'False'
[2.722s] Level 5:colcon.colcon_core.verb:set package 'farmbot_autonomous_pkg' build argument 'cmake_clean_cache' from command line to 'False'
[2.722s] Level 5:colcon.colcon_core.verb:set package 'farmbot_autonomous_pkg' build argument 'cmake_clean_first' from command line to 'False'
[2.722s] Level 5:colcon.colcon_core.verb:set package 'farmbot_autonomous_pkg' build argument 'cmake_force_configure' from command line to 'False'
[2.722s] Level 5:colcon.colcon_core.verb:set package 'farmbot_autonomous_pkg' build argument 'ament_cmake_args' from command line to 'None'
[2.722s] Level 5:colcon.colcon_core.verb:set package 'farmbot_autonomous_pkg' build argument 'catkin_cmake_args' from command line to 'None'
[2.722s] Level 5:colcon.colcon_core.verb:set package 'farmbot_autonomous_pkg' build argument 'catkin_skip_building_tests' from command line to 'False'
[2.722s] DEBUG:colcon.colcon_core.verb:Building package 'farmbot_autonomous_pkg' with the following arguments: {'ament_cmake_args': None, 'build_base': '/home/asgard/farmbot/build/farmbot_autonomous_pkg', 'catkin_cmake_args': None, 'catkin_skip_building_tests': False, 'cmake_args': None, 'cmake_clean_cache': False, 'cmake_clean_first': False, 'cmake_force_configure': False, 'cmake_target': None, 'cmake_target_skip_unavailable': False, 'install_base': '/home/asgard/farmbot/install/farmbot_autonomous_pkg', 'merge_install': False, 'path': '/home/asgard/farmbot/src/farmbot_autonomous_pkg', 'symlink_install': True, 'test_result_base': None}
[2.722s] INFO:colcon.colcon_core.executor:Executing jobs using 'parallel' executor
[2.723s] DEBUG:colcon.colcon_parallel_executor.executor.parallel:run_until_complete
[2.723s] INFO:colcon.colcon_ros.task.ament_python.build:Building ROS package in '/home/asgard/farmbot/src/farmbot_autonomous_pkg' with build type 'ament_python'
[2.724s] Level 1:colcon.colcon_core.shell:create_environment_hook('farmbot_autonomous_pkg', 'ament_prefix_path')
[2.759s] INFO:colcon.colcon_core.plugin_system:Skipping extension 'colcon_core.shell.bat': Not used on non-Windows systems
[2.759s] INFO:colcon.colcon_core.shell:Creating environment hook '/home/asgard/farmbot/install/farmbot_autonomous_pkg/share/farmbot_autonomous_pkg/hook/ament_prefix_path.ps1'
[2.765s] INFO:colcon.colcon_core.shell:Creating environment descriptor '/home/asgard/farmbot/install/farmbot_autonomous_pkg/share/farmbot_autonomous_pkg/hook/ament_prefix_path.dsv'
[2.782s] INFO:colcon.colcon_core.shell:Creating environment hook '/home/asgard/farmbot/install/farmbot_autonomous_pkg/share/farmbot_autonomous_pkg/hook/ament_prefix_path.sh'
[2.786s] INFO:colcon.colcon_core.shell:Skip shell extension 'powershell' for command environment: Not usable outside of PowerShell
[2.786s] DEBUG:colcon.colcon_core.shell:Skip shell extension 'dsv' for command environment
[4.211s] INFO:colcon.colcon_core.task.python.build:Building Python package in '/home/asgard/farmbot/src/farmbot_autonomous_pkg'
[4.211s] INFO:colcon.colcon_core.shell:Skip shell extension 'powershell' for command environment: Not usable outside of PowerShell
[4.211s] DEBUG:colcon.colcon_core.shell:Skip shell extension 'dsv' for command environment
[6.345s] DEBUG:colcon.colcon_core.task.python.build:While undoing a previous installation files outside the Python library path are being ignored: /home/asgard/farmbot/install/farmbot_autonomous_pkg/share/ament_index/resource_index/packages/farmbot_autonomous_pkg
[6.345s] DEBUG:colcon.colcon_core.task.python.build:While undoing a previous installation files outside the Python library path are being ignored: /home/asgard/farmbot/install/farmbot_autonomous_pkg/share/farmbot_autonomous_pkg/package.xml
[6.345s] DEBUG:colcon.colcon_core.task.python.build:While undoing a previous installation files outside the Python library path are being ignored: /home/asgard/farmbot/install/farmbot_autonomous_pkg/share/farmbot_autonomous_pkg/launch/world_gazebo.launch.py
[6.345s] DEBUG:colcon.colcon_core.task.python.build:While undoing a previous installation files outside the Python library path are being ignored: /home/asgard/farmbot/install/farmbot_autonomous_pkg/share/farmbot_autonomous_pkg/launch/vision_odometry.launch.py
[6.345s] DEBUG:colcon.colcon_core.task.python.build:While undoing a previous installation files outside the Python library path are being ignored: /home/asgard/farmbot/install/farmbot_autonomous_pkg/share/farmbot_autonomous_pkg/worlds/farmland.world
[6.346s] DEBUG:colcon.colcon_core.task.python.build:While undoing a previous installation files outside the Python library path are being ignored: /home/asgard/farmbot/install/farmbot_autonomous_pkg/lib/farmbot_autonomous_pkg/vis_odem_node
[6.346s] DEBUG:colcon.colcon_core.task.python.build:While undoing a previous installation files outside the Python library path are being ignored: /home/asgard/farmbot/install/farmbot_autonomous_pkg/lib/farmbot_autonomous_pkg/vision_node
[6.349s] DEBUG:colcon.colcon_core.event_handler.log_command:Invoking command in '/home/asgard/farmbot/build/farmbot_autonomous_pkg': PYTHONPATH=/home/asgard/farmbot/build/farmbot_autonomous_pkg/prefix_override:/usr/lib/python3/dist-packages/colcon_core/task/python/colcon_distutils_commands:/home/asgard/farmbot/install/farmbot_autonomous_pkg/lib/python3.10/site-packages:${PYTHONPATH} /usr/bin/python3 -W ignore:setup.py install is deprecated -W ignore:easy_install command is deprecated setup.py develop --editable --build-directory /home/asgard/farmbot/build/farmbot_autonomous_pkg/build --no-deps symlink_data --force
[7.065s] Level 1:colcon.colcon_core.shell:create_environment_hook('farmbot_autonomous_pkg', 'pythonpath_develop')
[7.065s] INFO:colcon.colcon_core.shell:Creating environment hook '/home/asgard/farmbot/build/farmbot_autonomous_pkg/share/farmbot_autonomous_pkg/hook/pythonpath_develop.ps1'
[7.066s] DEBUG:colcon.colcon_core.event_handler.log_command:Invoked command in '/home/asgard/farmbot/build/farmbot_autonomous_pkg' returned '0': PYTHONPATH=/home/asgard/farmbot/build/farmbot_autonomous_pkg/prefix_override:/usr/lib/python3/dist-packages/colcon_core/task/python/colcon_distutils_commands:/home/asgard/farmbot/install/farmbot_autonomous_pkg/lib/python3.10/site-packages:${PYTHONPATH} /usr/bin/python3 -W ignore:setup.py install is deprecated -W ignore:easy_install command is deprecated setup.py develop --editable --build-directory /home/asgard/farmbot/build/farmbot_autonomous_pkg/build --no-deps symlink_data --force
[7.066s] INFO:colcon.colcon_core.shell:Creating environment descriptor '/home/asgard/farmbot/build/farmbot_autonomous_pkg/share/farmbot_autonomous_pkg/hook/pythonpath_develop.dsv'
[7.066s] INFO:colcon.colcon_core.shell:Creating environment hook '/home/asgard/farmbot/build/farmbot_autonomous_pkg/share/farmbot_autonomous_pkg/hook/pythonpath_develop.sh'
[7.069s] Level 1:colcon.colcon_core.environment:checking '/home/asgard/farmbot/install/farmbot_autonomous_pkg' for CMake module files
[7.070s] Level 1:colcon.colcon_core.environment:checking '/home/asgard/farmbot/install/farmbot_autonomous_pkg' for CMake config files
[7.071s] Level 1:colcon.colcon_core.environment:checking '/home/asgard/farmbot/install/farmbot_autonomous_pkg/lib'
[7.071s] Level 1:colcon.colcon_core.environment:checking '/home/asgard/farmbot/install/farmbot_autonomous_pkg/bin'
[7.071s] Level 1:colcon.colcon_core.environment:checking '/home/asgard/farmbot/install/farmbot_autonomous_pkg/lib/pkgconfig/farmbot_autonomous_pkg.pc'
[7.071s] Level 1:colcon.colcon_core.environment:checking '/home/asgard/farmbot/install/farmbot_autonomous_pkg/lib/python3.10/site-packages'
[7.071s] Level 1:colcon.colcon_core.shell:create_environment_hook('farmbot_autonomous_pkg', 'pythonpath')
[7.072s] INFO:colcon.colcon_core.shell:Creating environment hook '/home/asgard/farmbot/install/farmbot_autonomous_pkg/share/farmbot_autonomous_pkg/hook/pythonpath.ps1'
[7.072s] INFO:colcon.colcon_core.shell:Creating environment descriptor '/home/asgard/farmbot/install/farmbot_autonomous_pkg/share/farmbot_autonomous_pkg/hook/pythonpath.dsv'
[7.072s] INFO:colcon.colcon_core.shell:Creating environment hook '/home/asgard/farmbot/install/farmbot_autonomous_pkg/share/farmbot_autonomous_pkg/hook/pythonpath.sh'
[7.073s] Level 1:colcon.colcon_core.environment:checking '/home/asgard/farmbot/install/farmbot_autonomous_pkg/bin'
[7.073s] Level 1:colcon.colcon_core.environment:create_environment_scripts_only(farmbot_autonomous_pkg)
[7.073s] INFO:colcon.colcon_core.shell:Creating package script '/home/asgard/farmbot/install/farmbot_autonomous_pkg/share/farmbot_autonomous_pkg/package.ps1'
[7.074s] INFO:colcon.colcon_core.shell:Creating package descriptor '/home/asgard/farmbot/install/farmbot_autonomous_pkg/share/farmbot_autonomous_pkg/package.dsv'
[7.075s] INFO:colcon.colcon_core.shell:Creating package script '/home/asgard/farmbot/install/farmbot_autonomous_pkg/share/farmbot_autonomous_pkg/package.sh'
[7.076s] INFO:colcon.colcon_core.shell:Creating package script '/home/asgard/farmbot/install/farmbot_autonomous_pkg/share/farmbot_autonomous_pkg/package.bash'
[7.077s] INFO:colcon.colcon_core.shell:Creating package script '/home/asgard/farmbot/install/farmbot_autonomous_pkg/share/farmbot_autonomous_pkg/package.zsh'
[7.078s] Level 1:colcon.colcon_core.environment:create_file_with_runtime_dependencies(/home/asgard/farmbot/install/farmbot_autonomous_pkg/share/colcon-core/packages/farmbot_autonomous_pkg)
[7.078s] DEBUG:colcon.colcon_parallel_executor.executor.parallel:closing loop
[7.078s] DEBUG:colcon.colcon_parallel_executor.executor.parallel:loop closed
[7.078s] DEBUG:colcon.colcon_parallel_executor.executor.parallel:run_until_complete finished with '0'
[7.078s] DEBUG:colcon.colcon_core.event_reactor:joining thread
[7.084s] INFO:colcon.colcon_core.plugin_system:Skipping extension 'colcon_notification.desktop_notification.terminal_notifier': Not used on non-Darwin systems
[7.084s] INFO:colcon.colcon_core.plugin_system:Skipping extension 'colcon_notification.desktop_notification.win32': Not used on non-Windows systems
[7.084s] INFO:colcon.colcon_notification.desktop_notification:Sending desktop notification using 'notify2'
[7.093s] DEBUG:colcon.colcon_core.event_reactor:joined thread
[7.094s] INFO:colcon.colcon_core.shell:Creating prefix script '/home/asgard/farmbot/install/local_setup.ps1'
[7.095s] INFO:colcon.colcon_core.shell:Creating prefix util module '/home/asgard/farmbot/install/_local_setup_util_ps1.py'
[7.096s] INFO:colcon.colcon_core.shell:Creating prefix chain script '/home/asgard/farmbot/install/setup.ps1'
[7.097s] INFO:colcon.colcon_core.shell:Creating prefix script '/home/asgard/farmbot/install/local_setup.sh'
[7.098s] INFO:colcon.colcon_core.shell:Creating prefix util module '/home/asgard/farmbot/install/_local_setup_util_sh.py'
[7.099s] INFO:colcon.colcon_core.shell:Creating prefix chain script '/home/asgard/farmbot/install/setup.sh'
[7.101s] INFO:colcon.colcon_core.shell:Creating prefix script '/home/asgard/farmbot/install/local_setup.bash'
[7.129s] INFO:colcon.colcon_core.shell:Creating prefix chain script '/home/asgard/farmbot/install/setup.bash'
[7.131s] INFO:colcon.colcon_core.shell:Creating prefix script '/home/asgard/farmbot/install/local_setup.zsh'
[7.134s] INFO:colcon.colcon_core.shell:Creating prefix chain script '/home/asgard/farmbot/install/setup.zsh'
