[0.108s] DEBUG:colcon:Command line arguments: ['/usr/bin/colcon', 'build', '--packages-select', 'farmbot_autonomous_pkg']
[0.108s] DEBUG:colcon:Parsed command line arguments: Namespace(log_base=None, log_level=None, verb_name='build', build_base='build', install_base='install', merge_install=False, symlink_install=False, test_result_base=None, continue_on_error=False, executor='parallel', parallel_workers=12, event_handlers=None, ignore_user_meta=False, metas=['./colcon.meta'], base_paths=['.'], packages_ignore=None, packages_ignore_regex=None, paths=None, packages_up_to=None, packages_up_to_regex=None, packages_above=None, packages_above_and_dependencies=None, packages_above_depth=None, packages_select_by_dep=None, packages_skip_by_dep=None, packages_skip_up_to=None, packages_select_build_failed=False, packages_skip_build_finished=False, packages_select_test_failures=False, packages_skip_test_passed=False, packages_select=['farmbot_autonomous_pkg'], packages_skip=None, packages_select_regex=None, packages_skip_regex=None, packages_start=None, packages_end=None, allow_overriding=[], cmake_args=None, cmake_target=None, cmake_target_skip_unavailable=False, cmake_clean_cache=False, cmake_clean_first=False, cmake_force_configure=False, ament_cmake_args=None, catkin_cmake_args=None, catkin_skip_building_tests=False, mixin_files=None, mixin=None, verb_parser=<colcon_mixin.mixin.mixin_argument.MixinArgumentDecorator object at 0x7a3c06d00ac0>, verb_extension=<colcon_core.verb.build.BuildVerb object at 0x7a3c06d00610>, main=<bound method BuildVerb.main of <colcon_core.verb.build.BuildVerb object at 0x7a3c06d00610>>, mixin_verb=('build',))
[0.318s] Level 1:colcon.colcon_core.package_discovery:discover_packages(colcon_meta) check parameters
[0.318s] Level 1:colcon.colcon_core.package_discovery:discover_packages(recursive) check parameters
[0.318s] Level 1:colcon.colcon_core.package_discovery:discover_packages(ignore) check parameters
[0.318s] Level 1:colcon.colcon_core.package_discovery:discover_packages(path) check parameters
[0.318s] Level 1:colcon.colcon_core.package_discovery:discover_packages(colcon_meta) discover
[0.318s] Level 1:colcon.colcon_core.package_discovery:discover_packages(recursive) discover
[0.318s] INFO:colcon.colcon_core.package_discovery:Crawling recursively for packages in '/home/asgard/farmbot'
[0.318s] Level 1:colcon.colcon_core.package_identification:_identify(.) by extensions ['ignore', 'ignore_ament_install']
[0.318s] Level 1:colcon.colcon_core.package_identification:_identify(.) by extension 'ignore'
[0.318s] Level 1:colcon.colcon_core.package_identification:_identify(.) by extension 'ignore_ament_install'
[0.319s] Level 1:colcon.colcon_core.package_identification:_identify(.) by extensions ['colcon_pkg']
[0.319s] Level 1:colcon.colcon_core.package_identification:_identify(.) by extension 'colcon_pkg'
[0.319s] Level 1:colcon.colcon_core.package_identification:_identify(.) by extensions ['colcon_meta']
[0.319s] Level 1:colcon.colcon_core.package_identification:_identify(.) by extension 'colcon_meta'
[0.319s] Level 1:colcon.colcon_core.package_identification:_identify(.) by extensions ['ros']
[0.319s] Level 1:colcon.colcon_core.package_identification:_identify(.) by extension 'ros'
[0.335s] Level 1:colcon.colcon_core.package_identification:_identify(.) by extensions ['cmake', 'python']
[0.336s] Level 1:colcon.colcon_core.package_identification:_identify(.) by extension 'cmake'
[0.336s] Level 1:colcon.colcon_core.package_identification:_identify(.) by extension 'python'
[0.336s] Level 1:colcon.colcon_core.package_identification:_identify(.) by extensions ['python_setup_py']
[0.336s] Level 1:colcon.colcon_core.package_identification:_identify(.) by extension 'python_setup_py'
[0.336s] Level 1:colcon.colcon_core.package_identification:_identify(build) by extensions ['ignore', 'ignore_ament_install']
[0.336s] Level 1:colcon.colcon_core.package_identification:_identify(build) by extension 'ignore'
[0.336s] Level 1:colcon.colcon_core.package_identification:_identify(build) ignored
[0.336s] Level 1:colcon.colcon_core.package_identification:_identify(install) by extensions ['ignore', 'ignore_ament_install']
[0.336s] Level 1:colcon.colcon_core.package_identification:_identify(install) by extension 'ignore'
[0.336s] Level 1:colcon.colcon_core.package_identification:_identify(install) ignored
[0.336s] Level 1:colcon.colcon_core.package_identification:_identify(log) by extensions ['ignore', 'ignore_ament_install']
[0.336s] Level 1:colcon.colcon_core.package_identification:_identify(log) by extension 'ignore'
[0.336s] Level 1:colcon.colcon_core.package_identification:_identify(log) ignored
[0.337s] Level 1:colcon.colcon_core.package_identification:_identify(src) by extensions ['ignore', 'ignore_ament_install']
[0.337s] Level 1:colcon.colcon_core.package_identification:_identify(src) by extension 'ignore'
[0.337s] Level 1:colcon.colcon_core.package_identification:_identify(src) by extension 'ignore_ament_install'
[0.337s] Level 1:colcon.colcon_core.package_identification:_identify(src) by extensions ['colcon_pkg']
[0.337s] Level 1:colcon.colcon_core.package_identification:_identify(src) by extension 'colcon_pkg'
[0.337s] Level 1:colcon.colcon_core.package_identification:_identify(src) by extensions ['colcon_meta']
[0.337s] Level 1:colcon.colcon_core.package_identification:_identify(src) by extension 'colcon_meta'
[0.337s] Level 1:colcon.colcon_core.package_identification:_identify(src) by extensions ['ros']
[0.337s] Level 1:colcon.colcon_core.package_identification:_identify(src) by extension 'ros'
[0.337s] Level 1:colcon.colcon_core.package_identification:_identify(src) by extensions ['cmake', 'python']
[0.337s] Level 1:colcon.colcon_core.package_identification:_identify(src) by extension 'cmake'
[0.337s] Level 1:colcon.colcon_core.package_identification:_identify(src) by extension 'python'
[0.337s] Level 1:colcon.colcon_core.package_identification:_identify(src) by extensions ['python_setup_py']
[0.337s] Level 1:colcon.colcon_core.package_identification:_identify(src) by extension 'python_setup_py'
[0.337s] Level 1:colcon.colcon_core.package_identification:_identify(src/computer_vision) by extensions ['ignore', 'ignore_ament_install']
[0.337s] Level 1:colcon.colcon_core.package_identification:_identify(src/computer_vision) by extension 'ignore'
[0.337s] Level 1:colcon.colcon_core.package_identification:_identify(src/computer_vision) by extension 'ignore_ament_install'
[0.337s] Level 1:colcon.colcon_core.package_identification:_identify(src/computer_vision) by extensions ['colcon_pkg']
[0.337s] Level 1:colcon.colcon_core.package_identification:_identify(src/computer_vision) by extension 'colcon_pkg'
[0.337s] Level 1:colcon.colcon_core.package_identification:_identify(src/computer_vision) by extensions ['colcon_meta']
[0.337s] Level 1:colcon.colcon_core.package_identification:_identify(src/computer_vision) by extension 'colcon_meta'
[0.338s] Level 1:colcon.colcon_core.package_identification:_identify(src/computer_vision) by extensions ['ros']
[0.338s] Level 1:colcon.colcon_core.package_identification:_identify(src/computer_vision) by extension 'ros'
[0.338s] Level 1:colcon.colcon_core.package_identification:_identify(src/computer_vision) by extensions ['cmake', 'python']
[0.338s] Level 1:colcon.colcon_core.package_identification:_identify(src/computer_vision) by extension 'cmake'
[0.338s] Level 1:colcon.colcon_core.package_identification:_identify(src/computer_vision) by extension 'python'
[0.338s] Level 1:colcon.colcon_core.package_identification:_identify(src/computer_vision) by extensions ['python_setup_py']
[0.338s] Level 1:colcon.colcon_core.package_identification:_identify(src/computer_vision) by extension 'python_setup_py'
[0.338s] Level 1:colcon.colcon_core.package_identification:_identify(src/farmbot_autonomous_pkg) by extensions ['ignore', 'ignore_ament_install']
[0.338s] Level 1:colcon.colcon_core.package_identification:_identify(src/farmbot_autonomous_pkg) by extension 'ignore'
[0.338s] Level 1:colcon.colcon_core.package_identification:_identify(src/farmbot_autonomous_pkg) by extension 'ignore_ament_install'
[0.338s] Level 1:colcon.colcon_core.package_identification:_identify(src/farmbot_autonomous_pkg) by extensions ['colcon_pkg']
[0.338s] Level 1:colcon.colcon_core.package_identification:_identify(src/farmbot_autonomous_pkg) by extension 'colcon_pkg'
[0.338s] Level 1:colcon.colcon_core.package_identification:_identify(src/farmbot_autonomous_pkg) by extensions ['colcon_meta']
[0.338s] Level 1:colcon.colcon_core.package_identification:_identify(src/farmbot_autonomous_pkg) by extension 'colcon_meta'
[0.338s] Level 1:colcon.colcon_core.package_identification:_identify(src/farmbot_autonomous_pkg) by extensions ['ros']
[0.338s] Level 1:colcon.colcon_core.package_identification:_identify(src/farmbot_autonomous_pkg) by extension 'ros'
[0.340s] DEBUG:colcon.colcon_core.package_identification:Package 'src/farmbot_autonomous_pkg' with type 'ros.ament_python' and name 'farmbot_autonomous_pkg'
[0.341s] Level 1:colcon.colcon_core.package_identification:_identify(videos) by extensions ['ignore', 'ignore_ament_install']
[0.341s] Level 1:colcon.colcon_core.package_identification:_identify(videos) by extension 'ignore'
[0.341s] Level 1:colcon.colcon_core.package_identification:_identify(videos) by extension 'ignore_ament_install'
[0.341s] Level 1:colcon.colcon_core.package_identification:_identify(videos) by extensions ['colcon_pkg']
[0.341s] Level 1:colcon.colcon_core.package_identification:_identify(videos) by extension 'colcon_pkg'
[0.341s] Level 1:colcon.colcon_core.package_identification:_identify(videos) by extensions ['colcon_meta']
[0.341s] Level 1:colcon.colcon_core.package_identification:_identify(videos) by extension 'colcon_meta'
[0.341s] Level 1:colcon.colcon_core.package_identification:_identify(videos) by extensions ['ros']
[0.341s] Level 1:colcon.colcon_core.package_identification:_identify(videos) by extension 'ros'
[0.341s] Level 1:colcon.colcon_core.package_identification:_identify(videos) by extensions ['cmake', 'python']
[0.341s] Level 1:colcon.colcon_core.package_identification:_identify(videos) by extension 'cmake'
[0.341s] Level 1:colcon.colcon_core.package_identification:_identify(videos) by extension 'python'
[0.341s] Level 1:colcon.colcon_core.package_identification:_identify(videos) by extensions ['python_setup_py']
[0.341s] Level 1:colcon.colcon_core.package_identification:_identify(videos) by extension 'python_setup_py'
[0.341s] Level 1:colcon.colcon_core.package_discovery:discover_packages(recursive) using defaults
[0.341s] Level 1:colcon.colcon_core.package_discovery:discover_packages(ignore) discover
[0.341s] Level 1:colcon.colcon_core.package_discovery:discover_packages(ignore) using defaults
[0.341s] Level 1:colcon.colcon_core.package_discovery:discover_packages(path) discover
[0.341s] Level 1:colcon.colcon_core.package_discovery:discover_packages(path) using defaults
[0.361s] Level 1:colcon.colcon_core.package_discovery:discover_packages(prefix_path) check parameters
[0.361s] Level 1:colcon.colcon_core.package_discovery:discover_packages(prefix_path) discover
[0.362s] WARNING:colcon.colcon_core.prefix_path.colcon:The path '/home/asgard/husky_ws/install' in the environment variable COLCON_PREFIX_PATH doesn't exist
[0.362s] WARNING:colcon.colcon_ros.prefix_path.ament:The path '/home/asgard/husky_ws/install/husky_desktop' in the environment variable AMENT_PREFIX_PATH doesn't exist
[0.362s] WARNING:colcon.colcon_ros.prefix_path.ament:The path '/home/asgard/husky_ws/install/husky_viz' in the environment variable AMENT_PREFIX_PATH doesn't exist
[0.362s] WARNING:colcon.colcon_ros.prefix_path.ament:The path '/home/asgard/husky_ws/install/husky_simulator' in the environment variable AMENT_PREFIX_PATH doesn't exist
[0.363s] WARNING:colcon.colcon_ros.prefix_path.ament:The path '/home/asgard/husky_ws/install/husky_robot' in the environment variable AMENT_PREFIX_PATH doesn't exist
[0.363s] WARNING:colcon.colcon_ros.prefix_path.ament:The path '/home/asgard/husky_ws/install/husky_bringup' in the environment variable AMENT_PREFIX_PATH doesn't exist
[0.363s] WARNING:colcon.colcon_ros.prefix_path.ament:The path '/home/asgard/husky_ws/install/husky_base' in the environment variable AMENT_PREFIX_PATH doesn't exist
[0.363s] WARNING:colcon.colcon_ros.prefix_path.ament:The path '/home/asgard/husky_ws/install/husky_msgs' in the environment variable AMENT_PREFIX_PATH doesn't exist
[0.363s] WARNING:colcon.colcon_ros.prefix_path.ament:The path '/home/asgard/husky_ws/install/husky_gazebo' in the environment variable AMENT_PREFIX_PATH doesn't exist
[0.363s] WARNING:colcon.colcon_ros.prefix_path.ament:The path '/home/asgard/husky_ws/install/husky_control' in the environment variable AMENT_PREFIX_PATH doesn't exist
[0.363s] WARNING:colcon.colcon_ros.prefix_path.ament:The path '/home/asgard/husky_ws/install/husky_description' in the environment variable AMENT_PREFIX_PATH doesn't exist
[0.363s] WARNING:colcon.colcon_ros.prefix_path.catkin:The path '/home/asgard/husky_ws/install/husky_desktop' in the environment variable CMAKE_PREFIX_PATH doesn't exist
[0.363s] WARNING:colcon.colcon_ros.prefix_path.catkin:The path '/home/asgard/husky_ws/install/husky_viz' in the environment variable CMAKE_PREFIX_PATH doesn't exist
[0.363s] WARNING:colcon.colcon_ros.prefix_path.catkin:The path '/home/asgard/husky_ws/install/husky_simulator' in the environment variable CMAKE_PREFIX_PATH doesn't exist
[0.363s] WARNING:colcon.colcon_ros.prefix_path.catkin:The path '/home/asgard/husky_ws/install/husky_robot' in the environment variable CMAKE_PREFIX_PATH doesn't exist
[0.363s] WARNING:colcon.colcon_ros.prefix_path.catkin:The path '/home/asgard/husky_ws/install/husky_bringup' in the environment variable CMAKE_PREFIX_PATH doesn't exist
[0.363s] WARNING:colcon.colcon_ros.prefix_path.catkin:The path '/home/asgard/husky_ws/install/husky_base' in the environment variable CMAKE_PREFIX_PATH doesn't exist
[0.363s] WARNING:colcon.colcon_ros.prefix_path.catkin:The path '/home/asgard/husky_ws/install/husky_msgs' in the environment variable CMAKE_PREFIX_PATH doesn't exist
[0.363s] WARNING:colcon.colcon_ros.prefix_path.catkin:The path '/home/asgard/husky_ws/install/husky_gazebo' in the environment variable CMAKE_PREFIX_PATH doesn't exist
[0.363s] WARNING:colcon.colcon_ros.prefix_path.catkin:The path '/home/asgard/husky_ws/install/husky_control' in the environment variable CMAKE_PREFIX_PATH doesn't exist
[0.363s] WARNING:colcon.colcon_ros.prefix_path.catkin:The path '/home/asgard/husky_ws/install/husky_description' in the environment variable CMAKE_PREFIX_PATH doesn't exist
[0.364s] DEBUG:colcon.colcon_installed_package_information.package_discovery:Found 3 installed packages in /home/asgard/farmbot/install
[0.364s] DEBUG:colcon.colcon_installed_package_information.package_discovery:Found 1 installed packages in /home/asgard/farmbot/src/farmbot_autonomous_pkg/install
[0.365s] DEBUG:colcon.colcon_installed_package_information.package_discovery:Found 1 installed packages in /home/asgard/placement/install
[0.367s] DEBUG:colcon.colcon_installed_package_information.package_discovery:Found 454 installed packages in /opt/ros/humble
[0.369s] Level 1:colcon.colcon_core.package_discovery:discover_packages(prefix_path) using defaults
[0.427s] Level 5:colcon.colcon_core.verb:set package 'farmbot_autonomous_pkg' build argument 'cmake_args' from command line to 'None'
[0.427s] Level 5:colcon.colcon_core.verb:set package 'farmbot_autonomous_pkg' build argument 'cmake_target' from command line to 'None'
[0.427s] Level 5:colcon.colcon_core.verb:set package 'farmbot_autonomous_pkg' build argument 'cmake_target_skip_unavailable' from command line to 'False'
[0.427s] Level 5:colcon.colcon_core.verb:set package 'farmbot_autonomous_pkg' build argument 'cmake_clean_cache' from command line to 'False'
[0.428s] Level 5:colcon.colcon_core.verb:set package 'farmbot_autonomous_pkg' build argument 'cmake_clean_first' from command line to 'False'
[0.428s] Level 5:colcon.colcon_core.verb:set package 'farmbot_autonomous_pkg' build argument 'cmake_force_configure' from command line to 'False'
[0.428s] Level 5:colcon.colcon_core.verb:set package 'farmbot_autonomous_pkg' build argument 'ament_cmake_args' from command line to 'None'
[0.428s] Level 5:colcon.colcon_core.verb:set package 'farmbot_autonomous_pkg' build argument 'catkin_cmake_args' from command line to 'None'
[0.428s] Level 5:colcon.colcon_core.verb:set package 'farmbot_autonomous_pkg' build argument 'catkin_skip_building_tests' from command line to 'False'
[0.428s] DEBUG:colcon.colcon_core.verb:Building package 'farmbot_autonomous_pkg' with the following arguments: {'ament_cmake_args': None, 'build_base': '/home/asgard/farmbot/build/farmbot_autonomous_pkg', 'catkin_cmake_args': None, 'catkin_skip_building_tests': False, 'cmake_args': None, 'cmake_clean_cache': False, 'cmake_clean_first': False, 'cmake_force_configure': False, 'cmake_target': None, 'cmake_target_skip_unavailable': False, 'install_base': '/home/asgard/farmbot/install/farmbot_autonomous_pkg', 'merge_install': False, 'path': '/home/asgard/farmbot/src/farmbot_autonomous_pkg', 'symlink_install': False, 'test_result_base': None}
[0.428s] INFO:colcon.colcon_core.executor:Executing jobs using 'parallel' executor
[0.429s] DEBUG:colcon.colcon_parallel_executor.executor.parallel:run_until_complete
[0.429s] INFO:colcon.colcon_ros.task.ament_python.build:Building ROS package in '/home/asgard/farmbot/src/farmbot_autonomous_pkg' with build type 'ament_python'
[0.429s] Level 1:colcon.colcon_core.shell:create_environment_hook('farmbot_autonomous_pkg', 'ament_prefix_path')
[0.431s] INFO:colcon.colcon_core.plugin_system:Skipping extension 'colcon_core.shell.bat': Not used on non-Windows systems
[0.431s] INFO:colcon.colcon_core.shell:Creating environment hook '/home/asgard/farmbot/install/farmbot_autonomous_pkg/share/farmbot_autonomous_pkg/hook/ament_prefix_path.ps1'
[0.432s] INFO:colcon.colcon_core.shell:Creating environment descriptor '/home/asgard/farmbot/install/farmbot_autonomous_pkg/share/farmbot_autonomous_pkg/hook/ament_prefix_path.dsv'
[0.432s] INFO:colcon.colcon_core.shell:Creating environment hook '/home/asgard/farmbot/install/farmbot_autonomous_pkg/share/farmbot_autonomous_pkg/hook/ament_prefix_path.sh'
[0.433s] INFO:colcon.colcon_core.shell:Skip shell extension 'powershell' for command environment: Not usable outside of PowerShell
[0.433s] DEBUG:colcon.colcon_core.shell:Skip shell extension 'dsv' for command environment
[0.689s] INFO:colcon.colcon_core.task.python.build:Building Python package in '/home/asgard/farmbot/src/farmbot_autonomous_pkg'
[0.689s] INFO:colcon.colcon_core.shell:Skip shell extension 'powershell' for command environment: Not usable outside of PowerShell
[0.689s] DEBUG:colcon.colcon_core.shell:Skip shell extension 'dsv' for command environment
[1.090s] DEBUG:colcon.colcon_core.event_handler.log_command:Invoking command in '/home/asgard/farmbot/src/farmbot_autonomous_pkg': PYTHONPATH=/home/asgard/farmbot/build/farmbot_autonomous_pkg/prefix_override:/usr/lib/python3/dist-packages/colcon_core/task/python/colcon_distutils_commands:/home/asgard/farmbot/install/farmbot_autonomous_pkg/lib/python3.10/site-packages:${PYTHONPATH} /usr/bin/python3 -W ignore:setup.py install is deprecated -W ignore:easy_install command is deprecated setup.py egg_info --egg-base ../../build/farmbot_autonomous_pkg build --build-base /home/asgard/farmbot/build/farmbot_autonomous_pkg/build install --record /home/asgard/farmbot/build/farmbot_autonomous_pkg/install.log --single-version-externally-managed install_data
[1.424s] DEBUG:colcon.colcon_core.event_handler.log_command:Invoked command in '/home/asgard/farmbot/src/farmbot_autonomous_pkg' returned '0': PYTHONPATH=/home/asgard/farmbot/build/farmbot_autonomous_pkg/prefix_override:/usr/lib/python3/dist-packages/colcon_core/task/python/colcon_distutils_commands:/home/asgard/farmbot/install/farmbot_autonomous_pkg/lib/python3.10/site-packages:${PYTHONPATH} /usr/bin/python3 -W ignore:setup.py install is deprecated -W ignore:easy_install command is deprecated setup.py egg_info --egg-base ../../build/farmbot_autonomous_pkg build --build-base /home/asgard/farmbot/build/farmbot_autonomous_pkg/build install --record /home/asgard/farmbot/build/farmbot_autonomous_pkg/install.log --single-version-externally-managed install_data
[1.427s] Level 1:colcon.colcon_core.environment:checking '/home/asgard/farmbot/install/farmbot_autonomous_pkg' for CMake module files
[1.427s] Level 1:colcon.colcon_core.environment:checking '/home/asgard/farmbot/install/farmbot_autonomous_pkg' for CMake config files
[1.428s] Level 1:colcon.colcon_core.environment:checking '/home/asgard/farmbot/install/farmbot_autonomous_pkg/lib'
[1.428s] Level 1:colcon.colcon_core.environment:checking '/home/asgard/farmbot/install/farmbot_autonomous_pkg/bin'
[1.428s] Level 1:colcon.colcon_core.environment:checking '/home/asgard/farmbot/install/farmbot_autonomous_pkg/lib/pkgconfig/farmbot_autonomous_pkg.pc'
[1.428s] Level 1:colcon.colcon_core.environment:checking '/home/asgard/farmbot/install/farmbot_autonomous_pkg/lib/python3.10/site-packages'
[1.428s] Level 1:colcon.colcon_core.shell:create_environment_hook('farmbot_autonomous_pkg', 'pythonpath')
[1.429s] INFO:colcon.colcon_core.shell:Creating environment hook '/home/asgard/farmbot/install/farmbot_autonomous_pkg/share/farmbot_autonomous_pkg/hook/pythonpath.ps1'
[1.429s] INFO:colcon.colcon_core.shell:Creating environment descriptor '/home/asgard/farmbot/install/farmbot_autonomous_pkg/share/farmbot_autonomous_pkg/hook/pythonpath.dsv'
[1.430s] INFO:colcon.colcon_core.shell:Creating environment hook '/home/asgard/farmbot/install/farmbot_autonomous_pkg/share/farmbot_autonomous_pkg/hook/pythonpath.sh'
[1.430s] Level 1:colcon.colcon_core.environment:checking '/home/asgard/farmbot/install/farmbot_autonomous_pkg/bin'
[1.430s] Level 1:colcon.colcon_core.environment:create_environment_scripts_only(farmbot_autonomous_pkg)
[1.431s] INFO:colcon.colcon_core.shell:Creating package script '/home/asgard/farmbot/install/farmbot_autonomous_pkg/share/farmbot_autonomous_pkg/package.ps1'
[1.431s] INFO:colcon.colcon_core.shell:Creating package descriptor '/home/asgard/farmbot/install/farmbot_autonomous_pkg/share/farmbot_autonomous_pkg/package.dsv'
[1.432s] INFO:colcon.colcon_core.shell:Creating package script '/home/asgard/farmbot/install/farmbot_autonomous_pkg/share/farmbot_autonomous_pkg/package.sh'
[1.432s] INFO:colcon.colcon_core.shell:Creating package script '/home/asgard/farmbot/install/farmbot_autonomous_pkg/share/farmbot_autonomous_pkg/package.bash'
[1.433s] INFO:colcon.colcon_core.shell:Creating package script '/home/asgard/farmbot/install/farmbot_autonomous_pkg/share/farmbot_autonomous_pkg/package.zsh'
[1.434s] Level 1:colcon.colcon_core.environment:create_file_with_runtime_dependencies(/home/asgard/farmbot/install/farmbot_autonomous_pkg/share/colcon-core/packages/farmbot_autonomous_pkg)
[1.434s] DEBUG:colcon.colcon_parallel_executor.executor.parallel:closing loop
[1.434s] DEBUG:colcon.colcon_parallel_executor.executor.parallel:loop closed
[1.434s] DEBUG:colcon.colcon_parallel_executor.executor.parallel:run_until_complete finished with '0'
[1.434s] DEBUG:colcon.colcon_core.event_reactor:joining thread
[1.440s] INFO:colcon.colcon_core.plugin_system:Skipping extension 'colcon_notification.desktop_notification.terminal_notifier': Not used on non-Darwin systems
[1.440s] INFO:colcon.colcon_core.plugin_system:Skipping extension 'colcon_notification.desktop_notification.win32': Not used on non-Windows systems
[1.440s] INFO:colcon.colcon_notification.desktop_notification:Sending desktop notification using 'notify2'
[1.450s] DEBUG:colcon.colcon_core.event_reactor:joined thread
[1.450s] INFO:colcon.colcon_core.shell:Creating prefix script '/home/asgard/farmbot/install/local_setup.ps1'
[1.451s] INFO:colcon.colcon_core.shell:Creating prefix util module '/home/asgard/farmbot/install/_local_setup_util_ps1.py'
[1.452s] INFO:colcon.colcon_core.shell:Creating prefix chain script '/home/asgard/farmbot/install/setup.ps1'
[1.453s] INFO:colcon.colcon_core.shell:Creating prefix script '/home/asgard/farmbot/install/local_setup.sh'
[1.454s] INFO:colcon.colcon_core.shell:Creating prefix util module '/home/asgard/farmbot/install/_local_setup_util_sh.py'
[1.455s] INFO:colcon.colcon_core.shell:Creating prefix chain script '/home/asgard/farmbot/install/setup.sh'
[1.456s] INFO:colcon.colcon_core.shell:Creating prefix script '/home/asgard/farmbot/install/local_setup.bash'
[1.457s] INFO:colcon.colcon_core.shell:Creating prefix chain script '/home/asgard/farmbot/install/setup.bash'
[1.458s] INFO:colcon.colcon_core.shell:Creating prefix script '/home/asgard/farmbot/install/local_setup.zsh'
[1.458s] INFO:colcon.colcon_core.shell:Creating prefix chain script '/home/asgard/farmbot/install/setup.zsh'
