[3.037s] Invoking command in '/home/asgard/farmbot/src/farmbot_autonomous_pkg': PYTHONPATH=/home/asgard/farmbot/build/farmbot_autonomous_pkg/prefix_override:/usr/lib/python3/dist-packages/colcon_core/task/python/colcon_distutils_commands:/home/asgard/farmbot/install/farmbot_autonomous_pkg/lib/python3.10/site-packages:${PYTHONPATH} /usr/bin/python3 -W ignore:setup.py install is deprecated -W ignore:easy_install command is deprecated setup.py egg_info --egg-base ../../build/farmbot_autonomous_pkg build --build-base /home/asgard/farmbot/build/farmbot_autonomous_pkg/build install --record /home/asgard/farmbot/build/farmbot_autonomous_pkg/install.log --single-version-externally-managed install_data
[3.298s] running egg_info
[3.298s] writing ../../build/farmbot_autonomous_pkg/farmbot_autonomous_pkg.egg-info/PKG-INFO
[3.299s] writing dependency_links to ../../build/farmbot_autonomous_pkg/farmbot_autonomous_pkg.egg-info/dependency_links.txt
[3.299s] writing entry points to ../../build/farmbot_autonomous_pkg/farmbot_autonomous_pkg.egg-info/entry_points.txt
[3.300s] writing requirements to ../../build/farmbot_autonomous_pkg/farmbot_autonomous_pkg.egg-info/requires.txt
[3.300s] writing top-level names to ../../build/farmbot_autonomous_pkg/farmbot_autonomous_pkg.egg-info/top_level.txt
[3.301s] reading manifest file '../../build/farmbot_autonomous_pkg/farmbot_autonomous_pkg.egg-info/SOURCES.txt'
[3.325s] writing manifest file '../../build/farmbot_autonomous_pkg/farmbot_autonomous_pkg.egg-info/SOURCES.txt'
[3.325s] running build
[3.325s] running build_py
[3.326s] copying farmbot_autonomous_pkg/gps_pose_bridge.py -> /home/asgard/farmbot/build/farmbot_autonomous_pkg/build/lib/farmbot_autonomous_pkg
[3.327s] running install
[3.327s] running install_lib
[3.347s] copying /home/asgard/farmbot/build/farmbot_autonomous_pkg/build/lib/farmbot_autonomous_pkg/gps_pose_bridge.py -> /home/asgard/farmbot/install/farmbot_autonomous_pkg/lib/python3.10/site-packages/farmbot_autonomous_pkg
[3.349s] byte-compiling /home/asgard/farmbot/install/farmbot_autonomous_pkg/lib/python3.10/site-packages/farmbot_autonomous_pkg/gps_pose_bridge.py to gps_pose_bridge.cpython-310.pyc
[3.349s] running install_data
[3.350s] copying launch/world_gazebo.launch.py -> /home/asgard/farmbot/install/farmbot_autonomous_pkg/share/farmbot_autonomous_pkg/launch
[3.366s] running install_egg_info
[3.373s] removing '/home/asgard/farmbot/install/farmbot_autonomous_pkg/lib/python3.10/site-packages/farmbot_autonomous_pkg-0.0.0-py3.10.egg-info' (and everything under it)
[3.374s] Copying ../../build/farmbot_autonomous_pkg/farmbot_autonomous_pkg.egg-info to /home/asgard/farmbot/install/farmbot_autonomous_pkg/lib/python3.10/site-packages/farmbot_autonomous_pkg-0.0.0-py3.10.egg-info
[3.395s] running install_scripts
[3.441s] Installing gps_pose_bridge script to /home/asgard/farmbot/install/farmbot_autonomous_pkg/lib/farmbot_autonomous_pkg
[3.442s] Installing gps_publisher script to /home/asgard/farmbot/install/farmbot_autonomous_pkg/lib/farmbot_autonomous_pkg
[3.442s] Installing vis_odem_node script to /home/asgard/farmbot/install/farmbot_autonomous_pkg/lib/farmbot_autonomous_pkg
[3.442s] Installing vision_node script to /home/asgard/farmbot/install/farmbot_autonomous_pkg/lib/farmbot_autonomous_pkg
[3.442s] Installing yolo_node script to /home/asgard/farmbot/install/farmbot_autonomous_pkg/lib/farmbot_autonomous_pkg
[3.442s] writing list of installed files to '/home/asgard/farmbot/build/farmbot_autonomous_pkg/install.log'
[3.461s] Invoked command in '/home/asgard/farmbot/src/farmbot_autonomous_pkg' returned '0': PYTHONPATH=/home/asgard/farmbot/build/farmbot_autonomous_pkg/prefix_override:/usr/lib/python3/dist-packages/colcon_core/task/python/colcon_distutils_commands:/home/asgard/farmbot/install/farmbot_autonomous_pkg/lib/python3.10/site-packages:${PYTHONPATH} /usr/bin/python3 -W ignore:setup.py install is deprecated -W ignore:easy_install command is deprecated setup.py egg_info --egg-base ../../build/farmbot_autonomous_pkg build --build-base /home/asgard/farmbot/build/farmbot_autonomous_pkg/build install --record /home/asgard/farmbot/build/farmbot_autonomous_pkg/install.log --single-version-externally-managed install_data
