[1.032s] Invoking command in '/home/asgard/farmbot/build/farmbot_autonomous_pkg': PYTHONPATH=/home/asgard/farmbot/build/farmbot_autonomous_pkg/prefix_override:/usr/lib/python3/dist-packages/colcon_core/task/python/colcon_distutils_commands:/home/asgard/farmbot/install/farmbot_autonomous_pkg/lib/python3.10/site-packages:${PYTHONPATH} /usr/bin/python3 -W ignore:setup.py install is deprecated -W ignore:easy_install command is deprecated setup.py develop --editable --build-directory /home/asgard/farmbot/build/farmbot_autonomous_pkg/build --no-deps symlink_data --force
[1.450s] running develop
[1.695s] running egg_info
[1.695s] writing farmbot_autonomous_pkg.egg-info/PKG-INFO
[1.695s] writing dependency_links to farmbot_autonomous_pkg.egg-info/dependency_links.txt
[1.695s] writing entry points to farmbot_autonomous_pkg.egg-info/entry_points.txt
[1.695s] writing requirements to farmbot_autonomous_pkg.egg-info/requires.txt
[1.695s] writing top-level names to farmbot_autonomous_pkg.egg-info/top_level.txt
[1.697s] reading manifest file 'farmbot_autonomous_pkg.egg-info/SOURCES.txt'
[1.697s] writing manifest file 'farmbot_autonomous_pkg.egg-info/SOURCES.txt'
[1.741s] running build_ext
[1.741s] Creating /home/asgard/farmbot/install/farmbot_autonomous_pkg/lib/python3.10/site-packages/farmbot-autonomous-pkg.egg-link (link to .)
[1.742s] Installing gps_publisher script to /home/asgard/farmbot/install/farmbot_autonomous_pkg/lib/farmbot_autonomous_pkg
[1.742s] Installing vis_odem_node script to /home/asgard/farmbot/install/farmbot_autonomous_pkg/lib/farmbot_autonomous_pkg
[1.742s] Installing vision_node script to /home/asgard/farmbot/install/farmbot_autonomous_pkg/lib/farmbot_autonomous_pkg
[1.742s] Installing yolo_node script to /home/asgard/farmbot/install/farmbot_autonomous_pkg/lib/farmbot_autonomous_pkg
[1.742s] 
[1.742s] Installed /home/asgard/farmbot/build/farmbot_autonomous_pkg
[1.742s] running symlink_data
[1.742s] symbolically linking /home/asgard/farmbot/build/farmbot_autonomous_pkg/resource/farmbot_autonomous_pkg -> /home/asgard/farmbot/install/farmbot_autonomous_pkg/share/ament_index/resource_index/packages
[1.743s] symbolically linking /home/asgard/farmbot/build/farmbot_autonomous_pkg/package.xml -> /home/asgard/farmbot/install/farmbot_autonomous_pkg/share/farmbot_autonomous_pkg
[1.743s] symbolically linking /home/asgard/farmbot/build/farmbot_autonomous_pkg/launch/world_gazebo.launch.py -> /home/asgard/farmbot/install/farmbot_autonomous_pkg/share/farmbot_autonomous_pkg/launch
[1.743s] symbolically linking /home/asgard/farmbot/build/farmbot_autonomous_pkg/launch/vision_odometry.launch.py -> /home/asgard/farmbot/install/farmbot_autonomous_pkg/share/farmbot_autonomous_pkg/launch
[1.743s] symbolically linking /home/asgard/farmbot/build/farmbot_autonomous_pkg/worlds/farmland.world -> /home/asgard/farmbot/install/farmbot_autonomous_pkg/share/farmbot_autonomous_pkg/worlds
[1.766s] Invoked command in '/home/asgard/farmbot/build/farmbot_autonomous_pkg' returned '0': PYTHONPATH=/home/asgard/farmbot/build/farmbot_autonomous_pkg/prefix_override:/usr/lib/python3/dist-packages/colcon_core/task/python/colcon_distutils_commands:/home/asgard/farmbot/install/farmbot_autonomous_pkg/lib/python3.10/site-packages:${PYTHONPATH} /usr/bin/python3 -W ignore:setup.py install is deprecated -W ignore:easy_install command is deprecated setup.py develop --editable --build-directory /home/asgard/farmbot/build/farmbot_autonomous_pkg/build --no-deps symlink_data --force
