[0.588s] DEBUG:colcon:Command line arguments: ['/usr/bin/colcon', 'build', '--symlink-install']
[0.588s] DEBUG:colcon:Parsed command line arguments: Namespace(log_base=None, log_level=None, verb_name='build', build_base='build', install_base='install', merge_install=False, symlink_install=True, test_result_base=None, continue_on_error=False, executor='parallel', parallel_workers=12, event_handlers=None, ignore_user_meta=False, metas=['./colcon.meta'], base_paths=['.'], packages_ignore=None, packages_ignore_regex=None, paths=None, packages_up_to=None, packages_up_to_regex=None, packages_above=None, packages_above_and_dependencies=None, packages_above_depth=None, packages_select_by_dep=None, packages_skip_by_dep=None, packages_skip_up_to=None, packages_select_build_failed=False, packages_skip_build_finished=False, packages_select_test_failures=False, packages_skip_test_passed=False, packages_select=None, packages_skip=None, packages_select_regex=None, packages_skip_regex=None, packages_start=None, packages_end=None, allow_overriding=[], cmake_args=None, cmake_target=None, cmake_target_skip_unavailable=False, cmake_clean_cache=False, cmake_clean_first=False, cmake_force_configure=False, ament_cmake_args=None, catkin_cmake_args=None, catkin_skip_building_tests=False, mixin_files=None, mixin=None, verb_parser=<colcon_mixin.mixin.mixin_argument.MixinArgumentDecorator object at 0x705fc959c790>, verb_extension=<colcon_core.verb.build.BuildVerb object at 0x705fc959c2e0>, main=<bound method BuildVerb.main of <colcon_core.verb.build.BuildVerb object at 0x705fc959c2e0>>, mixin_verb=('build',))
[0.843s] Level 1:colcon.colcon_core.package_discovery:discover_packages(colcon_meta) check parameters
[0.843s] Level 1:colcon.colcon_core.package_discovery:discover_packages(recursive) check parameters
[0.843s] Level 1:colcon.colcon_core.package_discovery:discover_packages(ignore) check parameters
[0.843s] Level 1:colcon.colcon_core.package_discovery:discover_packages(path) check parameters
[0.843s] Level 1:colcon.colcon_core.package_discovery:discover_packages(colcon_meta) discover
[0.844s] Level 1:colcon.colcon_core.package_discovery:discover_packages(recursive) discover
[0.844s] INFO:colcon.colcon_core.package_discovery:Crawling recursively for packages in '/home/asgard/farmbot'
[0.844s] Level 1:colcon.colcon_core.package_identification:_identify(.) by extensions ['ignore', 'ignore_ament_install']
[0.844s] Level 1:colcon.colcon_core.package_identification:_identify(.) by extension 'ignore'
[0.845s] Level 1:colcon.colcon_core.package_identification:_identify(.) by extension 'ignore_ament_install'
[0.845s] Level 1:colcon.colcon_core.package_identification:_identify(.) by extensions ['colcon_pkg']
[0.845s] Level 1:colcon.colcon_core.package_identification:_identify(.) by extension 'colcon_pkg'
[0.845s] Level 1:colcon.colcon_core.package_identification:_identify(.) by extensions ['colcon_meta']
[0.845s] Level 1:colcon.colcon_core.package_identification:_identify(.) by extension 'colcon_meta'
[0.845s] Level 1:colcon.colcon_core.package_identification:_identify(.) by extensions ['ros']
[0.846s] Level 1:colcon.colcon_core.package_identification:_identify(.) by extension 'ros'
[0.897s] Level 1:colcon.colcon_core.package_identification:_identify(.) by extensions ['cmake', 'python']
[0.897s] Level 1:colcon.colcon_core.package_identification:_identify(.) by extension 'cmake'
[0.898s] Level 1:colcon.colcon_core.package_identification:_identify(.) by extension 'python'
[0.898s] Level 1:colcon.colcon_core.package_identification:_identify(.) by extensions ['python_setup_py']
[0.898s] Level 1:colcon.colcon_core.package_identification:_identify(.) by extension 'python_setup_py'
[0.898s] Level 1:colcon.colcon_core.package_identification:_identify(build) by extensions ['ignore', 'ignore_ament_install']
[0.898s] Level 1:colcon.colcon_core.package_identification:_identify(build) by extension 'ignore'
[0.898s] Level 1:colcon.colcon_core.package_identification:_identify(build) ignored
[0.898s] Level 1:colcon.colcon_core.package_identification:_identify(install) by extensions ['ignore', 'ignore_ament_install']
[0.898s] Level 1:colcon.colcon_core.package_identification:_identify(install) by extension 'ignore'
[0.898s] Level 1:colcon.colcon_core.package_identification:_identify(install) ignored
[0.898s] Level 1:colcon.colcon_core.package_identification:_identify(log) by extensions ['ignore', 'ignore_ament_install']
[0.899s] Level 1:colcon.colcon_core.package_identification:_identify(log) by extension 'ignore'
[0.899s] Level 1:colcon.colcon_core.package_identification:_identify(log) ignored
[0.899s] Level 1:colcon.colcon_core.package_identification:_identify(src) by extensions ['ignore', 'ignore_ament_install']
[0.899s] Level 1:colcon.colcon_core.package_identification:_identify(src) by extension 'ignore'
[0.899s] Level 1:colcon.colcon_core.package_identification:_identify(src) by extension 'ignore_ament_install'
[0.899s] Level 1:colcon.colcon_core.package_identification:_identify(src) by extensions ['colcon_pkg']
[0.899s] Level 1:colcon.colcon_core.package_identification:_identify(src) by extension 'colcon_pkg'
[0.899s] Level 1:colcon.colcon_core.package_identification:_identify(src) by extensions ['colcon_meta']
[0.899s] Level 1:colcon.colcon_core.package_identification:_identify(src) by extension 'colcon_meta'
[0.899s] Level 1:colcon.colcon_core.package_identification:_identify(src) by extensions ['ros']
[0.899s] Level 1:colcon.colcon_core.package_identification:_identify(src) by extension 'ros'
[0.899s] Level 1:colcon.colcon_core.package_identification:_identify(src) by extensions ['cmake', 'python']
[0.899s] Level 1:colcon.colcon_core.package_identification:_identify(src) by extension 'cmake'
[0.899s] Level 1:colcon.colcon_core.package_identification:_identify(src) by extension 'python'
[0.899s] Level 1:colcon.colcon_core.package_identification:_identify(src) by extensions ['python_setup_py']
[0.899s] Level 1:colcon.colcon_core.package_identification:_identify(src) by extension 'python_setup_py'
[0.900s] Level 1:colcon.colcon_core.package_identification:_identify(src/computer_vision) by extensions ['ignore', 'ignore_ament_install']
[0.900s] Level 1:colcon.colcon_core.package_identification:_identify(src/computer_vision) by extension 'ignore'
[0.900s] Level 1:colcon.colcon_core.package_identification:_identify(src/computer_vision) by extension 'ignore_ament_install'
[0.900s] Level 1:colcon.colcon_core.package_identification:_identify(src/computer_vision) by extensions ['colcon_pkg']
[0.900s] Level 1:colcon.colcon_core.package_identification:_identify(src/computer_vision) by extension 'colcon_pkg'
[0.900s] Level 1:colcon.colcon_core.package_identification:_identify(src/computer_vision) by extensions ['colcon_meta']
[0.900s] Level 1:colcon.colcon_core.package_identification:_identify(src/computer_vision) by extension 'colcon_meta'
[0.900s] Level 1:colcon.colcon_core.package_identification:_identify(src/computer_vision) by extensions ['ros']
[0.900s] Level 1:colcon.colcon_core.package_identification:_identify(src/computer_vision) by extension 'ros'
[0.900s] Level 1:colcon.colcon_core.package_identification:_identify(src/computer_vision) by extensions ['cmake', 'python']
[0.900s] Level 1:colcon.colcon_core.package_identification:_identify(src/computer_vision) by extension 'cmake'
[0.900s] Level 1:colcon.colcon_core.package_identification:_identify(src/computer_vision) by extension 'python'
[0.900s] Level 1:colcon.colcon_core.package_identification:_identify(src/computer_vision) by extensions ['python_setup_py']
[0.900s] Level 1:colcon.colcon_core.package_identification:_identify(src/computer_vision) by extension 'python_setup_py'
[0.900s] Level 1:colcon.colcon_core.package_identification:_identify(src/farmbot_autonomous_pkg) by extensions ['ignore', 'ignore_ament_install']
[0.900s] Level 1:colcon.colcon_core.package_identification:_identify(src/farmbot_autonomous_pkg) by extension 'ignore'
[0.901s] Level 1:colcon.colcon_core.package_identification:_identify(src/farmbot_autonomous_pkg) by extension 'ignore_ament_install'
[0.901s] Level 1:colcon.colcon_core.package_identification:_identify(src/farmbot_autonomous_pkg) by extensions ['colcon_pkg']
[0.901s] Level 1:colcon.colcon_core.package_identification:_identify(src/farmbot_autonomous_pkg) by extension 'colcon_pkg'
[0.901s] Level 1:colcon.colcon_core.package_identification:_identify(src/farmbot_autonomous_pkg) by extensions ['colcon_meta']
[0.901s] Level 1:colcon.colcon_core.package_identification:_identify(src/farmbot_autonomous_pkg) by extension 'colcon_meta'
[0.901s] Level 1:colcon.colcon_core.package_identification:_identify(src/farmbot_autonomous_pkg) by extensions ['ros']
[0.901s] Level 1:colcon.colcon_core.package_identification:_identify(src/farmbot_autonomous_pkg) by extension 'ros'
[0.918s] DEBUG:colcon.colcon_core.package_identification:Package 'src/farmbot_autonomous_pkg' with type 'ros.ament_python' and name 'farmbot_autonomous_pkg'
[0.918s] Level 1:colcon.colcon_core.package_identification:_identify(src/gps_publisher_ros2humble) by extensions ['ignore', 'ignore_ament_install']
[0.918s] Level 1:colcon.colcon_core.package_identification:_identify(src/gps_publisher_ros2humble) by extension 'ignore'
[0.918s] Level 1:colcon.colcon_core.package_identification:_identify(src/gps_publisher_ros2humble) by extension 'ignore_ament_install'
[0.918s] Level 1:colcon.colcon_core.package_identification:_identify(src/gps_publisher_ros2humble) by extensions ['colcon_pkg']
[0.918s] Level 1:colcon.colcon_core.package_identification:_identify(src/gps_publisher_ros2humble) by extension 'colcon_pkg'
[0.918s] Level 1:colcon.colcon_core.package_identification:_identify(src/gps_publisher_ros2humble) by extensions ['colcon_meta']
[0.918s] Level 1:colcon.colcon_core.package_identification:_identify(src/gps_publisher_ros2humble) by extension 'colcon_meta'
[0.918s] Level 1:colcon.colcon_core.package_identification:_identify(src/gps_publisher_ros2humble) by extensions ['ros']
[0.918s] Level 1:colcon.colcon_core.package_identification:_identify(src/gps_publisher_ros2humble) by extension 'ros'
[0.923s] DEBUG:colcon.colcon_core.package_identification:Package 'src/gps_publisher_ros2humble' with type 'ros.ament_cmake' and name 'ros_pospac_bridge'
[0.923s] Level 1:colcon.colcon_core.package_identification:_identify(videos) by extensions ['ignore', 'ignore_ament_install']
[0.924s] Level 1:colcon.colcon_core.package_identification:_identify(videos) by extension 'ignore'
[0.924s] Level 1:colcon.colcon_core.package_identification:_identify(videos) by extension 'ignore_ament_install'
[0.924s] Level 1:colcon.colcon_core.package_identification:_identify(videos) by extensions ['colcon_pkg']
[0.924s] Level 1:colcon.colcon_core.package_identification:_identify(videos) by extension 'colcon_pkg'
[0.924s] Level 1:colcon.colcon_core.package_identification:_identify(videos) by extensions ['colcon_meta']
[0.924s] Level 1:colcon.colcon_core.package_identification:_identify(videos) by extension 'colcon_meta'
[0.924s] Level 1:colcon.colcon_core.package_identification:_identify(videos) by extensions ['ros']
[0.924s] Level 1:colcon.colcon_core.package_identification:_identify(videos) by extension 'ros'
[0.924s] Level 1:colcon.colcon_core.package_identification:_identify(videos) by extensions ['cmake', 'python']
[0.924s] Level 1:colcon.colcon_core.package_identification:_identify(videos) by extension 'cmake'
[0.924s] Level 1:colcon.colcon_core.package_identification:_identify(videos) by extension 'python'
[0.924s] Level 1:colcon.colcon_core.package_identification:_identify(videos) by extensions ['python_setup_py']
[0.924s] Level 1:colcon.colcon_core.package_identification:_identify(videos) by extension 'python_setup_py'
[0.924s] Level 1:colcon.colcon_core.package_discovery:discover_packages(recursive) using defaults
[0.924s] Level 1:colcon.colcon_core.package_discovery:discover_packages(ignore) discover
[0.924s] Level 1:colcon.colcon_core.package_discovery:discover_packages(ignore) using defaults
[0.924s] Level 1:colcon.colcon_core.package_discovery:discover_packages(path) discover
[0.924s] Level 1:colcon.colcon_core.package_discovery:discover_packages(path) using defaults
[1.061s] Level 1:colcon.colcon_core.package_discovery:discover_packages(prefix_path) check parameters
[1.061s] Level 1:colcon.colcon_core.package_discovery:discover_packages(prefix_path) discover
[1.068s] DEBUG:colcon.colcon_installed_package_information.package_discovery:Found 4 installed packages in /home/asgard/farmbot/install
[1.069s] DEBUG:colcon.colcon_installed_package_information.package_discovery:Found 1 installed packages in /home/asgard/placement/install
[1.070s] DEBUG:colcon.colcon_installed_package_information.package_discovery:Found 10 installed packages in /home/asgard/husky_ws/install
[1.074s] DEBUG:colcon.colcon_installed_package_information.package_discovery:Found 440 installed packages in /opt/ros/humble
[1.078s] Level 1:colcon.colcon_core.package_discovery:discover_packages(prefix_path) using defaults
[1.306s] Level 5:colcon.colcon_core.verb:set package 'farmbot_autonomous_pkg' build argument 'cmake_args' from command line to 'None'
[1.307s] Level 5:colcon.colcon_core.verb:set package 'farmbot_autonomous_pkg' build argument 'cmake_target' from command line to 'None'
[1.307s] Level 5:colcon.colcon_core.verb:set package 'farmbot_autonomous_pkg' build argument 'cmake_target_skip_unavailable' from command line to 'False'
[1.307s] Level 5:colcon.colcon_core.verb:set package 'farmbot_autonomous_pkg' build argument 'cmake_clean_cache' from command line to 'False'
[1.307s] Level 5:colcon.colcon_core.verb:set package 'farmbot_autonomous_pkg' build argument 'cmake_clean_first' from command line to 'False'
[1.307s] Level 5:colcon.colcon_core.verb:set package 'farmbot_autonomous_pkg' build argument 'cmake_force_configure' from command line to 'False'
[1.307s] Level 5:colcon.colcon_core.verb:set package 'farmbot_autonomous_pkg' build argument 'ament_cmake_args' from command line to 'None'
[1.307s] Level 5:colcon.colcon_core.verb:set package 'farmbot_autonomous_pkg' build argument 'catkin_cmake_args' from command line to 'None'
[1.307s] Level 5:colcon.colcon_core.verb:set package 'farmbot_autonomous_pkg' build argument 'catkin_skip_building_tests' from command line to 'False'
[1.307s] DEBUG:colcon.colcon_core.verb:Building package 'farmbot_autonomous_pkg' with the following arguments: {'ament_cmake_args': None, 'build_base': '/home/asgard/farmbot/build/farmbot_autonomous_pkg', 'catkin_cmake_args': None, 'catkin_skip_building_tests': False, 'cmake_args': None, 'cmake_clean_cache': False, 'cmake_clean_first': False, 'cmake_force_configure': False, 'cmake_target': None, 'cmake_target_skip_unavailable': False, 'install_base': '/home/asgard/farmbot/install/farmbot_autonomous_pkg', 'merge_install': False, 'path': '/home/asgard/farmbot/src/farmbot_autonomous_pkg', 'symlink_install': True, 'test_result_base': None}
[1.307s] Level 5:colcon.colcon_core.verb:set package 'ros_pospac_bridge' build argument 'cmake_args' from command line to 'None'
[1.307s] Level 5:colcon.colcon_core.verb:set package 'ros_pospac_bridge' build argument 'cmake_target' from command line to 'None'
[1.307s] Level 5:colcon.colcon_core.verb:set package 'ros_pospac_bridge' build argument 'cmake_target_skip_unavailable' from command line to 'False'
[1.307s] Level 5:colcon.colcon_core.verb:set package 'ros_pospac_bridge' build argument 'cmake_clean_cache' from command line to 'False'
[1.307s] Level 5:colcon.colcon_core.verb:set package 'ros_pospac_bridge' build argument 'cmake_clean_first' from command line to 'False'
[1.307s] Level 5:colcon.colcon_core.verb:set package 'ros_pospac_bridge' build argument 'cmake_force_configure' from command line to 'False'
[1.307s] Level 5:colcon.colcon_core.verb:set package 'ros_pospac_bridge' build argument 'ament_cmake_args' from command line to 'None'
[1.307s] Level 5:colcon.colcon_core.verb:set package 'ros_pospac_bridge' build argument 'catkin_cmake_args' from command line to 'None'
[1.307s] Level 5:colcon.colcon_core.verb:set package 'ros_pospac_bridge' build argument 'catkin_skip_building_tests' from command line to 'False'
[1.307s] DEBUG:colcon.colcon_core.verb:Building package 'ros_pospac_bridge' with the following arguments: {'ament_cmake_args': None, 'build_base': '/home/asgard/farmbot/build/ros_pospac_bridge', 'catkin_cmake_args': None, 'catkin_skip_building_tests': False, 'cmake_args': None, 'cmake_clean_cache': False, 'cmake_clean_first': False, 'cmake_force_configure': False, 'cmake_target': None, 'cmake_target_skip_unavailable': False, 'install_base': '/home/asgard/farmbot/install/ros_pospac_bridge', 'merge_install': False, 'path': '/home/asgard/farmbot/src/gps_publisher_ros2humble', 'symlink_install': True, 'test_result_base': None}
[1.307s] INFO:colcon.colcon_core.executor:Executing jobs using 'parallel' executor
[1.308s] DEBUG:colcon.colcon_parallel_executor.executor.parallel:run_until_complete
[1.308s] INFO:colcon.colcon_ros.task.ament_python.build:Building ROS package in '/home/asgard/farmbot/src/farmbot_autonomous_pkg' with build type 'ament_python'
[1.308s] Level 1:colcon.colcon_core.shell:create_environment_hook('farmbot_autonomous_pkg', 'ament_prefix_path')
[1.335s] INFO:colcon.colcon_core.plugin_system:Skipping extension 'colcon_core.shell.bat': Not used on non-Windows systems
[1.335s] INFO:colcon.colcon_core.shell:Creating environment hook '/home/asgard/farmbot/install/farmbot_autonomous_pkg/share/farmbot_autonomous_pkg/hook/ament_prefix_path.ps1'
[1.336s] INFO:colcon.colcon_core.shell:Creating environment descriptor '/home/asgard/farmbot/install/farmbot_autonomous_pkg/share/farmbot_autonomous_pkg/hook/ament_prefix_path.dsv'
[1.336s] INFO:colcon.colcon_core.shell:Creating environment hook '/home/asgard/farmbot/install/farmbot_autonomous_pkg/share/farmbot_autonomous_pkg/hook/ament_prefix_path.sh'
[1.337s] INFO:colcon.colcon_core.shell:Skip shell extension 'powershell' for command environment: Not usable outside of PowerShell
[1.337s] DEBUG:colcon.colcon_core.shell:Skip shell extension 'dsv' for command environment
[1.342s] INFO:colcon.colcon_ros.task.ament_cmake.build:Building ROS package in '/home/asgard/farmbot/src/gps_publisher_ros2humble' with build type 'ament_cmake'
[1.342s] INFO:colcon.colcon_cmake.task.cmake.build:Building CMake package in '/home/asgard/farmbot/src/gps_publisher_ros2humble'
[1.342s] INFO:colcon.colcon_core.shell:Skip shell extension 'powershell' for command environment: Not usable outside of PowerShell
[1.342s] DEBUG:colcon.colcon_core.shell:Skip shell extension 'dsv' for command environment
[1.699s] INFO:colcon.colcon_core.task.python.build:Building Python package in '/home/asgard/farmbot/src/farmbot_autonomous_pkg'
[1.699s] INFO:colcon.colcon_core.shell:Skip shell extension 'powershell' for command environment: Not usable outside of PowerShell
[1.699s] DEBUG:colcon.colcon_core.shell:Skip shell extension 'dsv' for command environment
[1.738s] DEBUG:colcon.colcon_core.event_handler.log_command:Invoking command in '/home/asgard/farmbot/build/ros_pospac_bridge': CMAKE_PREFIX_PATH=${CMAKE_PREFIX_PATH}:/home/asgard/farmbot/install/farmbot_autonomous_pkg:/home/asgard/placement/install/self_driving_car_pkg:/opt/ros/humble /usr/bin/cmake /home/asgard/farmbot/src/gps_publisher_ros2humble -DAMENT_CMAKE_SYMLINK_INSTALL=1 -DCMAKE_INSTALL_PREFIX=/home/asgard/farmbot/install/ros_pospac_bridge
[3.878s] DEBUG:colcon.colcon_core.task.python.build:While undoing a previous installation files outside the Python library path are being ignored: /home/asgard/farmbot/install/farmbot_autonomous_pkg/share/ament_index/resource_index/packages/farmbot_autonomous_pkg
[3.878s] DEBUG:colcon.colcon_core.task.python.build:While undoing a previous installation files outside the Python library path are being ignored: /home/asgard/farmbot/install/farmbot_autonomous_pkg/share/farmbot_autonomous_pkg/package.xml
[3.878s] DEBUG:colcon.colcon_core.task.python.build:While undoing a previous installation files outside the Python library path are being ignored: /home/asgard/farmbot/install/farmbot_autonomous_pkg/share/farmbot_autonomous_pkg/launch/world_gazebo.launch.py
[3.878s] DEBUG:colcon.colcon_core.task.python.build:While undoing a previous installation files outside the Python library path are being ignored: /home/asgard/farmbot/install/farmbot_autonomous_pkg/share/farmbot_autonomous_pkg/launch/vision_odometry.launch.py
[3.878s] DEBUG:colcon.colcon_core.task.python.build:While undoing a previous installation files outside the Python library path are being ignored: /home/asgard/farmbot/install/farmbot_autonomous_pkg/share/farmbot_autonomous_pkg/worlds/farmland.world
[3.878s] DEBUG:colcon.colcon_core.task.python.build:While undoing a previous installation files outside the Python library path are being ignored: /home/asgard/farmbot/install/farmbot_autonomous_pkg/lib/farmbot_autonomous_pkg/gps_pose_bridge
[3.878s] DEBUG:colcon.colcon_core.task.python.build:While undoing a previous installation files outside the Python library path are being ignored: /home/asgard/farmbot/install/farmbot_autonomous_pkg/lib/farmbot_autonomous_pkg/gps_publisher
[3.878s] DEBUG:colcon.colcon_core.task.python.build:While undoing a previous installation files outside the Python library path are being ignored: /home/asgard/farmbot/install/farmbot_autonomous_pkg/lib/farmbot_autonomous_pkg/vis_odem_node
[3.878s] DEBUG:colcon.colcon_core.task.python.build:While undoing a previous installation files outside the Python library path are being ignored: /home/asgard/farmbot/install/farmbot_autonomous_pkg/lib/farmbot_autonomous_pkg/vision_node
[3.878s] DEBUG:colcon.colcon_core.task.python.build:While undoing a previous installation files outside the Python library path are being ignored: /home/asgard/farmbot/install/farmbot_autonomous_pkg/lib/farmbot_autonomous_pkg/yolo_node
[3.893s] DEBUG:colcon.colcon_core.event_handler.log_command:Invoking command in '/home/asgard/farmbot/build/farmbot_autonomous_pkg': PYTHONPATH=/home/asgard/farmbot/build/farmbot_autonomous_pkg/prefix_override:/usr/lib/python3/dist-packages/colcon_core/task/python/colcon_distutils_commands:/home/asgard/farmbot/install/farmbot_autonomous_pkg/lib/python3.10/site-packages:${PYTHONPATH} /usr/bin/python3 -W ignore:setup.py install is deprecated -W ignore:easy_install command is deprecated setup.py develop --editable --build-directory /home/asgard/farmbot/build/farmbot_autonomous_pkg/build --no-deps symlink_data --force
[4.458s] Level 1:colcon.colcon_core.shell:create_environment_hook('farmbot_autonomous_pkg', 'pythonpath_develop')
[4.458s] INFO:colcon.colcon_core.shell:Creating environment hook '/home/asgard/farmbot/build/farmbot_autonomous_pkg/share/farmbot_autonomous_pkg/hook/pythonpath_develop.ps1'
[4.459s] DEBUG:colcon.colcon_core.event_handler.log_command:Invoked command in '/home/asgard/farmbot/build/farmbot_autonomous_pkg' returned '0': PYTHONPATH=/home/asgard/farmbot/build/farmbot_autonomous_pkg/prefix_override:/usr/lib/python3/dist-packages/colcon_core/task/python/colcon_distutils_commands:/home/asgard/farmbot/install/farmbot_autonomous_pkg/lib/python3.10/site-packages:${PYTHONPATH} /usr/bin/python3 -W ignore:setup.py install is deprecated -W ignore:easy_install command is deprecated setup.py develop --editable --build-directory /home/asgard/farmbot/build/farmbot_autonomous_pkg/build --no-deps symlink_data --force
[4.545s] INFO:colcon.colcon_core.shell:Creating environment descriptor '/home/asgard/farmbot/build/farmbot_autonomous_pkg/share/farmbot_autonomous_pkg/hook/pythonpath_develop.dsv'
[4.547s] INFO:colcon.colcon_core.shell:Creating environment hook '/home/asgard/farmbot/build/farmbot_autonomous_pkg/share/farmbot_autonomous_pkg/hook/pythonpath_develop.sh'
[4.636s] Level 1:colcon.colcon_core.environment:checking '/home/asgard/farmbot/install/farmbot_autonomous_pkg' for CMake module files
[4.636s] Level 1:colcon.colcon_core.environment:checking '/home/asgard/farmbot/install/farmbot_autonomous_pkg' for CMake config files
[4.637s] Level 1:colcon.colcon_core.environment:checking '/home/asgard/farmbot/install/farmbot_autonomous_pkg/lib'
[4.637s] Level 1:colcon.colcon_core.environment:checking '/home/asgard/farmbot/install/farmbot_autonomous_pkg/bin'
[4.637s] Level 1:colcon.colcon_core.environment:checking '/home/asgard/farmbot/install/farmbot_autonomous_pkg/lib/pkgconfig/farmbot_autonomous_pkg.pc'
[4.637s] Level 1:colcon.colcon_core.environment:checking '/home/asgard/farmbot/install/farmbot_autonomous_pkg/lib/python3.10/site-packages'
[4.637s] Level 1:colcon.colcon_core.shell:create_environment_hook('farmbot_autonomous_pkg', 'pythonpath')
[4.638s] INFO:colcon.colcon_core.shell:Creating environment hook '/home/asgard/farmbot/install/farmbot_autonomous_pkg/share/farmbot_autonomous_pkg/hook/pythonpath.ps1'
[4.638s] INFO:colcon.colcon_core.shell:Creating environment descriptor '/home/asgard/farmbot/install/farmbot_autonomous_pkg/share/farmbot_autonomous_pkg/hook/pythonpath.dsv'
[4.638s] INFO:colcon.colcon_core.shell:Creating environment hook '/home/asgard/farmbot/install/farmbot_autonomous_pkg/share/farmbot_autonomous_pkg/hook/pythonpath.sh'
[4.639s] Level 1:colcon.colcon_core.environment:checking '/home/asgard/farmbot/install/farmbot_autonomous_pkg/bin'
[4.639s] Level 1:colcon.colcon_core.environment:create_environment_scripts_only(farmbot_autonomous_pkg)
[4.639s] INFO:colcon.colcon_core.shell:Creating package script '/home/asgard/farmbot/install/farmbot_autonomous_pkg/share/farmbot_autonomous_pkg/package.ps1'
[4.640s] INFO:colcon.colcon_core.shell:Creating package descriptor '/home/asgard/farmbot/install/farmbot_autonomous_pkg/share/farmbot_autonomous_pkg/package.dsv'
[4.641s] INFO:colcon.colcon_core.shell:Creating package script '/home/asgard/farmbot/install/farmbot_autonomous_pkg/share/farmbot_autonomous_pkg/package.sh'
[4.641s] INFO:colcon.colcon_core.shell:Creating package script '/home/asgard/farmbot/install/farmbot_autonomous_pkg/share/farmbot_autonomous_pkg/package.bash'
[4.642s] INFO:colcon.colcon_core.shell:Creating package script '/home/asgard/farmbot/install/farmbot_autonomous_pkg/share/farmbot_autonomous_pkg/package.zsh'
[4.642s] Level 1:colcon.colcon_core.environment:create_file_with_runtime_dependencies(/home/asgard/farmbot/install/farmbot_autonomous_pkg/share/colcon-core/packages/farmbot_autonomous_pkg)
[8.442s] DEBUG:colcon.colcon_core.event_handler.log_command:Invoked command in '/home/asgard/farmbot/build/ros_pospac_bridge' returned '0': CMAKE_PREFIX_PATH=${CMAKE_PREFIX_PATH}:/home/asgard/farmbot/install/farmbot_autonomous_pkg:/home/asgard/placement/install/self_driving_car_pkg:/opt/ros/humble /usr/bin/cmake /home/asgard/farmbot/src/gps_publisher_ros2humble -DAMENT_CMAKE_SYMLINK_INSTALL=1 -DCMAKE_INSTALL_PREFIX=/home/asgard/farmbot/install/ros_pospac_bridge
[8.444s] DEBUG:colcon.colcon_core.event_handler.log_command:Invoking command in '/home/asgard/farmbot/build/ros_pospac_bridge': CMAKE_PREFIX_PATH=${CMAKE_PREFIX_PATH}:/home/asgard/farmbot/install/farmbot_autonomous_pkg:/home/asgard/placement/install/self_driving_car_pkg:/opt/ros/humble /usr/bin/cmake --build /home/asgard/farmbot/build/ros_pospac_bridge -- -j12 -l12
[10.545s] DEBUG:colcon.colcon_core.event_handler.log_command:Invoked command in '/home/asgard/farmbot/build/ros_pospac_bridge' returned '0': CMAKE_PREFIX_PATH=${CMAKE_PREFIX_PATH}:/home/asgard/farmbot/install/farmbot_autonomous_pkg:/home/asgard/placement/install/self_driving_car_pkg:/opt/ros/humble /usr/bin/cmake --build /home/asgard/farmbot/build/ros_pospac_bridge -- -j12 -l12
[10.554s] DEBUG:colcon.colcon_core.event_handler.log_command:Invoking command in '/home/asgard/farmbot/build/ros_pospac_bridge': CMAKE_PREFIX_PATH=${CMAKE_PREFIX_PATH}:/home/asgard/farmbot/install/farmbot_autonomous_pkg:/home/asgard/placement/install/self_driving_car_pkg:/opt/ros/humble /usr/bin/cmake --install /home/asgard/farmbot/build/ros_pospac_bridge
[10.780s] Level 1:colcon.colcon_core.environment:create_environment_scripts_only(ros_pospac_bridge)
[10.781s] Level 1:colcon.colcon_core.environment:checking '/home/asgard/farmbot/install/ros_pospac_bridge' for CMake module files
[10.781s] DEBUG:colcon.colcon_core.event_handler.log_command:Invoked command in '/home/asgard/farmbot/build/ros_pospac_bridge' returned '0': CMAKE_PREFIX_PATH=${CMAKE_PREFIX_PATH}:/home/asgard/farmbot/install/farmbot_autonomous_pkg:/home/asgard/placement/install/self_driving_car_pkg:/opt/ros/humble /usr/bin/cmake --install /home/asgard/farmbot/build/ros_pospac_bridge
[10.782s] Level 1:colcon.colcon_core.environment:checking '/home/asgard/farmbot/install/ros_pospac_bridge' for CMake config files
[10.782s] Level 1:colcon.colcon_core.shell:create_environment_hook('ros_pospac_bridge', 'cmake_prefix_path')
[10.782s] INFO:colcon.colcon_core.shell:Creating environment hook '/home/asgard/farmbot/install/ros_pospac_bridge/share/ros_pospac_bridge/hook/cmake_prefix_path.ps1'
[10.782s] INFO:colcon.colcon_core.shell:Creating environment descriptor '/home/asgard/farmbot/install/ros_pospac_bridge/share/ros_pospac_bridge/hook/cmake_prefix_path.dsv'
[10.783s] INFO:colcon.colcon_core.shell:Creating environment hook '/home/asgard/farmbot/install/ros_pospac_bridge/share/ros_pospac_bridge/hook/cmake_prefix_path.sh'
[10.783s] Level 1:colcon.colcon_core.environment:checking '/home/asgard/farmbot/install/ros_pospac_bridge/lib'
[10.783s] Level 1:colcon.colcon_core.environment:checking '/home/asgard/farmbot/install/ros_pospac_bridge/bin'
[10.783s] Level 1:colcon.colcon_core.environment:checking '/home/asgard/farmbot/install/ros_pospac_bridge/lib/pkgconfig/ros_pospac_bridge.pc'
[10.784s] Level 1:colcon.colcon_core.environment:checking '/home/asgard/farmbot/install/ros_pospac_bridge/lib/python3.10/site-packages'
[10.784s] Level 1:colcon.colcon_core.environment:checking '/home/asgard/farmbot/install/ros_pospac_bridge/bin'
[10.784s] INFO:colcon.colcon_core.shell:Creating package script '/home/asgard/farmbot/install/ros_pospac_bridge/share/ros_pospac_bridge/package.ps1'
[10.784s] INFO:colcon.colcon_core.shell:Creating package descriptor '/home/asgard/farmbot/install/ros_pospac_bridge/share/ros_pospac_bridge/package.dsv'
[10.785s] INFO:colcon.colcon_core.shell:Creating package script '/home/asgard/farmbot/install/ros_pospac_bridge/share/ros_pospac_bridge/package.sh'
[10.785s] INFO:colcon.colcon_core.shell:Creating package script '/home/asgard/farmbot/install/ros_pospac_bridge/share/ros_pospac_bridge/package.bash'
[10.785s] INFO:colcon.colcon_core.shell:Creating package script '/home/asgard/farmbot/install/ros_pospac_bridge/share/ros_pospac_bridge/package.zsh'
[10.786s] Level 1:colcon.colcon_core.environment:create_file_with_runtime_dependencies(/home/asgard/farmbot/install/ros_pospac_bridge/share/colcon-core/packages/ros_pospac_bridge)
[10.786s] Level 1:colcon.colcon_core.environment:create_environment_scripts_only(ros_pospac_bridge)
[10.786s] Level 1:colcon.colcon_core.environment:checking '/home/asgard/farmbot/install/ros_pospac_bridge' for CMake module files
[10.787s] Level 1:colcon.colcon_core.environment:checking '/home/asgard/farmbot/install/ros_pospac_bridge' for CMake config files
[10.787s] Level 1:colcon.colcon_core.shell:create_environment_hook('ros_pospac_bridge', 'cmake_prefix_path')
[10.787s] INFO:colcon.colcon_core.shell:Creating environment hook '/home/asgard/farmbot/install/ros_pospac_bridge/share/ros_pospac_bridge/hook/cmake_prefix_path.ps1'
[10.787s] INFO:colcon.colcon_core.shell:Creating environment descriptor '/home/asgard/farmbot/install/ros_pospac_bridge/share/ros_pospac_bridge/hook/cmake_prefix_path.dsv'
[10.788s] INFO:colcon.colcon_core.shell:Creating environment hook '/home/asgard/farmbot/install/ros_pospac_bridge/share/ros_pospac_bridge/hook/cmake_prefix_path.sh'
[10.788s] Level 1:colcon.colcon_core.environment:checking '/home/asgard/farmbot/install/ros_pospac_bridge/lib'
[10.788s] Level 1:colcon.colcon_core.environment:checking '/home/asgard/farmbot/install/ros_pospac_bridge/bin'
[10.788s] Level 1:colcon.colcon_core.environment:checking '/home/asgard/farmbot/install/ros_pospac_bridge/lib/pkgconfig/ros_pospac_bridge.pc'
[10.788s] Level 1:colcon.colcon_core.environment:checking '/home/asgard/farmbot/install/ros_pospac_bridge/lib/python3.10/site-packages'
[10.788s] Level 1:colcon.colcon_core.environment:checking '/home/asgard/farmbot/install/ros_pospac_bridge/bin'
[10.789s] INFO:colcon.colcon_core.shell:Creating package script '/home/asgard/farmbot/install/ros_pospac_bridge/share/ros_pospac_bridge/package.ps1'
[10.789s] INFO:colcon.colcon_core.shell:Creating package descriptor '/home/asgard/farmbot/install/ros_pospac_bridge/share/ros_pospac_bridge/package.dsv'
[10.789s] INFO:colcon.colcon_core.shell:Creating package script '/home/asgard/farmbot/install/ros_pospac_bridge/share/ros_pospac_bridge/package.sh'
[10.790s] INFO:colcon.colcon_core.shell:Creating package script '/home/asgard/farmbot/install/ros_pospac_bridge/share/ros_pospac_bridge/package.bash'
[10.790s] INFO:colcon.colcon_core.shell:Creating package script '/home/asgard/farmbot/install/ros_pospac_bridge/share/ros_pospac_bridge/package.zsh'
[10.791s] Level 1:colcon.colcon_core.environment:create_file_with_runtime_dependencies(/home/asgard/farmbot/install/ros_pospac_bridge/share/colcon-core/packages/ros_pospac_bridge)
[10.791s] DEBUG:colcon.colcon_parallel_executor.executor.parallel:closing loop
[10.791s] DEBUG:colcon.colcon_parallel_executor.executor.parallel:loop closed
[10.791s] DEBUG:colcon.colcon_parallel_executor.executor.parallel:run_until_complete finished with '0'
[10.791s] DEBUG:colcon.colcon_core.event_reactor:joining thread
[10.796s] INFO:colcon.colcon_core.plugin_system:Skipping extension 'colcon_notification.desktop_notification.terminal_notifier': Not used on non-Darwin systems
[10.796s] INFO:colcon.colcon_core.plugin_system:Skipping extension 'colcon_notification.desktop_notification.win32': Not used on non-Windows systems
[10.796s] INFO:colcon.colcon_notification.desktop_notification:Sending desktop notification using 'notify2'
[10.806s] DEBUG:colcon.colcon_core.event_reactor:joined thread
[10.806s] INFO:colcon.colcon_core.shell:Creating prefix script '/home/asgard/farmbot/install/local_setup.ps1'
[10.807s] INFO:colcon.colcon_core.shell:Creating prefix util module '/home/asgard/farmbot/install/_local_setup_util_ps1.py'
[10.808s] INFO:colcon.colcon_core.shell:Creating prefix chain script '/home/asgard/farmbot/install/setup.ps1'
[10.810s] INFO:colcon.colcon_core.shell:Creating prefix script '/home/asgard/farmbot/install/local_setup.sh'
[10.810s] INFO:colcon.colcon_core.shell:Creating prefix util module '/home/asgard/farmbot/install/_local_setup_util_sh.py'
[10.811s] INFO:colcon.colcon_core.shell:Creating prefix chain script '/home/asgard/farmbot/install/setup.sh'
[10.812s] INFO:colcon.colcon_core.shell:Creating prefix script '/home/asgard/farmbot/install/local_setup.bash'
[10.813s] INFO:colcon.colcon_core.shell:Creating prefix chain script '/home/asgard/farmbot/install/setup.bash'
[10.814s] INFO:colcon.colcon_core.shell:Creating prefix script '/home/asgard/farmbot/install/local_setup.zsh'
[10.814s] INFO:colcon.colcon_core.shell:Creating prefix chain script '/home/asgard/farmbot/install/setup.zsh'
