[ 50%] [32mBuilding CXX object CMakeFiles/ros_pospac_bridge.dir/src/ros_pospac_bridge.cpp.o[0m
[100%] [32m[1mLinking CXX executable ros_pospac_bridge[0m
[100%] Built target ros_pospac_bridge
-- Install configuration: ""
-- Installing: /home/asgard/farmbot/install/ros_pospac_bridge/lib/ros_pospac_bridge/ros_pospac_bridge
-- Set runtime path of "/home/asgard/farmbot/install/ros_pospac_bridge/lib/ros_pospac_bridge/ros_pospac_bridge" to ""
-- Up-to-date: /home/asgard/farmbot/install/ros_pospac_bridge/share/ros_pospac_bridge/launch
-- Up-to-date: /home/asgard/farmbot/install/ros_pospac_bridge/share/ros_pospac_bridge/launch/ros_pospac_bridge.launch.xml
-- Up-to-date: /home/asgard/farmbot/install/ros_pospac_bridge/share/ros_pospac_bridge/config
-- Up-to-date: /home/asgard/farmbot/install/ros_pospac_bridge/share/ros_pospac_bridge/config/ros_pospac_bridge.config.yaml
-- Up-to-date: /home/asgard/farmbot/install/ros_pospac_bridge/include
-- Up-to-date: /home/asgard/farmbot/install/ros_pospac_bridge/include/ros_pospac_bridge
-- Up-to-date: /home/asgard/farmbot/install/ros_pospac_bridge/include/ros_pospac_bridge/ros_pospac_bridge.hpp
-- Up-to-date: /home/asgard/farmbot/install/ros_pospac_bridge/share/ros_pospac_bridge/launch
-- Up-to-date: /home/asgard/farmbot/install/ros_pospac_bridge/share/ros_pospac_bridge/launch/ros_pospac_bridge.launch.xml
-- Up-to-date: /home/asgard/farmbot/install/ros_pospac_bridge/share/ros_pospac_bridge/config
-- Up-to-date: /home/asgard/farmbot/install/ros_pospac_bridge/share/ros_pospac_bridge/config/ros_pospac_bridge.config.yaml
-- Up-to-date: /home/asgard/farmbot/install/ros_pospac_bridge/share/ament_index/resource_index/package_run_dependencies/ros_pospac_bridge
-- Up-to-date: /home/asgard/farmbot/install/ros_pospac_bridge/share/ament_index/resource_index/parent_prefix_path/ros_pospac_bridge
-- Up-to-date: /home/asgard/farmbot/install/ros_pospac_bridge/share/ros_pospac_bridge/environment/ament_prefix_path.sh
-- Up-to-date: /home/asgard/farmbot/install/ros_pospac_bridge/share/ros_pospac_bridge/environment/ament_prefix_path.dsv
-- Up-to-date: /home/asgard/farmbot/install/ros_pospac_bridge/share/ros_pospac_bridge/environment/path.sh
-- Up-to-date: /home/asgard/farmbot/install/ros_pospac_bridge/share/ros_pospac_bridge/environment/path.dsv
-- Up-to-date: /home/asgard/farmbot/install/ros_pospac_bridge/share/ros_pospac_bridge/local_setup.bash
-- Up-to-date: /home/asgard/farmbot/install/ros_pospac_bridge/share/ros_pospac_bridge/local_setup.sh
-- Up-to-date: /home/asgard/farmbot/install/ros_pospac_bridge/share/ros_pospac_bridge/local_setup.zsh
-- Up-to-date: /home/asgard/farmbot/install/ros_pospac_bridge/share/ros_pospac_bridge/local_setup.dsv
-- Installing: /home/asgard/farmbot/install/ros_pospac_bridge/share/ros_pospac_bridge/package.dsv
-- Up-to-date: /home/asgard/farmbot/install/ros_pospac_bridge/share/ament_index/resource_index/packages/ros_pospac_bridge
-- Up-to-date: /home/asgard/farmbot/install/ros_pospac_bridge/share/ros_pospac_bridge/cmake/ament_cmake_export_dependencies-extras.cmake
-- Up-to-date: /home/asgard/farmbot/install/ros_pospac_bridge/share/ros_pospac_bridge/cmake/ament_cmake_export_include_directories-extras.cmake
-- Up-to-date: /home/asgard/farmbot/install/ros_pospac_bridge/share/ros_pospac_bridge/cmake/ros_pospac_bridgeConfig.cmake
-- Up-to-date: /home/asgard/farmbot/install/ros_pospac_bridge/share/ros_pospac_bridge/cmake/ros_pospac_bridgeConfig-version.cmake
-- Up-to-date: /home/asgard/farmbot/install/ros_pospac_bridge/share/ros_pospac_bridge/package.xml
