[0.396s] Invoking command in '/home/asgard/farmbot/build/ros_pospac_bridge': CMAKE_PREFIX_PATH=${CMAKE_PREFIX_PATH}:/home/asgard/farmbot/install/farmbot_autonomous_pkg:/home/asgard/placement/install/self_driving_car_pkg:/opt/ros/humble /usr/bin/cmake /home/asgard/farmbot/src/gps_publisher_ros2humble -DAMENT_CMAKE_SYMLINK_INSTALL=1 -DCMAKE_INSTALL_PREFIX=/home/asgard/farmbot/install/ros_pospac_bridge
[1.017s] -- Found rclcpp: 16.0.12 (/opt/ros/humble/share/rclcpp/cmake)
[1.690s] -- Override CMake install command with custom implementation using symlinks instead of copying resources
[3.009s] -- Found rosidl_generator_c: 3.1.6 (/opt/ros/humble/share/rosidl_generator_c/cmake)
[3.053s] -- Found rosidl_adapter: 3.1.6 (/opt/ros/humble/share/rosidl_adapter/cmake)
[3.232s] -- Found rosidl_generator_cpp: 3.1.6 (/opt/ros/humble/share/rosidl_generator_cpp/cmake)
[3.453s] -- Using all available rosidl_typesupport_c: rosidl_typesupport_fastrtps_c;rosidl_typesupport_introspection_c
[3.625s] -- Using all available rosidl_typesupport_cpp: rosidl_typesupport_fastrtps_cpp;rosidl_typesupport_introspection_cpp
[3.911s] -- Found rmw_implementation_cmake: 6.1.2 (/opt/ros/humble/share/rmw_implementation_cmake/cmake)
[3.925s] -- Found rmw_fastrtps_cpp: 6.2.7 (/opt/ros/humble/share/rmw_fastrtps_cpp/cmake)
[4.528s] -- Using RMW implementation 'rmw_fastrtps_cpp' as default
[5.013s] -- Found sensor_msgs: 4.8.0 (/opt/ros/humble/share/sensor_msgs/cmake)
[5.177s] -- Found tf2: 0.25.12 (/opt/ros/humble/share/tf2/cmake)
[5.253s] -- Found tf2_geometry_msgs: 0.25.12 (/opt/ros/humble/share/tf2_geometry_msgs/cmake)
[5.510s] -- Found eigen3_cmake_module: 0.1.1 (/opt/ros/humble/share/eigen3_cmake_module/cmake)
[5.531s] -- Ensuring Eigen3 include directory is part of orocos-kdl CMake target
[6.311s] -- Found ament_cmake_auto: 1.3.11 (/opt/ros/humble/share/ament_cmake_auto/cmake)
[6.353s] -- Found autoware_sensing_msgs: 1.7.0 (/opt/ros/humble/share/autoware_sensing_msgs/cmake)
[6.531s] -- Found ament_lint_auto: 0.12.12 (/opt/ros/humble/share/ament_lint_auto/cmake)
[6.711s] -- Added test 'copyright' to check source files copyright and LICENSE
[6.756s] -- Added test 'cppcheck' to perform static code analysis on C / C++ code
[6.757s] -- Configured cppcheck include dirs: /home/asgard/farmbot/src/gps_publisher_ros2humble/include
[6.757s] -- Configured cppcheck exclude dirs and/or files: 
[6.796s] -- Added test 'lint_cmake' to check CMake code style
[6.829s] -- Added test 'uncrustify' to check C / C++ code style
[6.829s] -- Configured uncrustify additional arguments: 
[6.833s] -- Added test 'xmllint' to check XML markup files
[6.923s] -- Configuring done
[7.065s] -- Generating done
[7.082s] -- Build files have been written to: /home/asgard/farmbot/build/ros_pospac_bridge
[7.099s] Invoked command in '/home/asgard/farmbot/build/ros_pospac_bridge' returned '0': CMAKE_PREFIX_PATH=${CMAKE_PREFIX_PATH}:/home/asgard/farmbot/install/farmbot_autonomous_pkg:/home/asgard/placement/install/self_driving_car_pkg:/opt/ros/humble /usr/bin/cmake /home/asgard/farmbot/src/gps_publisher_ros2humble -DAMENT_CMAKE_SYMLINK_INSTALL=1 -DCMAKE_INSTALL_PREFIX=/home/asgard/farmbot/install/ros_pospac_bridge
[7.102s] Invoking command in '/home/asgard/farmbot/build/ros_pospac_bridge': CMAKE_PREFIX_PATH=${CMAKE_PREFIX_PATH}:/home/asgard/farmbot/install/farmbot_autonomous_pkg:/home/asgard/placement/install/self_driving_car_pkg:/opt/ros/humble /usr/bin/cmake --build /home/asgard/farmbot/build/ros_pospac_bridge -- -j12 -l12
[7.148s] [35m[1mConsolidate compiler generated dependencies of target ros_pospac_bridge[0m
[7.168s] [ 50%] [32m[1mLinking CXX executable ros_pospac_bridge[0m
[9.192s] [100%] Built target ros_pospac_bridge
[9.202s] Invoked command in '/home/asgard/farmbot/build/ros_pospac_bridge' returned '0': CMAKE_PREFIX_PATH=${CMAKE_PREFIX_PATH}:/home/asgard/farmbot/install/farmbot_autonomous_pkg:/home/asgard/placement/install/self_driving_car_pkg:/opt/ros/humble /usr/bin/cmake --build /home/asgard/farmbot/build/ros_pospac_bridge -- -j12 -l12
[9.212s] Invoking command in '/home/asgard/farmbot/build/ros_pospac_bridge': CMAKE_PREFIX_PATH=${CMAKE_PREFIX_PATH}:/home/asgard/farmbot/install/farmbot_autonomous_pkg:/home/asgard/placement/install/self_driving_car_pkg:/opt/ros/humble /usr/bin/cmake --install /home/asgard/farmbot/build/ros_pospac_bridge
[9.218s] -- Install configuration: ""
[9.219s] -- Execute custom install script
[9.219s] -- Symlinking: /home/asgard/farmbot/install/ros_pospac_bridge/lib/ros_pospac_bridge/ros_pospac_bridge
[9.227s] -- Symlinking: /home/asgard/farmbot/install/ros_pospac_bridge/share/ros_pospac_bridge/launch/ros_pospac_bridge.launch.xml
[9.272s] -- Symlinking: /home/asgard/farmbot/install/ros_pospac_bridge/share/ros_pospac_bridge/config/ros_pospac_bridge.config.yaml
[9.286s] -- Symlinking: /home/asgard/farmbot/install/ros_pospac_bridge/include/ros_pospac_bridge/ros_pospac_bridge.hpp
[9.300s] -- Up-to-date symlink: /home/asgard/farmbot/install/ros_pospac_bridge/share/ros_pospac_bridge/launch/ros_pospac_bridge.launch.xml
[9.300s] -- Up-to-date symlink: /home/asgard/farmbot/install/ros_pospac_bridge/share/ros_pospac_bridge/config/ros_pospac_bridge.config.yaml
[9.300s] -- Symlinking: /home/asgard/farmbot/install/ros_pospac_bridge/share/ament_index/resource_index/package_run_dependencies/ros_pospac_bridge
[9.309s] -- Symlinking: /home/asgard/farmbot/install/ros_pospac_bridge/share/ament_index/resource_index/parent_prefix_path/ros_pospac_bridge
[9.317s] -- Symlinking: /home/asgard/farmbot/install/ros_pospac_bridge/share/ros_pospac_bridge/environment/ament_prefix_path.sh
[9.325s] -- Symlinking: /home/asgard/farmbot/install/ros_pospac_bridge/share/ros_pospac_bridge/environment/ament_prefix_path.dsv
[9.334s] -- Symlinking: /home/asgard/farmbot/install/ros_pospac_bridge/share/ros_pospac_bridge/environment/path.sh
[9.342s] -- Symlinking: /home/asgard/farmbot/install/ros_pospac_bridge/share/ros_pospac_bridge/environment/path.dsv
[9.350s] -- Symlinking: /home/asgard/farmbot/install/ros_pospac_bridge/share/ros_pospac_bridge/local_setup.bash
[9.358s] -- Symlinking: /home/asgard/farmbot/install/ros_pospac_bridge/share/ros_pospac_bridge/local_setup.sh
[9.366s] -- Symlinking: /home/asgard/farmbot/install/ros_pospac_bridge/share/ros_pospac_bridge/local_setup.zsh
[9.374s] -- Symlinking: /home/asgard/farmbot/install/ros_pospac_bridge/share/ros_pospac_bridge/local_setup.dsv
[9.382s] -- Symlinking: /home/asgard/farmbot/install/ros_pospac_bridge/share/ros_pospac_bridge/package.dsv
[9.389s] -- Symlinking: /home/asgard/farmbot/install/ros_pospac_bridge/share/ament_index/resource_index/packages/ros_pospac_bridge
[9.397s] -- Symlinking: /home/asgard/farmbot/install/ros_pospac_bridge/share/ros_pospac_bridge/cmake/ament_cmake_export_dependencies-extras.cmake
[9.405s] -- Symlinking: /home/asgard/farmbot/install/ros_pospac_bridge/share/ros_pospac_bridge/cmake/ament_cmake_export_include_directories-extras.cmake
[9.413s] -- Symlinking: /home/asgard/farmbot/install/ros_pospac_bridge/share/ros_pospac_bridge/cmake/ros_pospac_bridgeConfig.cmake
[9.421s] -- Symlinking: /home/asgard/farmbot/install/ros_pospac_bridge/share/ros_pospac_bridge/cmake/ros_pospac_bridgeConfig-version.cmake
[9.428s] -- Symlinking: /home/asgard/farmbot/install/ros_pospac_bridge/share/ros_pospac_bridge/package.xml
[9.439s] Invoked command in '/home/asgard/farmbot/build/ros_pospac_bridge' returned '0': CMAKE_PREFIX_PATH=${CMAKE_PREFIX_PATH}:/home/asgard/farmbot/install/farmbot_autonomous_pkg:/home/asgard/placement/install/self_driving_car_pkg:/opt/ros/humble /usr/bin/cmake --install /home/asgard/farmbot/build/ros_pospac_bridge
