[3.625s] Invoking command in '/home/asgard/farmbot/build/farmbot_autonomous_pkg': PYTHONPATH=/home/asgard/farmbot/build/farmbot_autonomous_pkg/prefix_override:/usr/lib/python3/dist-packages/colcon_core/task/python/colcon_distutils_commands:/home/asgard/farmbot/install/farmbot_autonomous_pkg/lib/python3.10/site-packages:${PYTHONPATH} /usr/bin/python3 -W ignore:setup.py install is deprecated -W ignore:easy_install command is deprecated setup.py develop --editable --build-directory /home/asgard/farmbot/build/farmbot_autonomous_pkg/build --no-deps symlink_data --force
[3.973s] running develop
[4.248s] running egg_info
[4.248s] writing farmbot_autonomous_pkg.egg-info/PKG-INFO
[4.248s] writing dependency_links to farmbot_autonomous_pkg.egg-info/dependency_links.txt
[4.248s] writing entry points to farmbot_autonomous_pkg.egg-info/entry_points.txt
[4.248s] writing requirements to farmbot_autonomous_pkg.egg-info/requires.txt
[4.249s] writing top-level names to farmbot_autonomous_pkg.egg-info/top_level.txt
[4.251s] reading manifest file 'farmbot_autonomous_pkg.egg-info/SOURCES.txt'
[4.252s] writing manifest file 'farmbot_autonomous_pkg.egg-info/SOURCES.txt'
[4.310s] running build_ext
[4.311s] Creating /home/asgard/farmbot/install/farmbot_autonomous_pkg/lib/python3.10/site-packages/farmbot-autonomous-pkg.egg-link (link to .)
[4.312s] Installing vis_odem_node script to /home/asgard/farmbot/install/farmbot_autonomous_pkg/lib/farmbot_autonomous_pkg
[4.312s] Installing vision_node script to /home/asgard/farmbot/install/farmbot_autonomous_pkg/lib/farmbot_autonomous_pkg
[4.312s] 
[4.312s] Installed /home/asgard/farmbot/build/farmbot_autonomous_pkg
[4.312s] running symlink_data
[4.313s] symbolically linking /home/asgard/farmbot/build/farmbot_autonomous_pkg/resource/farmbot_autonomous_pkg -> /home/asgard/farmbot/install/farmbot_autonomous_pkg/share/ament_index/resource_index/packages
[4.313s] symbolically linking /home/asgard/farmbot/build/farmbot_autonomous_pkg/package.xml -> /home/asgard/farmbot/install/farmbot_autonomous_pkg/share/farmbot_autonomous_pkg
[4.313s] symbolically linking /home/asgard/farmbot/build/farmbot_autonomous_pkg/launch/world_gazebo.launch.py -> /home/asgard/farmbot/install/farmbot_autonomous_pkg/share/farmbot_autonomous_pkg/launch
[4.313s] symbolically linking /home/asgard/farmbot/build/farmbot_autonomous_pkg/launch/vision_odometry.launch.py -> /home/asgard/farmbot/install/farmbot_autonomous_pkg/share/farmbot_autonomous_pkg/launch
[4.314s] symbolically linking /home/asgard/farmbot/build/farmbot_autonomous_pkg/worlds/farmland.world -> /home/asgard/farmbot/install/farmbot_autonomous_pkg/share/farmbot_autonomous_pkg/worlds
[4.342s] Invoked command in '/home/asgard/farmbot/build/farmbot_autonomous_pkg' returned '0': PYTHONPATH=/home/asgard/farmbot/build/farmbot_autonomous_pkg/prefix_override:/usr/lib/python3/dist-packages/colcon_core/task/python/colcon_distutils_commands:/home/asgard/farmbot/install/farmbot_autonomous_pkg/lib/python3.10/site-packages:${PYTHONPATH} /usr/bin/python3 -W ignore:setup.py install is deprecated -W ignore:easy_install command is deprecated setup.py develop --editable --build-directory /home/asgard/farmbot/build/farmbot_autonomous_pkg/build --no-deps symlink_data --force
