[2.312s] DEBUG:colcon:Command line arguments: ['/usr/bin/colcon', 'build']
[2.312s] DEBUG:colcon:Parsed command line arguments: Namespace(log_base=None, log_level=None, verb_name='build', build_base='build', install_base='install', merge_install=False, symlink_install=False, test_result_base=None, continue_on_error=False, executor='parallel', parallel_workers=12, event_handlers=None, ignore_user_meta=False, metas=['./colcon.meta'], base_paths=['.'], packages_ignore=None, packages_ignore_regex=None, paths=None, packages_up_to=None, packages_up_to_regex=None, packages_above=None, packages_above_and_dependencies=None, packages_above_depth=None, packages_select_by_dep=None, packages_skip_by_dep=None, packages_skip_up_to=None, packages_select_build_failed=False, packages_skip_build_finished=False, packages_select_test_failures=False, packages_skip_test_passed=False, packages_select=None, packages_skip=None, packages_select_regex=None, packages_skip_regex=None, packages_start=None, packages_end=None, allow_overriding=[], cmake_args=None, cmake_target=None, cmake_target_skip_unavailable=False, cmake_clean_cache=False, cmake_clean_first=False, cmake_force_configure=False, ament_cmake_args=None, catkin_cmake_args=None, catkin_skip_building_tests=False, mixin_files=None, mixin=None, verb_parser=<colcon_mixin.mixin.mixin_argument.MixinArgumentDecorator object at 0x7a81e5790280>, verb_extension=<colcon_core.verb.build.BuildVerb object at 0x7a81e5773d90>, main=<bound method BuildVerb.main of <colcon_core.verb.build.BuildVerb object at 0x7a81e5773d90>>, mixin_verb=('build',))
[2.726s] Level 1:colcon.colcon_core.package_discovery:discover_packages(colcon_meta) check parameters
[2.726s] Level 1:colcon.colcon_core.package_discovery:discover_packages(recursive) check parameters
[2.726s] Level 1:colcon.colcon_core.package_discovery:discover_packages(ignore) check parameters
[2.726s] Level 1:colcon.colcon_core.package_discovery:discover_packages(path) check parameters
[2.726s] Level 1:colcon.colcon_core.package_discovery:discover_packages(colcon_meta) discover
[2.726s] Level 1:colcon.colcon_core.package_discovery:discover_packages(recursive) discover
[2.726s] INFO:colcon.colcon_core.package_discovery:Crawling recursively for packages in '/home/asgard/farmbot'
[2.727s] Level 1:colcon.colcon_core.package_identification:_identify(.) by extensions ['ignore', 'ignore_ament_install']
[2.727s] Level 1:colcon.colcon_core.package_identification:_identify(.) by extension 'ignore'
[2.727s] Level 1:colcon.colcon_core.package_identification:_identify(.) by extension 'ignore_ament_install'
[2.727s] Level 1:colcon.colcon_core.package_identification:_identify(.) by extensions ['colcon_pkg']
[2.727s] Level 1:colcon.colcon_core.package_identification:_identify(.) by extension 'colcon_pkg'
[2.727s] Level 1:colcon.colcon_core.package_identification:_identify(.) by extensions ['colcon_meta']
[2.727s] Level 1:colcon.colcon_core.package_identification:_identify(.) by extension 'colcon_meta'
[2.727s] Level 1:colcon.colcon_core.package_identification:_identify(.) by extensions ['ros']
[2.727s] Level 1:colcon.colcon_core.package_identification:_identify(.) by extension 'ros'
[2.742s] Level 1:colcon.colcon_core.package_identification:_identify(.) by extensions ['cmake', 'python']
[2.742s] Level 1:colcon.colcon_core.package_identification:_identify(.) by extension 'cmake'
[2.742s] Level 1:colcon.colcon_core.package_identification:_identify(.) by extension 'python'
[2.742s] Level 1:colcon.colcon_core.package_identification:_identify(.) by extensions ['python_setup_py']
[2.742s] Level 1:colcon.colcon_core.package_identification:_identify(.) by extension 'python_setup_py'
[2.742s] Level 1:colcon.colcon_core.package_identification:_identify(build) by extensions ['ignore', 'ignore_ament_install']
[2.742s] Level 1:colcon.colcon_core.package_identification:_identify(build) by extension 'ignore'
[2.742s] Level 1:colcon.colcon_core.package_identification:_identify(build) ignored
[2.742s] Level 1:colcon.colcon_core.package_identification:_identify(install) by extensions ['ignore', 'ignore_ament_install']
[2.742s] Level 1:colcon.colcon_core.package_identification:_identify(install) by extension 'ignore'
[2.742s] Level 1:colcon.colcon_core.package_identification:_identify(install) ignored
[2.742s] Level 1:colcon.colcon_core.package_identification:_identify(log) by extensions ['ignore', 'ignore_ament_install']
[2.743s] Level 1:colcon.colcon_core.package_identification:_identify(log) by extension 'ignore'
[2.743s] Level 1:colcon.colcon_core.package_identification:_identify(log) ignored
[2.743s] Level 1:colcon.colcon_core.package_identification:_identify(src) by extensions ['ignore', 'ignore_ament_install']
[2.743s] Level 1:colcon.colcon_core.package_identification:_identify(src) by extension 'ignore'
[2.743s] Level 1:colcon.colcon_core.package_identification:_identify(src) by extension 'ignore_ament_install'
[2.743s] Level 1:colcon.colcon_core.package_identification:_identify(src) by extensions ['colcon_pkg']
[2.743s] Level 1:colcon.colcon_core.package_identification:_identify(src) by extension 'colcon_pkg'
[2.743s] Level 1:colcon.colcon_core.package_identification:_identify(src) by extensions ['colcon_meta']
[2.743s] Level 1:colcon.colcon_core.package_identification:_identify(src) by extension 'colcon_meta'
[2.743s] Level 1:colcon.colcon_core.package_identification:_identify(src) by extensions ['ros']
[2.743s] Level 1:colcon.colcon_core.package_identification:_identify(src) by extension 'ros'
[2.743s] Level 1:colcon.colcon_core.package_identification:_identify(src) by extensions ['cmake', 'python']
[2.743s] Level 1:colcon.colcon_core.package_identification:_identify(src) by extension 'cmake'
[2.743s] Level 1:colcon.colcon_core.package_identification:_identify(src) by extension 'python'
[2.743s] Level 1:colcon.colcon_core.package_identification:_identify(src) by extensions ['python_setup_py']
[2.743s] Level 1:colcon.colcon_core.package_identification:_identify(src) by extension 'python_setup_py'
[2.743s] Level 1:colcon.colcon_core.package_identification:_identify(src/computer_vision) by extensions ['ignore', 'ignore_ament_install']
[2.743s] Level 1:colcon.colcon_core.package_identification:_identify(src/computer_vision) by extension 'ignore'
[2.743s] Level 1:colcon.colcon_core.package_identification:_identify(src/computer_vision) by extension 'ignore_ament_install'
[2.743s] Level 1:colcon.colcon_core.package_identification:_identify(src/computer_vision) by extensions ['colcon_pkg']
[2.743s] Level 1:colcon.colcon_core.package_identification:_identify(src/computer_vision) by extension 'colcon_pkg'
[2.743s] Level 1:colcon.colcon_core.package_identification:_identify(src/computer_vision) by extensions ['colcon_meta']
[2.743s] Level 1:colcon.colcon_core.package_identification:_identify(src/computer_vision) by extension 'colcon_meta'
[2.743s] Level 1:colcon.colcon_core.package_identification:_identify(src/computer_vision) by extensions ['ros']
[2.743s] Level 1:colcon.colcon_core.package_identification:_identify(src/computer_vision) by extension 'ros'
[2.744s] Level 1:colcon.colcon_core.package_identification:_identify(src/computer_vision) by extensions ['cmake', 'python']
[2.744s] Level 1:colcon.colcon_core.package_identification:_identify(src/computer_vision) by extension 'cmake'
[2.744s] Level 1:colcon.colcon_core.package_identification:_identify(src/computer_vision) by extension 'python'
[2.744s] Level 1:colcon.colcon_core.package_identification:_identify(src/computer_vision) by extensions ['python_setup_py']
[2.744s] Level 1:colcon.colcon_core.package_identification:_identify(src/computer_vision) by extension 'python_setup_py'
[2.744s] Level 1:colcon.colcon_core.package_identification:_identify(src/farmbot_autonomous_pkg) by extensions ['ignore', 'ignore_ament_install']
[2.744s] Level 1:colcon.colcon_core.package_identification:_identify(src/farmbot_autonomous_pkg) by extension 'ignore'
[2.744s] Level 1:colcon.colcon_core.package_identification:_identify(src/farmbot_autonomous_pkg) by extension 'ignore_ament_install'
[2.744s] Level 1:colcon.colcon_core.package_identification:_identify(src/farmbot_autonomous_pkg) by extensions ['colcon_pkg']
[2.744s] Level 1:colcon.colcon_core.package_identification:_identify(src/farmbot_autonomous_pkg) by extension 'colcon_pkg'
[2.744s] Level 1:colcon.colcon_core.package_identification:_identify(src/farmbot_autonomous_pkg) by extensions ['colcon_meta']
[2.744s] Level 1:colcon.colcon_core.package_identification:_identify(src/farmbot_autonomous_pkg) by extension 'colcon_meta'
[2.744s] Level 1:colcon.colcon_core.package_identification:_identify(src/farmbot_autonomous_pkg) by extensions ['ros']
[2.744s] Level 1:colcon.colcon_core.package_identification:_identify(src/farmbot_autonomous_pkg) by extension 'ros'
[2.746s] DEBUG:colcon.colcon_core.package_identification:Package 'src/farmbot_autonomous_pkg' with type 'ros.ament_python' and name 'farmbot_autonomous_pkg'
[2.746s] Level 1:colcon.colcon_core.package_discovery:discover_packages(recursive) using defaults
[2.746s] Level 1:colcon.colcon_core.package_discovery:discover_packages(ignore) discover
[2.746s] Level 1:colcon.colcon_core.package_discovery:discover_packages(ignore) using defaults
[2.746s] Level 1:colcon.colcon_core.package_discovery:discover_packages(path) discover
[2.746s] Level 1:colcon.colcon_core.package_discovery:discover_packages(path) using defaults
[2.812s] Level 1:colcon.colcon_core.package_discovery:discover_packages(prefix_path) check parameters
[2.813s] Level 1:colcon.colcon_core.package_discovery:discover_packages(prefix_path) discover
[2.884s] DEBUG:colcon.colcon_installed_package_information.package_discovery:Found 3 installed packages in /home/asgard/farmbot/install
[2.885s] DEBUG:colcon.colcon_installed_package_information.package_discovery:Found 10 installed packages in /home/asgard/husky_ws/install
[2.885s] DEBUG:colcon.colcon_installed_package_information.package_discovery:Found 1 installed packages in /home/asgard/placement/install
[2.887s] DEBUG:colcon.colcon_installed_package_information.package_discovery:Found 453 installed packages in /opt/ros/humble
[2.890s] Level 1:colcon.colcon_core.package_discovery:discover_packages(prefix_path) using defaults
[4.302s] Level 5:colcon.colcon_core.verb:set package 'farmbot_autonomous_pkg' build argument 'cmake_args' from command line to 'None'
[4.302s] Level 5:colcon.colcon_core.verb:set package 'farmbot_autonomous_pkg' build argument 'cmake_target' from command line to 'None'
[4.302s] Level 5:colcon.colcon_core.verb:set package 'farmbot_autonomous_pkg' build argument 'cmake_target_skip_unavailable' from command line to 'False'
[4.302s] Level 5:colcon.colcon_core.verb:set package 'farmbot_autonomous_pkg' build argument 'cmake_clean_cache' from command line to 'False'
[4.302s] Level 5:colcon.colcon_core.verb:set package 'farmbot_autonomous_pkg' build argument 'cmake_clean_first' from command line to 'False'
[4.302s] Level 5:colcon.colcon_core.verb:set package 'farmbot_autonomous_pkg' build argument 'cmake_force_configure' from command line to 'False'
[4.302s] Level 5:colcon.colcon_core.verb:set package 'farmbot_autonomous_pkg' build argument 'ament_cmake_args' from command line to 'None'
[4.302s] Level 5:colcon.colcon_core.verb:set package 'farmbot_autonomous_pkg' build argument 'catkin_cmake_args' from command line to 'None'
[4.302s] Level 5:colcon.colcon_core.verb:set package 'farmbot_autonomous_pkg' build argument 'catkin_skip_building_tests' from command line to 'False'
[4.303s] DEBUG:colcon.colcon_core.verb:Building package 'farmbot_autonomous_pkg' with the following arguments: {'ament_cmake_args': None, 'build_base': '/home/asgard/farmbot/build/farmbot_autonomous_pkg', 'catkin_cmake_args': None, 'catkin_skip_building_tests': False, 'cmake_args': None, 'cmake_clean_cache': False, 'cmake_clean_first': False, 'cmake_force_configure': False, 'cmake_target': None, 'cmake_target_skip_unavailable': False, 'install_base': '/home/asgard/farmbot/install/farmbot_autonomous_pkg', 'merge_install': False, 'path': '/home/asgard/farmbot/src/farmbot_autonomous_pkg', 'symlink_install': False, 'test_result_base': None}
[4.303s] INFO:colcon.colcon_core.executor:Executing jobs using 'parallel' executor
[4.304s] DEBUG:colcon.colcon_parallel_executor.executor.parallel:run_until_complete
[4.304s] INFO:colcon.colcon_ros.task.ament_python.build:Building ROS package in '/home/asgard/farmbot/src/farmbot_autonomous_pkg' with build type 'ament_python'
[4.304s] Level 1:colcon.colcon_core.shell:create_environment_hook('farmbot_autonomous_pkg', 'ament_prefix_path')
[4.340s] INFO:colcon.colcon_core.plugin_system:Skipping extension 'colcon_core.shell.bat': Not used on non-Windows systems
[4.340s] INFO:colcon.colcon_core.shell:Creating environment hook '/home/asgard/farmbot/install/farmbot_autonomous_pkg/share/farmbot_autonomous_pkg/hook/ament_prefix_path.ps1'
[4.353s] INFO:colcon.colcon_core.shell:Creating environment descriptor '/home/asgard/farmbot/install/farmbot_autonomous_pkg/share/farmbot_autonomous_pkg/hook/ament_prefix_path.dsv'
[4.370s] INFO:colcon.colcon_core.shell:Creating environment hook '/home/asgard/farmbot/install/farmbot_autonomous_pkg/share/farmbot_autonomous_pkg/hook/ament_prefix_path.sh'
[4.371s] INFO:colcon.colcon_core.shell:Skip shell extension 'powershell' for command environment: Not usable outside of PowerShell
[4.371s] DEBUG:colcon.colcon_core.shell:Skip shell extension 'dsv' for command environment
[4.694s] INFO:colcon.colcon_core.task.python.build:Building Python package in '/home/asgard/farmbot/src/farmbot_autonomous_pkg'
[4.694s] INFO:colcon.colcon_core.shell:Skip shell extension 'powershell' for command environment: Not usable outside of PowerShell
[4.694s] DEBUG:colcon.colcon_core.shell:Skip shell extension 'dsv' for command environment
[10.305s] DEBUG:colcon.colcon_core.event_handler.log_command:Invoking command in '/home/asgard/farmbot/src/farmbot_autonomous_pkg': PYTHONPATH=/home/asgard/farmbot/build/farmbot_autonomous_pkg/prefix_override:/usr/lib/python3/dist-packages/colcon_core/task/python/colcon_distutils_commands:/home/asgard/farmbot/install/farmbot_autonomous_pkg/lib/python3.10/site-packages:${PYTHONPATH} /usr/bin/python3 -W ignore:setup.py install is deprecated -W ignore:easy_install command is deprecated setup.py egg_info --egg-base ../../build/farmbot_autonomous_pkg build --build-base /home/asgard/farmbot/build/farmbot_autonomous_pkg/build install --record /home/asgard/farmbot/build/farmbot_autonomous_pkg/install.log --single-version-externally-managed install_data
[10.842s] DEBUG:colcon.colcon_core.event_handler.log_command:Invoked command in '/home/asgard/farmbot/src/farmbot_autonomous_pkg' returned '0': PYTHONPATH=/home/asgard/farmbot/build/farmbot_autonomous_pkg/prefix_override:/usr/lib/python3/dist-packages/colcon_core/task/python/colcon_distutils_commands:/home/asgard/farmbot/install/farmbot_autonomous_pkg/lib/python3.10/site-packages:${PYTHONPATH} /usr/bin/python3 -W ignore:setup.py install is deprecated -W ignore:easy_install command is deprecated setup.py egg_info --egg-base ../../build/farmbot_autonomous_pkg build --build-base /home/asgard/farmbot/build/farmbot_autonomous_pkg/build install --record /home/asgard/farmbot/build/farmbot_autonomous_pkg/install.log --single-version-externally-managed install_data
[11.364s] Level 1:colcon.colcon_core.environment:checking '/home/asgard/farmbot/install/farmbot_autonomous_pkg' for CMake module files
[11.366s] Level 1:colcon.colcon_core.environment:checking '/home/asgard/farmbot/install/farmbot_autonomous_pkg' for CMake config files
[11.368s] Level 1:colcon.colcon_core.environment:checking '/home/asgard/farmbot/install/farmbot_autonomous_pkg/lib'
[11.369s] Level 1:colcon.colcon_core.environment:checking '/home/asgard/farmbot/install/farmbot_autonomous_pkg/bin'
[11.369s] Level 1:colcon.colcon_core.environment:checking '/home/asgard/farmbot/install/farmbot_autonomous_pkg/lib/pkgconfig/farmbot_autonomous_pkg.pc'
[11.369s] Level 1:colcon.colcon_core.environment:checking '/home/asgard/farmbot/install/farmbot_autonomous_pkg/lib/python3.10/site-packages'
[11.369s] Level 1:colcon.colcon_core.shell:create_environment_hook('farmbot_autonomous_pkg', 'pythonpath')
[11.369s] INFO:colcon.colcon_core.shell:Creating environment hook '/home/asgard/farmbot/install/farmbot_autonomous_pkg/share/farmbot_autonomous_pkg/hook/pythonpath.ps1'
[11.370s] INFO:colcon.colcon_core.shell:Creating environment descriptor '/home/asgard/farmbot/install/farmbot_autonomous_pkg/share/farmbot_autonomous_pkg/hook/pythonpath.dsv'
[11.370s] INFO:colcon.colcon_core.shell:Creating environment hook '/home/asgard/farmbot/install/farmbot_autonomous_pkg/share/farmbot_autonomous_pkg/hook/pythonpath.sh'
[11.371s] Level 1:colcon.colcon_core.environment:checking '/home/asgard/farmbot/install/farmbot_autonomous_pkg/bin'
[11.371s] Level 1:colcon.colcon_core.environment:create_environment_scripts_only(farmbot_autonomous_pkg)
[11.371s] INFO:colcon.colcon_core.shell:Creating package script '/home/asgard/farmbot/install/farmbot_autonomous_pkg/share/farmbot_autonomous_pkg/package.ps1'
[11.372s] INFO:colcon.colcon_core.shell:Creating package descriptor '/home/asgard/farmbot/install/farmbot_autonomous_pkg/share/farmbot_autonomous_pkg/package.dsv'
[11.399s] INFO:colcon.colcon_core.shell:Creating package script '/home/asgard/farmbot/install/farmbot_autonomous_pkg/share/farmbot_autonomous_pkg/package.sh'
[11.401s] INFO:colcon.colcon_core.shell:Creating package script '/home/asgard/farmbot/install/farmbot_autonomous_pkg/share/farmbot_autonomous_pkg/package.bash'
[11.605s] INFO:colcon.colcon_core.shell:Creating package script '/home/asgard/farmbot/install/farmbot_autonomous_pkg/share/farmbot_autonomous_pkg/package.zsh'
[11.645s] Level 1:colcon.colcon_core.environment:create_file_with_runtime_dependencies(/home/asgard/farmbot/install/farmbot_autonomous_pkg/share/colcon-core/packages/farmbot_autonomous_pkg)
[11.645s] DEBUG:colcon.colcon_parallel_executor.executor.parallel:closing loop
[11.646s] DEBUG:colcon.colcon_parallel_executor.executor.parallel:loop closed
[11.647s] DEBUG:colcon.colcon_parallel_executor.executor.parallel:run_until_complete finished with '0'
[11.647s] DEBUG:colcon.colcon_core.event_reactor:joining thread
[11.823s] INFO:colcon.colcon_core.plugin_system:Skipping extension 'colcon_notification.desktop_notification.terminal_notifier': Not used on non-Darwin systems
[11.823s] INFO:colcon.colcon_core.plugin_system:Skipping extension 'colcon_notification.desktop_notification.win32': Not used on non-Windows systems
[11.823s] INFO:colcon.colcon_notification.desktop_notification:Sending desktop notification using 'notify2'
[11.848s] DEBUG:colcon.colcon_core.event_reactor:joined thread
[11.848s] INFO:colcon.colcon_core.shell:Creating prefix script '/home/asgard/farmbot/install/local_setup.ps1'
[11.850s] INFO:colcon.colcon_core.shell:Creating prefix util module '/home/asgard/farmbot/install/_local_setup_util_ps1.py'
[12.236s] INFO:colcon.colcon_core.shell:Creating prefix chain script '/home/asgard/farmbot/install/setup.ps1'
[12.252s] INFO:colcon.colcon_core.shell:Creating prefix script '/home/asgard/farmbot/install/local_setup.sh'
[12.257s] INFO:colcon.colcon_core.shell:Creating prefix util module '/home/asgard/farmbot/install/_local_setup_util_sh.py'
[12.260s] INFO:colcon.colcon_core.shell:Creating prefix chain script '/home/asgard/farmbot/install/setup.sh'
[12.413s] INFO:colcon.colcon_core.shell:Creating prefix script '/home/asgard/farmbot/install/local_setup.bash'
[12.415s] INFO:colcon.colcon_core.shell:Creating prefix chain script '/home/asgard/farmbot/install/setup.bash'
[12.423s] INFO:colcon.colcon_core.shell:Creating prefix script '/home/asgard/farmbot/install/local_setup.zsh'
[12.425s] INFO:colcon.colcon_core.shell:Creating prefix chain script '/home/asgard/farmbot/install/setup.zsh'
