[3.924s] DEBUG:colcon:Command line arguments: ['/usr/bin/colcon', 'build', '--symlink-install']
[3.925s] DEBUG:colcon:Parsed command line arguments: Namespace(log_base=None, log_level=None, verb_name='build', build_base='build', install_base='install', merge_install=False, symlink_install=True, test_result_base=None, continue_on_error=False, executor='parallel', parallel_workers=12, event_handlers=None, ignore_user_meta=False, metas=['./colcon.meta'], base_paths=['.'], packages_ignore=None, packages_ignore_regex=None, paths=None, packages_up_to=None, packages_up_to_regex=None, packages_above=None, packages_above_and_dependencies=None, packages_above_depth=None, packages_select_by_dep=None, packages_skip_by_dep=None, packages_skip_up_to=None, packages_select_build_failed=False, packages_skip_build_finished=False, packages_select_test_failures=False, packages_skip_test_passed=False, packages_select=None, packages_skip=None, packages_select_regex=None, packages_skip_regex=None, packages_start=None, packages_end=None, allow_overriding=[], cmake_args=None, cmake_target=None, cmake_target_skip_unavailable=False, cmake_clean_cache=False, cmake_clean_first=False, cmake_force_configure=False, ament_cmake_args=None, catkin_cmake_args=None, catkin_skip_building_tests=False, mixin_files=None, mixin=None, verb_parser=<colcon_mixin.mixin.mixin_argument.MixinArgumentDecorator object at 0x752c58f94a30>, verb_extension=<colcon_core.verb.build.BuildVerb object at 0x752c58f94580>, main=<bound method BuildVerb.main of <colcon_core.verb.build.BuildVerb object at 0x752c58f94580>>, mixin_verb=('build',))
[5.986s] Level 1:colcon.colcon_core.package_discovery:discover_packages(colcon_meta) check parameters
[5.987s] Level 1:colcon.colcon_core.package_discovery:discover_packages(recursive) check parameters
[5.987s] Level 1:colcon.colcon_core.package_discovery:discover_packages(ignore) check parameters
[5.987s] Level 1:colcon.colcon_core.package_discovery:discover_packages(path) check parameters
[5.987s] Level 1:colcon.colcon_core.package_discovery:discover_packages(colcon_meta) discover
[5.987s] Level 1:colcon.colcon_core.package_discovery:discover_packages(recursive) discover
[5.988s] INFO:colcon.colcon_core.package_discovery:Crawling recursively for packages in '/home/asgard/farmbot'
[5.988s] Level 1:colcon.colcon_core.package_identification:_identify(.) by extensions ['ignore', 'ignore_ament_install']
[5.989s] Level 1:colcon.colcon_core.package_identification:_identify(.) by extension 'ignore'
[5.989s] Level 1:colcon.colcon_core.package_identification:_identify(.) by extension 'ignore_ament_install'
[5.989s] Level 1:colcon.colcon_core.package_identification:_identify(.) by extensions ['colcon_pkg']
[5.989s] Level 1:colcon.colcon_core.package_identification:_identify(.) by extension 'colcon_pkg'
[5.989s] Level 1:colcon.colcon_core.package_identification:_identify(.) by extensions ['colcon_meta']
[5.990s] Level 1:colcon.colcon_core.package_identification:_identify(.) by extension 'colcon_meta'
[5.990s] Level 1:colcon.colcon_core.package_identification:_identify(.) by extensions ['ros']
[5.990s] Level 1:colcon.colcon_core.package_identification:_identify(.) by extension 'ros'
[6.120s] Level 1:colcon.colcon_core.package_identification:_identify(.) by extensions ['cmake', 'python']
[6.120s] Level 1:colcon.colcon_core.package_identification:_identify(.) by extension 'cmake'
[6.120s] Level 1:colcon.colcon_core.package_identification:_identify(.) by extension 'python'
[6.120s] Level 1:colcon.colcon_core.package_identification:_identify(.) by extensions ['python_setup_py']
[6.120s] Level 1:colcon.colcon_core.package_identification:_identify(.) by extension 'python_setup_py'
[6.120s] Level 1:colcon.colcon_core.package_identification:_identify(build) by extensions ['ignore', 'ignore_ament_install']
[6.121s] Level 1:colcon.colcon_core.package_identification:_identify(build) by extension 'ignore'
[6.121s] Level 1:colcon.colcon_core.package_identification:_identify(build) ignored
[6.121s] Level 1:colcon.colcon_core.package_identification:_identify(install) by extensions ['ignore', 'ignore_ament_install']
[6.121s] Level 1:colcon.colcon_core.package_identification:_identify(install) by extension 'ignore'
[6.121s] Level 1:colcon.colcon_core.package_identification:_identify(install) ignored
[6.121s] Level 1:colcon.colcon_core.package_identification:_identify(log) by extensions ['ignore', 'ignore_ament_install']
[6.121s] Level 1:colcon.colcon_core.package_identification:_identify(log) by extension 'ignore'
[6.121s] Level 1:colcon.colcon_core.package_identification:_identify(log) ignored
[6.122s] Level 1:colcon.colcon_core.package_identification:_identify(src) by extensions ['ignore', 'ignore_ament_install']
[6.122s] Level 1:colcon.colcon_core.package_identification:_identify(src) by extension 'ignore'
[6.122s] Level 1:colcon.colcon_core.package_identification:_identify(src) by extension 'ignore_ament_install'
[6.122s] Level 1:colcon.colcon_core.package_identification:_identify(src) by extensions ['colcon_pkg']
[6.122s] Level 1:colcon.colcon_core.package_identification:_identify(src) by extension 'colcon_pkg'
[6.122s] Level 1:colcon.colcon_core.package_identification:_identify(src) by extensions ['colcon_meta']
[6.122s] Level 1:colcon.colcon_core.package_identification:_identify(src) by extension 'colcon_meta'
[6.122s] Level 1:colcon.colcon_core.package_identification:_identify(src) by extensions ['ros']
[6.122s] Level 1:colcon.colcon_core.package_identification:_identify(src) by extension 'ros'
[6.122s] Level 1:colcon.colcon_core.package_identification:_identify(src) by extensions ['cmake', 'python']
[6.122s] Level 1:colcon.colcon_core.package_identification:_identify(src) by extension 'cmake'
[6.122s] Level 1:colcon.colcon_core.package_identification:_identify(src) by extension 'python'
[6.122s] Level 1:colcon.colcon_core.package_identification:_identify(src) by extensions ['python_setup_py']
[6.122s] Level 1:colcon.colcon_core.package_identification:_identify(src) by extension 'python_setup_py'
[6.123s] Level 1:colcon.colcon_core.package_identification:_identify(src/computer_vision) by extensions ['ignore', 'ignore_ament_install']
[6.123s] Level 1:colcon.colcon_core.package_identification:_identify(src/computer_vision) by extension 'ignore'
[6.123s] Level 1:colcon.colcon_core.package_identification:_identify(src/computer_vision) by extension 'ignore_ament_install'
[6.123s] Level 1:colcon.colcon_core.package_identification:_identify(src/computer_vision) by extensions ['colcon_pkg']
[6.123s] Level 1:colcon.colcon_core.package_identification:_identify(src/computer_vision) by extension 'colcon_pkg'
[6.123s] Level 1:colcon.colcon_core.package_identification:_identify(src/computer_vision) by extensions ['colcon_meta']
[6.123s] Level 1:colcon.colcon_core.package_identification:_identify(src/computer_vision) by extension 'colcon_meta'
[6.123s] Level 1:colcon.colcon_core.package_identification:_identify(src/computer_vision) by extensions ['ros']
[6.123s] Level 1:colcon.colcon_core.package_identification:_identify(src/computer_vision) by extension 'ros'
[6.123s] Level 1:colcon.colcon_core.package_identification:_identify(src/computer_vision) by extensions ['cmake', 'python']
[6.123s] Level 1:colcon.colcon_core.package_identification:_identify(src/computer_vision) by extension 'cmake'
[6.123s] Level 1:colcon.colcon_core.package_identification:_identify(src/computer_vision) by extension 'python'
[6.123s] Level 1:colcon.colcon_core.package_identification:_identify(src/computer_vision) by extensions ['python_setup_py']
[6.123s] Level 1:colcon.colcon_core.package_identification:_identify(src/computer_vision) by extension 'python_setup_py'
[6.124s] Level 1:colcon.colcon_core.package_identification:_identify(src/farmbot_autonomous_pkg) by extensions ['ignore', 'ignore_ament_install']
[6.124s] Level 1:colcon.colcon_core.package_identification:_identify(src/farmbot_autonomous_pkg) by extension 'ignore'
[6.124s] Level 1:colcon.colcon_core.package_identification:_identify(src/farmbot_autonomous_pkg) by extension 'ignore_ament_install'
[6.124s] Level 1:colcon.colcon_core.package_identification:_identify(src/farmbot_autonomous_pkg) by extensions ['colcon_pkg']
[6.124s] Level 1:colcon.colcon_core.package_identification:_identify(src/farmbot_autonomous_pkg) by extension 'colcon_pkg'
[6.124s] Level 1:colcon.colcon_core.package_identification:_identify(src/farmbot_autonomous_pkg) by extensions ['colcon_meta']
[6.124s] Level 1:colcon.colcon_core.package_identification:_identify(src/farmbot_autonomous_pkg) by extension 'colcon_meta'
[6.124s] Level 1:colcon.colcon_core.package_identification:_identify(src/farmbot_autonomous_pkg) by extensions ['ros']
[6.124s] Level 1:colcon.colcon_core.package_identification:_identify(src/farmbot_autonomous_pkg) by extension 'ros'
[6.127s] DEBUG:colcon.colcon_core.package_identification:Package 'src/farmbot_autonomous_pkg' with type 'ros.ament_python' and name 'farmbot_autonomous_pkg'
[6.127s] Level 1:colcon.colcon_core.package_identification:_identify(src/gps_publisher_ros2humble) by extensions ['ignore', 'ignore_ament_install']
[6.127s] Level 1:colcon.colcon_core.package_identification:_identify(src/gps_publisher_ros2humble) by extension 'ignore'
[6.127s] Level 1:colcon.colcon_core.package_identification:_identify(src/gps_publisher_ros2humble) by extension 'ignore_ament_install'
[6.127s] Level 1:colcon.colcon_core.package_identification:_identify(src/gps_publisher_ros2humble) by extensions ['colcon_pkg']
[6.127s] Level 1:colcon.colcon_core.package_identification:_identify(src/gps_publisher_ros2humble) by extension 'colcon_pkg'
[6.127s] Level 1:colcon.colcon_core.package_identification:_identify(src/gps_publisher_ros2humble) by extensions ['colcon_meta']
[6.128s] Level 1:colcon.colcon_core.package_identification:_identify(src/gps_publisher_ros2humble) by extension 'colcon_meta'
[6.128s] Level 1:colcon.colcon_core.package_identification:_identify(src/gps_publisher_ros2humble) by extensions ['ros']
[6.128s] Level 1:colcon.colcon_core.package_identification:_identify(src/gps_publisher_ros2humble) by extension 'ros'
[6.129s] DEBUG:colcon.colcon_core.package_identification:Package 'src/gps_publisher_ros2humble' with type 'ros.ament_cmake' and name 'ros_pospac_bridge'
[6.153s] Level 1:colcon.colcon_core.package_identification:_identify(videos) by extensions ['ignore', 'ignore_ament_install']
[6.153s] Level 1:colcon.colcon_core.package_identification:_identify(videos) by extension 'ignore'
[6.153s] Level 1:colcon.colcon_core.package_identification:_identify(videos) by extension 'ignore_ament_install'
[6.153s] Level 1:colcon.colcon_core.package_identification:_identify(videos) by extensions ['colcon_pkg']
[6.153s] Level 1:colcon.colcon_core.package_identification:_identify(videos) by extension 'colcon_pkg'
[6.153s] Level 1:colcon.colcon_core.package_identification:_identify(videos) by extensions ['colcon_meta']
[6.153s] Level 1:colcon.colcon_core.package_identification:_identify(videos) by extension 'colcon_meta'
[6.153s] Level 1:colcon.colcon_core.package_identification:_identify(videos) by extensions ['ros']
[6.153s] Level 1:colcon.colcon_core.package_identification:_identify(videos) by extension 'ros'
[6.153s] Level 1:colcon.colcon_core.package_identification:_identify(videos) by extensions ['cmake', 'python']
[6.153s] Level 1:colcon.colcon_core.package_identification:_identify(videos) by extension 'cmake'
[6.153s] Level 1:colcon.colcon_core.package_identification:_identify(videos) by extension 'python'
[6.153s] Level 1:colcon.colcon_core.package_identification:_identify(videos) by extensions ['python_setup_py']
[6.153s] Level 1:colcon.colcon_core.package_identification:_identify(videos) by extension 'python_setup_py'
[6.154s] Level 1:colcon.colcon_core.package_discovery:discover_packages(recursive) using defaults
[6.154s] Level 1:colcon.colcon_core.package_discovery:discover_packages(ignore) discover
[6.154s] Level 1:colcon.colcon_core.package_discovery:discover_packages(ignore) using defaults
[6.154s] Level 1:colcon.colcon_core.package_discovery:discover_packages(path) discover
[6.154s] Level 1:colcon.colcon_core.package_discovery:discover_packages(path) using defaults
[6.242s] Level 1:colcon.colcon_core.package_discovery:discover_packages(prefix_path) check parameters
[6.242s] Level 1:colcon.colcon_core.package_discovery:discover_packages(prefix_path) discover
[6.584s] DEBUG:colcon.colcon_installed_package_information.package_discovery:Found 4 installed packages in /home/asgard/farmbot/install
[6.586s] DEBUG:colcon.colcon_installed_package_information.package_discovery:Found 1 installed packages in /home/asgard/placement/install
[6.588s] DEBUG:colcon.colcon_installed_package_information.package_discovery:Found 10 installed packages in /home/asgard/husky_ws/install
[6.597s] DEBUG:colcon.colcon_installed_package_information.package_discovery:Found 440 installed packages in /opt/ros/humble
[6.607s] Level 1:colcon.colcon_core.package_discovery:discover_packages(prefix_path) using defaults
[7.138s] Level 5:colcon.colcon_core.verb:set package 'farmbot_autonomous_pkg' build argument 'cmake_args' from command line to 'None'
[7.138s] Level 5:colcon.colcon_core.verb:set package 'farmbot_autonomous_pkg' build argument 'cmake_target' from command line to 'None'
[7.138s] Level 5:colcon.colcon_core.verb:set package 'farmbot_autonomous_pkg' build argument 'cmake_target_skip_unavailable' from command line to 'False'
[7.138s] Level 5:colcon.colcon_core.verb:set package 'farmbot_autonomous_pkg' build argument 'cmake_clean_cache' from command line to 'False'
[7.138s] Level 5:colcon.colcon_core.verb:set package 'farmbot_autonomous_pkg' build argument 'cmake_clean_first' from command line to 'False'
[7.138s] Level 5:colcon.colcon_core.verb:set package 'farmbot_autonomous_pkg' build argument 'cmake_force_configure' from command line to 'False'
[7.138s] Level 5:colcon.colcon_core.verb:set package 'farmbot_autonomous_pkg' build argument 'ament_cmake_args' from command line to 'None'
[7.138s] Level 5:colcon.colcon_core.verb:set package 'farmbot_autonomous_pkg' build argument 'catkin_cmake_args' from command line to 'None'
[7.138s] Level 5:colcon.colcon_core.verb:set package 'farmbot_autonomous_pkg' build argument 'catkin_skip_building_tests' from command line to 'False'
[7.138s] DEBUG:colcon.colcon_core.verb:Building package 'farmbot_autonomous_pkg' with the following arguments: {'ament_cmake_args': None, 'build_base': '/home/asgard/farmbot/build/farmbot_autonomous_pkg', 'catkin_cmake_args': None, 'catkin_skip_building_tests': False, 'cmake_args': None, 'cmake_clean_cache': False, 'cmake_clean_first': False, 'cmake_force_configure': False, 'cmake_target': None, 'cmake_target_skip_unavailable': False, 'install_base': '/home/asgard/farmbot/install/farmbot_autonomous_pkg', 'merge_install': False, 'path': '/home/asgard/farmbot/src/farmbot_autonomous_pkg', 'symlink_install': True, 'test_result_base': None}
[7.138s] Level 5:colcon.colcon_core.verb:set package 'ros_pospac_bridge' build argument 'cmake_args' from command line to 'None'
[7.139s] Level 5:colcon.colcon_core.verb:set package 'ros_pospac_bridge' build argument 'cmake_target' from command line to 'None'
[7.139s] Level 5:colcon.colcon_core.verb:set package 'ros_pospac_bridge' build argument 'cmake_target_skip_unavailable' from command line to 'False'
[7.139s] Level 5:colcon.colcon_core.verb:set package 'ros_pospac_bridge' build argument 'cmake_clean_cache' from command line to 'False'
[7.139s] Level 5:colcon.colcon_core.verb:set package 'ros_pospac_bridge' build argument 'cmake_clean_first' from command line to 'False'
[7.139s] Level 5:colcon.colcon_core.verb:set package 'ros_pospac_bridge' build argument 'cmake_force_configure' from command line to 'False'
[7.139s] Level 5:colcon.colcon_core.verb:set package 'ros_pospac_bridge' build argument 'ament_cmake_args' from command line to 'None'
[7.139s] Level 5:colcon.colcon_core.verb:set package 'ros_pospac_bridge' build argument 'catkin_cmake_args' from command line to 'None'
[7.139s] Level 5:colcon.colcon_core.verb:set package 'ros_pospac_bridge' build argument 'catkin_skip_building_tests' from command line to 'False'
[7.139s] DEBUG:colcon.colcon_core.verb:Building package 'ros_pospac_bridge' with the following arguments: {'ament_cmake_args': None, 'build_base': '/home/asgard/farmbot/build/ros_pospac_bridge', 'catkin_cmake_args': None, 'catkin_skip_building_tests': False, 'cmake_args': None, 'cmake_clean_cache': False, 'cmake_clean_first': False, 'cmake_force_configure': False, 'cmake_target': None, 'cmake_target_skip_unavailable': False, 'install_base': '/home/asgard/farmbot/install/ros_pospac_bridge', 'merge_install': False, 'path': '/home/asgard/farmbot/src/gps_publisher_ros2humble', 'symlink_install': True, 'test_result_base': None}
[7.139s] INFO:colcon.colcon_core.executor:Executing jobs using 'parallel' executor
[7.140s] DEBUG:colcon.colcon_parallel_executor.executor.parallel:run_until_complete
[7.140s] INFO:colcon.colcon_ros.task.ament_python.build:Building ROS package in '/home/asgard/farmbot/src/farmbot_autonomous_pkg' with build type 'ament_python'
[7.140s] Level 1:colcon.colcon_core.shell:create_environment_hook('farmbot_autonomous_pkg', 'ament_prefix_path')
[7.197s] INFO:colcon.colcon_core.plugin_system:Skipping extension 'colcon_core.shell.bat': Not used on non-Windows systems
[7.197s] INFO:colcon.colcon_core.shell:Creating environment hook '/home/asgard/farmbot/install/farmbot_autonomous_pkg/share/farmbot_autonomous_pkg/hook/ament_prefix_path.ps1'
[7.202s] INFO:colcon.colcon_core.shell:Creating environment descriptor '/home/asgard/farmbot/install/farmbot_autonomous_pkg/share/farmbot_autonomous_pkg/hook/ament_prefix_path.dsv'
[7.219s] INFO:colcon.colcon_core.shell:Creating environment hook '/home/asgard/farmbot/install/farmbot_autonomous_pkg/share/farmbot_autonomous_pkg/hook/ament_prefix_path.sh'
[7.220s] INFO:colcon.colcon_core.shell:Skip shell extension 'powershell' for command environment: Not usable outside of PowerShell
[7.221s] DEBUG:colcon.colcon_core.shell:Skip shell extension 'dsv' for command environment
[7.236s] INFO:colcon.colcon_ros.task.ament_cmake.build:Building ROS package in '/home/asgard/farmbot/src/gps_publisher_ros2humble' with build type 'ament_cmake'
[7.236s] INFO:colcon.colcon_cmake.task.cmake.build:Building CMake package in '/home/asgard/farmbot/src/gps_publisher_ros2humble'
[7.236s] INFO:colcon.colcon_core.shell:Skip shell extension 'powershell' for command environment: Not usable outside of PowerShell
[7.237s] DEBUG:colcon.colcon_core.shell:Skip shell extension 'dsv' for command environment
[7.601s] INFO:colcon.colcon_core.task.python.build:Building Python package in '/home/asgard/farmbot/src/farmbot_autonomous_pkg'
[7.601s] INFO:colcon.colcon_core.shell:Skip shell extension 'powershell' for command environment: Not usable outside of PowerShell
[7.601s] DEBUG:colcon.colcon_core.shell:Skip shell extension 'dsv' for command environment
[7.670s] DEBUG:colcon.colcon_core.event_handler.log_command:Invoking command in '/home/asgard/farmbot/build/ros_pospac_bridge': CMAKE_PREFIX_PATH=${CMAKE_PREFIX_PATH}:/home/asgard/farmbot/install/farmbot_autonomous_pkg:/home/asgard/placement/install/self_driving_car_pkg:/opt/ros/humble /usr/bin/cmake --build /home/asgard/farmbot/build/ros_pospac_bridge -- -j12 -l12
[8.563s] DEBUG:colcon.colcon_core.event_handler.log_command:Invoked command in '/home/asgard/farmbot/build/ros_pospac_bridge' returned '0': CMAKE_PREFIX_PATH=${CMAKE_PREFIX_PATH}:/home/asgard/farmbot/install/farmbot_autonomous_pkg:/home/asgard/placement/install/self_driving_car_pkg:/opt/ros/humble /usr/bin/cmake --build /home/asgard/farmbot/build/ros_pospac_bridge -- -j12 -l12
[8.636s] DEBUG:colcon.colcon_core.event_handler.log_command:Invoking command in '/home/asgard/farmbot/build/ros_pospac_bridge': CMAKE_PREFIX_PATH=${CMAKE_PREFIX_PATH}:/home/asgard/farmbot/install/farmbot_autonomous_pkg:/home/asgard/placement/install/self_driving_car_pkg:/opt/ros/humble /usr/bin/cmake --install /home/asgard/farmbot/build/ros_pospac_bridge
[9.053s] Level 1:colcon.colcon_core.environment:create_environment_scripts_only(ros_pospac_bridge)
[9.054s] DEBUG:colcon.colcon_core.event_handler.log_command:Invoked command in '/home/asgard/farmbot/build/ros_pospac_bridge' returned '0': CMAKE_PREFIX_PATH=${CMAKE_PREFIX_PATH}:/home/asgard/farmbot/install/farmbot_autonomous_pkg:/home/asgard/placement/install/self_driving_car_pkg:/opt/ros/humble /usr/bin/cmake --install /home/asgard/farmbot/build/ros_pospac_bridge
[9.266s] Level 1:colcon.colcon_core.environment:checking '/home/asgard/farmbot/install/ros_pospac_bridge' for CMake module files
[9.285s] Level 1:colcon.colcon_core.environment:checking '/home/asgard/farmbot/install/ros_pospac_bridge' for CMake config files
[9.348s] Level 1:colcon.colcon_core.shell:create_environment_hook('ros_pospac_bridge', 'cmake_prefix_path')
[9.349s] INFO:colcon.colcon_core.shell:Creating environment hook '/home/asgard/farmbot/install/ros_pospac_bridge/share/ros_pospac_bridge/hook/cmake_prefix_path.ps1'
[9.351s] INFO:colcon.colcon_core.shell:Creating environment descriptor '/home/asgard/farmbot/install/ros_pospac_bridge/share/ros_pospac_bridge/hook/cmake_prefix_path.dsv'
[9.353s] INFO:colcon.colcon_core.shell:Creating environment hook '/home/asgard/farmbot/install/ros_pospac_bridge/share/ros_pospac_bridge/hook/cmake_prefix_path.sh'
[9.355s] Level 1:colcon.colcon_core.environment:checking '/home/asgard/farmbot/install/ros_pospac_bridge/lib'
[9.356s] Level 1:colcon.colcon_core.environment:checking '/home/asgard/farmbot/install/ros_pospac_bridge/bin'
[9.356s] Level 1:colcon.colcon_core.environment:checking '/home/asgard/farmbot/install/ros_pospac_bridge/lib/pkgconfig/ros_pospac_bridge.pc'
[9.358s] Level 1:colcon.colcon_core.environment:checking '/home/asgard/farmbot/install/ros_pospac_bridge/lib/python3.10/site-packages'
[9.358s] Level 1:colcon.colcon_core.environment:checking '/home/asgard/farmbot/install/ros_pospac_bridge/bin'
[9.360s] INFO:colcon.colcon_core.shell:Creating package script '/home/asgard/farmbot/install/ros_pospac_bridge/share/ros_pospac_bridge/package.ps1'
[9.364s] INFO:colcon.colcon_core.shell:Creating package descriptor '/home/asgard/farmbot/install/ros_pospac_bridge/share/ros_pospac_bridge/package.dsv'
[9.384s] INFO:colcon.colcon_core.shell:Creating package script '/home/asgard/farmbot/install/ros_pospac_bridge/share/ros_pospac_bridge/package.sh'
[9.388s] INFO:colcon.colcon_core.shell:Creating package script '/home/asgard/farmbot/install/ros_pospac_bridge/share/ros_pospac_bridge/package.bash'
[9.419s] INFO:colcon.colcon_core.shell:Creating package script '/home/asgard/farmbot/install/ros_pospac_bridge/share/ros_pospac_bridge/package.zsh'
[9.423s] Level 1:colcon.colcon_core.environment:create_file_with_runtime_dependencies(/home/asgard/farmbot/install/ros_pospac_bridge/share/colcon-core/packages/ros_pospac_bridge)
[9.453s] Level 1:colcon.colcon_core.environment:create_environment_scripts_only(ros_pospac_bridge)
[9.454s] Level 1:colcon.colcon_core.environment:checking '/home/asgard/farmbot/install/ros_pospac_bridge' for CMake module files
[9.456s] Level 1:colcon.colcon_core.environment:checking '/home/asgard/farmbot/install/ros_pospac_bridge' for CMake config files
[9.457s] Level 1:colcon.colcon_core.shell:create_environment_hook('ros_pospac_bridge', 'cmake_prefix_path')
[9.458s] INFO:colcon.colcon_core.shell:Creating environment hook '/home/asgard/farmbot/install/ros_pospac_bridge/share/ros_pospac_bridge/hook/cmake_prefix_path.ps1'
[9.460s] INFO:colcon.colcon_core.shell:Creating environment descriptor '/home/asgard/farmbot/install/ros_pospac_bridge/share/ros_pospac_bridge/hook/cmake_prefix_path.dsv'
[9.461s] INFO:colcon.colcon_core.shell:Creating environment hook '/home/asgard/farmbot/install/ros_pospac_bridge/share/ros_pospac_bridge/hook/cmake_prefix_path.sh'
[9.463s] Level 1:colcon.colcon_core.environment:checking '/home/asgard/farmbot/install/ros_pospac_bridge/lib'
[9.464s] Level 1:colcon.colcon_core.environment:checking '/home/asgard/farmbot/install/ros_pospac_bridge/bin'
[9.464s] Level 1:colcon.colcon_core.environment:checking '/home/asgard/farmbot/install/ros_pospac_bridge/lib/pkgconfig/ros_pospac_bridge.pc'
[9.465s] Level 1:colcon.colcon_core.environment:checking '/home/asgard/farmbot/install/ros_pospac_bridge/lib/python3.10/site-packages'
[9.466s] Level 1:colcon.colcon_core.environment:checking '/home/asgard/farmbot/install/ros_pospac_bridge/bin'
[9.467s] INFO:colcon.colcon_core.shell:Creating package script '/home/asgard/farmbot/install/ros_pospac_bridge/share/ros_pospac_bridge/package.ps1'
[9.469s] INFO:colcon.colcon_core.shell:Creating package descriptor '/home/asgard/farmbot/install/ros_pospac_bridge/share/ros_pospac_bridge/package.dsv'
[9.471s] INFO:colcon.colcon_core.shell:Creating package script '/home/asgard/farmbot/install/ros_pospac_bridge/share/ros_pospac_bridge/package.sh'
[9.472s] INFO:colcon.colcon_core.shell:Creating package script '/home/asgard/farmbot/install/ros_pospac_bridge/share/ros_pospac_bridge/package.bash'
[9.474s] INFO:colcon.colcon_core.shell:Creating package script '/home/asgard/farmbot/install/ros_pospac_bridge/share/ros_pospac_bridge/package.zsh'
[9.475s] Level 1:colcon.colcon_core.environment:create_file_with_runtime_dependencies(/home/asgard/farmbot/install/ros_pospac_bridge/share/colcon-core/packages/ros_pospac_bridge)
[11.014s] DEBUG:colcon.colcon_core.event_handler.log_command:Invoking command in '/home/asgard/farmbot/build/farmbot_autonomous_pkg': PYTHONPATH=/home/asgard/farmbot/build/farmbot_autonomous_pkg/prefix_override:/usr/lib/python3/dist-packages/colcon_core/task/python/colcon_distutils_commands:/home/asgard/farmbot/install/farmbot_autonomous_pkg/lib/python3.10/site-packages:${PYTHONPATH} /usr/bin/python3 -W ignore:setup.py install is deprecated -W ignore:easy_install command is deprecated setup.py develop --editable --build-directory /home/asgard/farmbot/build/farmbot_autonomous_pkg/build --no-deps symlink_data
[11.901s] Level 1:colcon.colcon_core.shell:create_environment_hook('farmbot_autonomous_pkg', 'pythonpath_develop')
[11.901s] INFO:colcon.colcon_core.shell:Creating environment hook '/home/asgard/farmbot/build/farmbot_autonomous_pkg/share/farmbot_autonomous_pkg/hook/pythonpath_develop.ps1'
[11.902s] DEBUG:colcon.colcon_core.event_handler.log_command:Invoked command in '/home/asgard/farmbot/build/farmbot_autonomous_pkg' returned '0': PYTHONPATH=/home/asgard/farmbot/build/farmbot_autonomous_pkg/prefix_override:/usr/lib/python3/dist-packages/colcon_core/task/python/colcon_distutils_commands:/home/asgard/farmbot/install/farmbot_autonomous_pkg/lib/python3.10/site-packages:${PYTHONPATH} /usr/bin/python3 -W ignore:setup.py install is deprecated -W ignore:easy_install command is deprecated setup.py develop --editable --build-directory /home/asgard/farmbot/build/farmbot_autonomous_pkg/build --no-deps symlink_data
[11.993s] INFO:colcon.colcon_core.shell:Creating environment descriptor '/home/asgard/farmbot/build/farmbot_autonomous_pkg/share/farmbot_autonomous_pkg/hook/pythonpath_develop.dsv'
[11.994s] INFO:colcon.colcon_core.shell:Creating environment hook '/home/asgard/farmbot/build/farmbot_autonomous_pkg/share/farmbot_autonomous_pkg/hook/pythonpath_develop.sh'
[11.997s] Level 1:colcon.colcon_core.environment:checking '/home/asgard/farmbot/install/farmbot_autonomous_pkg' for CMake module files
[12.035s] Level 1:colcon.colcon_core.environment:checking '/home/asgard/farmbot/install/farmbot_autonomous_pkg' for CMake config files
[12.224s] Level 1:colcon.colcon_core.environment:checking '/home/asgard/farmbot/install/farmbot_autonomous_pkg/lib'
[12.224s] Level 1:colcon.colcon_core.environment:checking '/home/asgard/farmbot/install/farmbot_autonomous_pkg/bin'
[12.224s] Level 1:colcon.colcon_core.environment:checking '/home/asgard/farmbot/install/farmbot_autonomous_pkg/lib/pkgconfig/farmbot_autonomous_pkg.pc'
[12.225s] Level 1:colcon.colcon_core.environment:checking '/home/asgard/farmbot/install/farmbot_autonomous_pkg/lib/python3.10/site-packages'
[12.226s] Level 1:colcon.colcon_core.shell:create_environment_hook('farmbot_autonomous_pkg', 'pythonpath')
[12.227s] INFO:colcon.colcon_core.shell:Creating environment hook '/home/asgard/farmbot/install/farmbot_autonomous_pkg/share/farmbot_autonomous_pkg/hook/pythonpath.ps1'
[12.228s] INFO:colcon.colcon_core.shell:Creating environment descriptor '/home/asgard/farmbot/install/farmbot_autonomous_pkg/share/farmbot_autonomous_pkg/hook/pythonpath.dsv'
[12.229s] INFO:colcon.colcon_core.shell:Creating environment hook '/home/asgard/farmbot/install/farmbot_autonomous_pkg/share/farmbot_autonomous_pkg/hook/pythonpath.sh'
[12.232s] Level 1:colcon.colcon_core.environment:checking '/home/asgard/farmbot/install/farmbot_autonomous_pkg/bin'
[12.232s] Level 1:colcon.colcon_core.environment:create_environment_scripts_only(farmbot_autonomous_pkg)
[12.233s] INFO:colcon.colcon_core.shell:Creating package script '/home/asgard/farmbot/install/farmbot_autonomous_pkg/share/farmbot_autonomous_pkg/package.ps1'
[12.235s] INFO:colcon.colcon_core.shell:Creating package descriptor '/home/asgard/farmbot/install/farmbot_autonomous_pkg/share/farmbot_autonomous_pkg/package.dsv'
[12.237s] INFO:colcon.colcon_core.shell:Creating package script '/home/asgard/farmbot/install/farmbot_autonomous_pkg/share/farmbot_autonomous_pkg/package.sh'
[12.238s] INFO:colcon.colcon_core.shell:Creating package script '/home/asgard/farmbot/install/farmbot_autonomous_pkg/share/farmbot_autonomous_pkg/package.bash'
[12.240s] INFO:colcon.colcon_core.shell:Creating package script '/home/asgard/farmbot/install/farmbot_autonomous_pkg/share/farmbot_autonomous_pkg/package.zsh'
[12.241s] Level 1:colcon.colcon_core.environment:create_file_with_runtime_dependencies(/home/asgard/farmbot/install/farmbot_autonomous_pkg/share/colcon-core/packages/farmbot_autonomous_pkg)
[12.242s] DEBUG:colcon.colcon_parallel_executor.executor.parallel:closing loop
[12.243s] DEBUG:colcon.colcon_parallel_executor.executor.parallel:loop closed
[12.243s] DEBUG:colcon.colcon_parallel_executor.executor.parallel:run_until_complete finished with '0'
[12.243s] DEBUG:colcon.colcon_core.event_reactor:joining thread
[12.482s] INFO:colcon.colcon_core.plugin_system:Skipping extension 'colcon_notification.desktop_notification.terminal_notifier': Not used on non-Darwin systems
[12.483s] INFO:colcon.colcon_core.plugin_system:Skipping extension 'colcon_notification.desktop_notification.win32': Not used on non-Windows systems
[12.483s] INFO:colcon.colcon_notification.desktop_notification:Sending desktop notification using 'notify2'
[12.508s] DEBUG:colcon.colcon_core.event_reactor:joined thread
[12.509s] INFO:colcon.colcon_core.shell:Creating prefix script '/home/asgard/farmbot/install/local_setup.ps1'
[12.510s] INFO:colcon.colcon_core.shell:Creating prefix util module '/home/asgard/farmbot/install/_local_setup_util_ps1.py'
[12.512s] INFO:colcon.colcon_core.shell:Creating prefix chain script '/home/asgard/farmbot/install/setup.ps1'
[12.516s] INFO:colcon.colcon_core.shell:Creating prefix script '/home/asgard/farmbot/install/local_setup.sh'
[12.519s] INFO:colcon.colcon_core.shell:Creating prefix util module '/home/asgard/farmbot/install/_local_setup_util_sh.py'
[12.521s] INFO:colcon.colcon_core.shell:Creating prefix chain script '/home/asgard/farmbot/install/setup.sh'
[12.528s] INFO:colcon.colcon_core.shell:Creating prefix script '/home/asgard/farmbot/install/local_setup.bash'
[12.541s] INFO:colcon.colcon_core.shell:Creating prefix chain script '/home/asgard/farmbot/install/setup.bash'
[12.549s] INFO:colcon.colcon_core.shell:Creating prefix script '/home/asgard/farmbot/install/local_setup.zsh'
[12.551s] INFO:colcon.colcon_core.shell:Creating prefix chain script '/home/asgard/farmbot/install/setup.zsh'
