[0.433s] Invoking command in '/home/asgard/farmbot/build/ros_pospac_bridge': CMAKE_PREFIX_PATH=${CMAKE_PREFIX_PATH}:/home/asgard/farmbot/install/farmbot_autonomous_pkg:/home/asgard/placement/install/self_driving_car_pkg:/opt/ros/humble /usr/bin/cmake --build /home/asgard/farmbot/build/ros_pospac_bridge -- -j12 -l12
[1.316s] [100%] Built target ros_pospac_bridge
[1.326s] Invoked command in '/home/asgard/farmbot/build/ros_pospac_bridge' returned '0': CMAKE_PREFIX_PATH=${CMAKE_PREFIX_PATH}:/home/asgard/farmbot/install/farmbot_autonomous_pkg:/home/asgard/placement/install/self_driving_car_pkg:/opt/ros/humble /usr/bin/cmake --build /home/asgard/farmbot/build/ros_pospac_bridge -- -j12 -l12
[1.399s] Invoking command in '/home/asgard/farmbot/build/ros_pospac_bridge': CMAKE_PREFIX_PATH=${CMAKE_PREFIX_PATH}:/home/asgard/farmbot/install/farmbot_autonomous_pkg:/home/asgard/placement/install/self_driving_car_pkg:/opt/ros/humble /usr/bin/cmake --install /home/asgard/farmbot/build/ros_pospac_bridge
[1.411s] -- Install configuration: ""
[1.487s] -- Execute custom install script
[1.536s] -- Up-to-date symlink: /home/asgard/farmbot/install/ros_pospac_bridge/lib/ros_pospac_bridge/ros_pospac_bridge
[1.552s] -- Up-to-date symlink: /home/asgard/farmbot/install/ros_pospac_bridge/share/ros_pospac_bridge/launch/ros_pospac_bridge.launch.xml
[1.559s] -- Up-to-date symlink: /home/asgard/farmbot/install/ros_pospac_bridge/share/ros_pospac_bridge/config/ros_pospac_bridge.config.yaml
[1.578s] -- Up-to-date symlink: /home/asgard/farmbot/install/ros_pospac_bridge/include/ros_pospac_bridge/ros_pospac_bridge.hpp
[1.583s] -- Up-to-date symlink: /home/asgard/farmbot/install/ros_pospac_bridge/share/ros_pospac_bridge/launch/ros_pospac_bridge.launch.xml
[1.584s] -- Up-to-date symlink: /home/asgard/farmbot/install/ros_pospac_bridge/share/ros_pospac_bridge/config/ros_pospac_bridge.config.yaml
[1.585s] -- Up-to-date symlink: /home/asgard/farmbot/install/ros_pospac_bridge/share/ament_index/resource_index/package_run_dependencies/ros_pospac_bridge
[1.586s] -- Up-to-date symlink: /home/asgard/farmbot/install/ros_pospac_bridge/share/ament_index/resource_index/parent_prefix_path/ros_pospac_bridge
[1.587s] -- Up-to-date symlink: /home/asgard/farmbot/install/ros_pospac_bridge/share/ros_pospac_bridge/environment/ament_prefix_path.sh
[1.588s] -- Up-to-date symlink: /home/asgard/farmbot/install/ros_pospac_bridge/share/ros_pospac_bridge/environment/ament_prefix_path.dsv
[1.589s] -- Up-to-date symlink: /home/asgard/farmbot/install/ros_pospac_bridge/share/ros_pospac_bridge/environment/path.sh
[1.590s] -- Up-to-date symlink: /home/asgard/farmbot/install/ros_pospac_bridge/share/ros_pospac_bridge/environment/path.dsv
[1.591s] -- Up-to-date symlink: /home/asgard/farmbot/install/ros_pospac_bridge/share/ros_pospac_bridge/local_setup.bash
[1.592s] -- Up-to-date symlink: /home/asgard/farmbot/install/ros_pospac_bridge/share/ros_pospac_bridge/local_setup.sh
[1.594s] -- Up-to-date symlink: /home/asgard/farmbot/install/ros_pospac_bridge/share/ros_pospac_bridge/local_setup.zsh
[1.595s] -- Up-to-date symlink: /home/asgard/farmbot/install/ros_pospac_bridge/share/ros_pospac_bridge/local_setup.dsv
[1.595s] -- Symlinking: /home/asgard/farmbot/install/ros_pospac_bridge/share/ros_pospac_bridge/package.dsv
[1.814s] -- Up-to-date symlink: /home/asgard/farmbot/install/ros_pospac_bridge/share/ament_index/resource_index/packages/ros_pospac_bridge
[1.814s] -- Up-to-date symlink: /home/asgard/farmbot/install/ros_pospac_bridge/share/ros_pospac_bridge/cmake/ament_cmake_export_dependencies-extras.cmake
[1.814s] -- Up-to-date symlink: /home/asgard/farmbot/install/ros_pospac_bridge/share/ros_pospac_bridge/cmake/ament_cmake_export_include_directories-extras.cmake
[1.814s] -- Up-to-date symlink: /home/asgard/farmbot/install/ros_pospac_bridge/share/ros_pospac_bridge/cmake/ros_pospac_bridgeConfig.cmake
[1.815s] -- Up-to-date symlink: /home/asgard/farmbot/install/ros_pospac_bridge/share/ros_pospac_bridge/cmake/ros_pospac_bridgeConfig-version.cmake
[1.815s] -- Up-to-date symlink: /home/asgard/farmbot/install/ros_pospac_bridge/share/ros_pospac_bridge/package.xml
[1.817s] Invoked command in '/home/asgard/farmbot/build/ros_pospac_bridge' returned '0': CMAKE_PREFIX_PATH=${CMAKE_PREFIX_PATH}:/home/asgard/farmbot/install/farmbot_autonomous_pkg:/home/asgard/placement/install/self_driving_car_pkg:/opt/ros/humble /usr/bin/cmake --install /home/asgard/farmbot/build/ros_pospac_bridge
