[0.120s] DEBUG:colcon:Command line arguments: ['/usr/bin/colcon', 'list', '-p', '--base-paths', '/home/asgard/farmbot']
[0.120s] DEBUG:colcon:Parsed command line arguments: Namespace(log_base=None, log_level=None, verb_name='list', build_base='build', ignore_user_meta=False, metas=['./colcon.meta'], base_paths=['/home/asgard/farmbot'], packages_ignore=None, packages_ignore_regex=None, paths=None, packages_up_to=None, packages_up_to_regex=None, packages_above=None, packages_above_and_dependencies=None, packages_above_depth=None, packages_select_by_dep=None, packages_skip_by_dep=None, packages_skip_up_to=None, packages_select_build_failed=False, packages_skip_build_finished=False, packages_select_test_failures=False, packages_skip_test_passed=False, packages_select=None, packages_skip=None, packages_select_regex=None, packages_skip_regex=None, packages_start=None, packages_end=None, allow_overriding=[], topological_order=False, names_only=False, paths_only=True, topological_graph=False, topological_graph_dot=False, topological_graph_density=False, topological_graph_legend=False, topological_graph_dot_cluster=False, topological_graph_dot_include_skipped=False, mixin_files=None, mixin=None, verb_parser=<colcon_mixin.mixin.mixin_argument.MixinArgumentDecorator object at 0x7d5bffc90be0>, verb_extension=<colcon_package_information.verb.list.ListVerb object at 0x7d5bffc90490>, main=<bound method ListVerb.main of <colcon_package_information.verb.list.ListVerb object at 0x7d5bffc90490>>, mixin_verb=('list',))
[0.353s] Level 1:colcon.colcon_core.package_discovery:discover_packages(colcon_meta) check parameters
[0.353s] Level 1:colcon.colcon_core.package_discovery:discover_packages(recursive) check parameters
[0.353s] Level 1:colcon.colcon_core.package_discovery:discover_packages(ignore) check parameters
[0.353s] Level 1:colcon.colcon_core.package_discovery:discover_packages(path) check parameters
[0.353s] Level 1:colcon.colcon_core.package_discovery:discover_packages(recursive) discover
[0.353s] INFO:colcon.colcon_core.package_discovery:Crawling recursively for packages in '/home/asgard/farmbot'
[0.353s] Level 1:colcon.colcon_core.package_identification:_identify(/home/asgard/farmbot) by extensions ['ignore', 'ignore_ament_install']
[0.353s] Level 1:colcon.colcon_core.package_identification:_identify(/home/asgard/farmbot) by extension 'ignore'
[0.354s] Level 1:colcon.colcon_core.package_identification:_identify(/home/asgard/farmbot) by extension 'ignore_ament_install'
[0.354s] Level 1:colcon.colcon_core.package_identification:_identify(/home/asgard/farmbot) by extensions ['colcon_pkg']
[0.354s] Level 1:colcon.colcon_core.package_identification:_identify(/home/asgard/farmbot) by extension 'colcon_pkg'
[0.354s] Level 1:colcon.colcon_core.package_identification:_identify(/home/asgard/farmbot) by extensions ['colcon_meta']
[0.354s] Level 1:colcon.colcon_core.package_identification:_identify(/home/asgard/farmbot) by extension 'colcon_meta'
[0.354s] Level 1:colcon.colcon_core.package_identification:_identify(/home/asgard/farmbot) by extensions ['ros']
[0.354s] Level 1:colcon.colcon_core.package_identification:_identify(/home/asgard/farmbot) by extension 'ros'
[0.366s] Level 1:colcon.colcon_core.package_identification:_identify(/home/asgard/farmbot) by extensions ['cmake', 'python']
[0.366s] Level 1:colcon.colcon_core.package_identification:_identify(/home/asgard/farmbot) by extension 'cmake'
[0.366s] Level 1:colcon.colcon_core.package_identification:_identify(/home/asgard/farmbot) by extension 'python'
[0.366s] Level 1:colcon.colcon_core.package_identification:_identify(/home/asgard/farmbot) by extensions ['python_setup_py']
[0.366s] Level 1:colcon.colcon_core.package_identification:_identify(/home/asgard/farmbot) by extension 'python_setup_py'
[0.366s] Level 1:colcon.colcon_core.package_identification:_identify(/home/asgard/farmbot/build) by extensions ['ignore', 'ignore_ament_install']
[0.366s] Level 1:colcon.colcon_core.package_identification:_identify(/home/asgard/farmbot/build) by extension 'ignore'
[0.366s] Level 1:colcon.colcon_core.package_identification:_identify(/home/asgard/farmbot/build) ignored
[0.366s] Level 1:colcon.colcon_core.package_identification:_identify(/home/asgard/farmbot/install) by extensions ['ignore', 'ignore_ament_install']
[0.366s] Level 1:colcon.colcon_core.package_identification:_identify(/home/asgard/farmbot/install) by extension 'ignore'
[0.366s] Level 1:colcon.colcon_core.package_identification:_identify(/home/asgard/farmbot/install) ignored
[0.367s] Level 1:colcon.colcon_core.package_identification:_identify(/home/asgard/farmbot/log) by extensions ['ignore', 'ignore_ament_install']
[0.367s] Level 1:colcon.colcon_core.package_identification:_identify(/home/asgard/farmbot/log) by extension 'ignore'
[0.367s] Level 1:colcon.colcon_core.package_identification:_identify(/home/asgard/farmbot/log) ignored
[0.367s] Level 1:colcon.colcon_core.package_identification:_identify(/home/asgard/farmbot/src) by extensions ['ignore', 'ignore_ament_install']
[0.367s] Level 1:colcon.colcon_core.package_identification:_identify(/home/asgard/farmbot/src) by extension 'ignore'
[0.367s] Level 1:colcon.colcon_core.package_identification:_identify(/home/asgard/farmbot/src) by extension 'ignore_ament_install'
[0.367s] Level 1:colcon.colcon_core.package_identification:_identify(/home/asgard/farmbot/src) by extensions ['colcon_pkg']
[0.367s] Level 1:colcon.colcon_core.package_identification:_identify(/home/asgard/farmbot/src) by extension 'colcon_pkg'
[0.367s] Level 1:colcon.colcon_core.package_identification:_identify(/home/asgard/farmbot/src) by extensions ['colcon_meta']
[0.367s] Level 1:colcon.colcon_core.package_identification:_identify(/home/asgard/farmbot/src) by extension 'colcon_meta'
[0.367s] Level 1:colcon.colcon_core.package_identification:_identify(/home/asgard/farmbot/src) by extensions ['ros']
[0.367s] Level 1:colcon.colcon_core.package_identification:_identify(/home/asgard/farmbot/src) by extension 'ros'
[0.367s] Level 1:colcon.colcon_core.package_identification:_identify(/home/asgard/farmbot/src) by extensions ['cmake', 'python']
[0.367s] Level 1:colcon.colcon_core.package_identification:_identify(/home/asgard/farmbot/src) by extension 'cmake'
[0.367s] Level 1:colcon.colcon_core.package_identification:_identify(/home/asgard/farmbot/src) by extension 'python'
[0.367s] Level 1:colcon.colcon_core.package_identification:_identify(/home/asgard/farmbot/src) by extensions ['python_setup_py']
[0.367s] Level 1:colcon.colcon_core.package_identification:_identify(/home/asgard/farmbot/src) by extension 'python_setup_py'
[0.368s] Level 1:colcon.colcon_core.package_identification:_identify(/home/asgard/farmbot/src/computer_vision) by extensions ['ignore', 'ignore_ament_install']
[0.368s] Level 1:colcon.colcon_core.package_identification:_identify(/home/asgard/farmbot/src/computer_vision) by extension 'ignore'
[0.368s] Level 1:colcon.colcon_core.package_identification:_identify(/home/asgard/farmbot/src/computer_vision) by extension 'ignore_ament_install'
[0.368s] Level 1:colcon.colcon_core.package_identification:_identify(/home/asgard/farmbot/src/computer_vision) by extensions ['colcon_pkg']
[0.368s] Level 1:colcon.colcon_core.package_identification:_identify(/home/asgard/farmbot/src/computer_vision) by extension 'colcon_pkg'
[0.368s] Level 1:colcon.colcon_core.package_identification:_identify(/home/asgard/farmbot/src/computer_vision) by extensions ['colcon_meta']
[0.368s] Level 1:colcon.colcon_core.package_identification:_identify(/home/asgard/farmbot/src/computer_vision) by extension 'colcon_meta'
[0.368s] Level 1:colcon.colcon_core.package_identification:_identify(/home/asgard/farmbot/src/computer_vision) by extensions ['ros']
[0.368s] Level 1:colcon.colcon_core.package_identification:_identify(/home/asgard/farmbot/src/computer_vision) by extension 'ros'
[0.368s] Level 1:colcon.colcon_core.package_identification:_identify(/home/asgard/farmbot/src/computer_vision) by extensions ['cmake', 'python']
[0.368s] Level 1:colcon.colcon_core.package_identification:_identify(/home/asgard/farmbot/src/computer_vision) by extension 'cmake'
[0.368s] Level 1:colcon.colcon_core.package_identification:_identify(/home/asgard/farmbot/src/computer_vision) by extension 'python'
[0.368s] Level 1:colcon.colcon_core.package_identification:_identify(/home/asgard/farmbot/src/computer_vision) by extensions ['python_setup_py']
[0.368s] Level 1:colcon.colcon_core.package_identification:_identify(/home/asgard/farmbot/src/computer_vision) by extension 'python_setup_py'
[0.368s] Level 1:colcon.colcon_core.package_identification:_identify(/home/asgard/farmbot/src/farmbot_autonomous_pkg) by extensions ['ignore', 'ignore_ament_install']
[0.368s] Level 1:colcon.colcon_core.package_identification:_identify(/home/asgard/farmbot/src/farmbot_autonomous_pkg) by extension 'ignore'
[0.369s] Level 1:colcon.colcon_core.package_identification:_identify(/home/asgard/farmbot/src/farmbot_autonomous_pkg) by extension 'ignore_ament_install'
[0.369s] Level 1:colcon.colcon_core.package_identification:_identify(/home/asgard/farmbot/src/farmbot_autonomous_pkg) by extensions ['colcon_pkg']
[0.369s] Level 1:colcon.colcon_core.package_identification:_identify(/home/asgard/farmbot/src/farmbot_autonomous_pkg) by extension 'colcon_pkg'
[0.369s] Level 1:colcon.colcon_core.package_identification:_identify(/home/asgard/farmbot/src/farmbot_autonomous_pkg) by extensions ['colcon_meta']
[0.369s] Level 1:colcon.colcon_core.package_identification:_identify(/home/asgard/farmbot/src/farmbot_autonomous_pkg) by extension 'colcon_meta'
[0.369s] Level 1:colcon.colcon_core.package_identification:_identify(/home/asgard/farmbot/src/farmbot_autonomous_pkg) by extensions ['ros']
[0.369s] Level 1:colcon.colcon_core.package_identification:_identify(/home/asgard/farmbot/src/farmbot_autonomous_pkg) by extension 'ros'
[0.371s] DEBUG:colcon.colcon_core.package_identification:Package '/home/asgard/farmbot/src/farmbot_autonomous_pkg' with type 'ros.ament_python' and name 'farmbot_autonomous_pkg'
[0.371s] Level 1:colcon.colcon_core.package_discovery:discover_packages(recursive) using defaults
