[6.001s] Invoking command in '/home/asgard/farmbot/src/farmbot_autonomous_pkg': PYTHONPATH=/home/asgard/farmbot/build/farmbot_autonomous_pkg/prefix_override:/usr/lib/python3/dist-packages/colcon_core/task/python/colcon_distutils_commands:/home/asgard/farmbot/install/farmbot_autonomous_pkg/lib/python3.10/site-packages:${PYTHONPATH} /usr/bin/python3 -W ignore:setup.py install is deprecated -W ignore:easy_install command is deprecated setup.py egg_info --egg-base ../../build/farmbot_autonomous_pkg build --build-base /home/asgard/farmbot/build/farmbot_autonomous_pkg/build install --record /home/asgard/farmbot/build/farmbot_autonomous_pkg/install.log --single-version-externally-managed install_data
[6.467s] running egg_info
[6.468s] writing ../../build/farmbot_autonomous_pkg/farmbot_autonomous_pkg.egg-info/PKG-INFO
[6.469s] writing dependency_links to ../../build/farmbot_autonomous_pkg/farmbot_autonomous_pkg.egg-info/dependency_links.txt
[6.469s] writing entry points to ../../build/farmbot_autonomous_pkg/farmbot_autonomous_pkg.egg-info/entry_points.txt
[6.469s] writing requirements to ../../build/farmbot_autonomous_pkg/farmbot_autonomous_pkg.egg-info/requires.txt
[6.470s] writing top-level names to ../../build/farmbot_autonomous_pkg/farmbot_autonomous_pkg.egg-info/top_level.txt
[6.471s] reading manifest file '../../build/farmbot_autonomous_pkg/farmbot_autonomous_pkg.egg-info/SOURCES.txt'
[6.485s] writing manifest file '../../build/farmbot_autonomous_pkg/farmbot_autonomous_pkg.egg-info/SOURCES.txt'
[6.486s] running build
[6.486s] running build_py
[6.486s] copying farmbot_autonomous_pkg/vis_odem_node.py -> /home/asgard/farmbot/build/farmbot_autonomous_pkg/build/lib/farmbot_autonomous_pkg
[6.487s] running install
[6.487s] running install_lib
[6.488s] copying /home/asgard/farmbot/build/farmbot_autonomous_pkg/build/lib/farmbot_autonomous_pkg/vis_odem_node.py -> /home/asgard/farmbot/install/farmbot_autonomous_pkg/lib/python3.10/site-packages/farmbot_autonomous_pkg
[6.489s] byte-compiling /home/asgard/farmbot/install/farmbot_autonomous_pkg/lib/python3.10/site-packages/farmbot_autonomous_pkg/vis_odem_node.py to vis_odem_node.cpython-310.pyc
[6.489s] running install_data
[6.494s] running install_egg_info
[6.495s] removing '/home/asgard/farmbot/install/farmbot_autonomous_pkg/lib/python3.10/site-packages/farmbot_autonomous_pkg-0.0.0-py3.10.egg-info' (and everything under it)
[6.496s] Copying ../../build/farmbot_autonomous_pkg/farmbot_autonomous_pkg.egg-info to /home/asgard/farmbot/install/farmbot_autonomous_pkg/lib/python3.10/site-packages/farmbot_autonomous_pkg-0.0.0-py3.10.egg-info
[6.497s] running install_scripts
[6.517s] Installing vis_odem_node script to /home/asgard/farmbot/install/farmbot_autonomous_pkg/lib/farmbot_autonomous_pkg
[6.517s] Installing vision_node script to /home/asgard/farmbot/install/farmbot_autonomous_pkg/lib/farmbot_autonomous_pkg
[6.518s] writing list of installed files to '/home/asgard/farmbot/build/farmbot_autonomous_pkg/install.log'
[6.538s] Invoked command in '/home/asgard/farmbot/src/farmbot_autonomous_pkg' returned '0': PYTHONPATH=/home/asgard/farmbot/build/farmbot_autonomous_pkg/prefix_override:/usr/lib/python3/dist-packages/colcon_core/task/python/colcon_distutils_commands:/home/asgard/farmbot/install/farmbot_autonomous_pkg/lib/python3.10/site-packages:${PYTHONPATH} /usr/bin/python3 -W ignore:setup.py install is deprecated -W ignore:easy_install command is deprecated setup.py egg_info --egg-base ../../build/farmbot_autonomous_pkg build --build-base /home/asgard/farmbot/build/farmbot_autonomous_pkg/build install --record /home/asgard/farmbot/build/farmbot_autonomous_pkg/install.log --single-version-externally-managed install_data
